<?xml version="1.0" encoding="UTF-8"?>
<testsuite xmlns:xsi="http://www.w3.org/2001/XMLSchema-instance" xsi:noNamespaceSchemaLocation="https://maven.apache.org/surefire/maven-surefire-plugin/xsd/surefire-test-report-3.0.xsd" version="3.0" name="bloodbank.entity.TestCRUDDonationRecord" time="1.236" tests="9" errors="0" skipped="0" failures="0">
  <properties>
    <property name="java.specification.version" value="17"/>
    <property name="sun.cpu.isalist" value="amd64"/>
    <property name="sun.jnu.encoding" value="Cp1252"/>
    <property name="java.class.path" value="C:\Users\kevin\Desktop\deng\Level 4\CST8277\Assignment3\BloodBank-JPA-Mapping-JUnit-Skeleton\BloodBank-JPA-Mapping-JUnit-Skeleton\target\test-classes;C:\Users\kevin\Desktop\deng\Level 4\CST8277\Assignment3\BloodBank-JPA-Mapping-JUnit-Skeleton\BloodBank-JPA-Mapping-JUnit-Skeleton\target\classes;C:\Users\kevin\.m2\repository\org\apache\logging\log4j\log4j-api\2.17.1\log4j-api-2.17.1.jar;C:\Users\kevin\.m2\repository\org\apache\logging\log4j\log4j-core\2.17.1\log4j-core-2.17.1.jar;C:\Users\kevin\.m2\repository\jakarta\annotation\jakarta.annotation-api\1.3.5\jakarta.annotation-api-1.3.5.jar;C:\Users\kevin\.m2\repository\jakarta\persistence\jakarta.persistence-api\2.2.3\jakarta.persistence-api-2.2.3.jar;C:\Users\kevin\.m2\repository\org\hibernate\hibernate-entitymanager\5.6.3.Final\hibernate-entitymanager-5.6.3.Final.jar;C:\Users\kevin\.m2\repository\org\jboss\logging\jboss-logging\3.4.2.Final\jboss-logging-3.4.2.Final.jar;C:\Users\kevin\.m2\repository\org\hibernate\hibernate-core\5.6.3.Final\hibernate-core-5.6.3.Final.jar;C:\Users\kevin\.m2\repository\antlr\antlr\2.7.7\antlr-2.7.7.jar;C:\Users\kevin\.m2\repository\org\jboss\jandex\2.2.3.Final\jandex-2.2.3.Final.jar;C:\Users\kevin\.m2\repository\com\fasterxml\classmate\1.5.1\classmate-1.5.1.jar;C:\Users\kevin\.m2\repository\javax\activation\javax.activation-api\1.2.0\javax.activation-api-1.2.0.jar;C:\Users\kevin\.m2\repository\javax\xml\bind\jaxb-api\2.3.1\jaxb-api-2.3.1.jar;C:\Users\kevin\.m2\repository\org\glassfish\jaxb\jaxb-runtime\2.3.1\jaxb-runtime-2.3.1.jar;C:\Users\kevin\.m2\repository\org\glassfish\jaxb\txw2\2.3.1\txw2-2.3.1.jar;C:\Users\kevin\.m2\repository\com\sun\istack\istack-commons-runtime\3.0.7\istack-commons-runtime-3.0.7.jar;C:\Users\kevin\.m2\repository\org\jvnet\staxex\stax-ex\1.8\stax-ex-1.8.jar;C:\Users\kevin\.m2\repository\com\sun\xml\fastinfoset\FastInfoset\1.2.15\FastInfoset-1.2.15.jar;C:\Users\kevin\.m2\repository\org\hibernate\common\hibernate-commons-annotations\5.1.2.Final\hibernate-commons-annotations-5.1.2.Final.jar;C:\Users\kevin\.m2\repository\net\bytebuddy\byte-buddy\1.11.20\byte-buddy-1.11.20.jar;C:\Users\kevin\.m2\repository\org\jboss\spec\javax\transaction\jboss-transaction-api_1.2_spec\1.1.1.Final\jboss-transaction-api_1.2_spec-1.1.1.Final.jar;C:\Users\kevin\.m2\repository\mysql\mysql-connector-java\8.0.27\mysql-connector-java-8.0.27.jar;C:\Users\kevin\.m2\repository\com\google\protobuf\protobuf-java\3.11.4\protobuf-java-3.11.4.jar;C:\Users\kevin\.m2\repository\org\junit\jupiter\junit-jupiter\5.7.0\junit-jupiter-5.7.0.jar;C:\Users\kevin\.m2\repository\org\junit\jupiter\junit-jupiter-api\5.7.0\junit-jupiter-api-5.7.0.jar;C:\Users\kevin\.m2\repository\org\apiguardian\apiguardian-api\1.1.0\apiguardian-api-1.1.0.jar;C:\Users\kevin\.m2\repository\org\opentest4j\opentest4j\1.2.0\opentest4j-1.2.0.jar;C:\Users\kevin\.m2\repository\org\junit\platform\junit-platform-commons\1.7.0\junit-platform-commons-1.7.0.jar;C:\Users\kevin\.m2\repository\org\junit\jupiter\junit-jupiter-params\5.7.0\junit-jupiter-params-5.7.0.jar;C:\Users\kevin\.m2\repository\org\junit\jupiter\junit-jupiter-engine\5.7.0\junit-jupiter-engine-5.7.0.jar;C:\Users\kevin\.m2\repository\org\junit\platform\junit-platform-engine\1.7.0\junit-platform-engine-1.7.0.jar;C:\Users\kevin\.m2\repository\org\hamcrest\hamcrest\2.2\hamcrest-2.2.jar;C:\Users\kevin\.m2\repository\org\hamcrest\hamcrest-library\2.2\hamcrest-library-2.2.jar;C:\Users\kevin\.m2\repository\org\hamcrest\hamcrest-core\2.2\hamcrest-core-2.2.jar;"/>
    <property name="java.vm.vendor" value="Eclipse Adoptium"/>
    <property name="sun.arch.data.model" value="64"/>
    <property name="user.variant" value=""/>
    <property name="java.vendor.url" value="https://adoptium.net/"/>
    <property name="user.timezone" value="America/Toronto"/>
    <property name="os.name" value="Windows 10"/>
    <property name="java.vm.specification.version" value="17"/>
    <property name="sun.java.launcher" value="SUN_STANDARD"/>
    <property name="user.country" value="CA"/>
    <property name="sun.boot.library.path" value="C:\Adoptium\jdk17-0.1.12-hotspot\bin"/>
    <property name="sun.java.command" value="C:\Users\kevin\AppData\Local\Temp\surefire472324800828534326\surefirebooter687320195887806516.jar C:\Users\kevin\AppData\Local\Temp\surefire472324800828534326 2022-03-27T10-53-32_586-jvmRun1 surefire3517409420412631431tmp surefire_012318515674531368410tmp"/>
    <property name="jdk.debug" value="release"/>
    <property name="surefire.test.class.path" value="C:\Users\kevin\Desktop\deng\Level 4\CST8277\Assignment3\BloodBank-JPA-Mapping-JUnit-Skeleton\BloodBank-JPA-Mapping-JUnit-Skeleton\target\test-classes;C:\Users\kevin\Desktop\deng\Level 4\CST8277\Assignment3\BloodBank-JPA-Mapping-JUnit-Skeleton\BloodBank-JPA-Mapping-JUnit-Skeleton\target\classes;C:\Users\kevin\.m2\repository\org\apache\logging\log4j\log4j-api\2.17.1\log4j-api-2.17.1.jar;C:\Users\kevin\.m2\repository\org\apache\logging\log4j\log4j-core\2.17.1\log4j-core-2.17.1.jar;C:\Users\kevin\.m2\repository\jakarta\annotation\jakarta.annotation-api\1.3.5\jakarta.annotation-api-1.3.5.jar;C:\Users\kevin\.m2\repository\jakarta\persistence\jakarta.persistence-api\2.2.3\jakarta.persistence-api-2.2.3.jar;C:\Users\kevin\.m2\repository\org\hibernate\hibernate-entitymanager\5.6.3.Final\hibernate-entitymanager-5.6.3.Final.jar;C:\Users\kevin\.m2\repository\org\jboss\logging\jboss-logging\3.4.2.Final\jboss-logging-3.4.2.Final.jar;C:\Users\kevin\.m2\repository\org\hibernate\hibernate-core\5.6.3.Final\hibernate-core-5.6.3.Final.jar;C:\Users\kevin\.m2\repository\antlr\antlr\2.7.7\antlr-2.7.7.jar;C:\Users\kevin\.m2\repository\org\jboss\jandex\2.2.3.Final\jandex-2.2.3.Final.jar;C:\Users\kevin\.m2\repository\com\fasterxml\classmate\1.5.1\classmate-1.5.1.jar;C:\Users\kevin\.m2\repository\javax\activation\javax.activation-api\1.2.0\javax.activation-api-1.2.0.jar;C:\Users\kevin\.m2\repository\javax\xml\bind\jaxb-api\2.3.1\jaxb-api-2.3.1.jar;C:\Users\kevin\.m2\repository\org\glassfish\jaxb\jaxb-runtime\2.3.1\jaxb-runtime-2.3.1.jar;C:\Users\kevin\.m2\repository\org\glassfish\jaxb\txw2\2.3.1\txw2-2.3.1.jar;C:\Users\kevin\.m2\repository\com\sun\istack\istack-commons-runtime\3.0.7\istack-commons-runtime-3.0.7.jar;C:\Users\kevin\.m2\repository\org\jvnet\staxex\stax-ex\1.8\stax-ex-1.8.jar;C:\Users\kevin\.m2\repository\com\sun\xml\fastinfoset\FastInfoset\1.2.15\FastInfoset-1.2.15.jar;C:\Users\kevin\.m2\repository\org\hibernate\common\hibernate-commons-annotations\5.1.2.Final\hibernate-commons-annotations-5.1.2.Final.jar;C:\Users\kevin\.m2\repository\net\bytebuddy\byte-buddy\1.11.20\byte-buddy-1.11.20.jar;C:\Users\kevin\.m2\repository\org\jboss\spec\javax\transaction\jboss-transaction-api_1.2_spec\1.1.1.Final\jboss-transaction-api_1.2_spec-1.1.1.Final.jar;C:\Users\kevin\.m2\repository\mysql\mysql-connector-java\8.0.27\mysql-connector-java-8.0.27.jar;C:\Users\kevin\.m2\repository\com\google\protobuf\protobuf-java\3.11.4\protobuf-java-3.11.4.jar;C:\Users\kevin\.m2\repository\org\junit\jupiter\junit-jupiter\5.7.0\junit-jupiter-5.7.0.jar;C:\Users\kevin\.m2\repository\org\junit\jupiter\junit-jupiter-api\5.7.0\junit-jupiter-api-5.7.0.jar;C:\Users\kevin\.m2\repository\org\apiguardian\apiguardian-api\1.1.0\apiguardian-api-1.1.0.jar;C:\Users\kevin\.m2\repository\org\opentest4j\opentest4j\1.2.0\opentest4j-1.2.0.jar;C:\Users\kevin\.m2\repository\org\junit\platform\junit-platform-commons\1.7.0\junit-platform-commons-1.7.0.jar;C:\Users\kevin\.m2\repository\org\junit\jupiter\junit-jupiter-params\5.7.0\junit-jupiter-params-5.7.0.jar;C:\Users\kevin\.m2\repository\org\junit\jupiter\junit-jupiter-engine\5.7.0\junit-jupiter-engine-5.7.0.jar;C:\Users\kevin\.m2\repository\org\junit\platform\junit-platform-engine\1.7.0\junit-platform-engine-1.7.0.jar;C:\Users\kevin\.m2\repository\org\hamcrest\hamcrest\2.2\hamcrest-2.2.jar;C:\Users\kevin\.m2\repository\org\hamcrest\hamcrest-library\2.2\hamcrest-library-2.2.jar;C:\Users\kevin\.m2\repository\org\hamcrest\hamcrest-core\2.2\hamcrest-core-2.2.jar;"/>
    <property name="sun.cpu.endian" value="little"/>
    <property name="user.home" value="C:\Users\kevin"/>
    <property name="user.language" value="en"/>
    <property name="java.specification.vendor" value="Oracle Corporation"/>
    <property name="java.version.date" value="2021-10-19"/>
    <property name="generateReports" value="false"/>
    <property name="java.home" value="C:\Adoptium\jdk17-0.1.12-hotspot"/>
    <property name="file.separator" value="\"/>
    <property name="basedir" value="C:\Users\kevin\Desktop\deng\Level 4\CST8277\Assignment3\BloodBank-JPA-Mapping-JUnit-Skeleton\BloodBank-JPA-Mapping-JUnit-Skeleton"/>
    <property name="java.vm.compressedOopsMode" value="32-bit"/>
    <property name="line.separator" value="&#10;"/>
    <property name="java.vm.specification.vendor" value="Oracle Corporation"/>
    <property name="java.specification.name" value="Java Platform API Specification"/>
    <property name="surefire.real.class.path" value="C:\Users\kevin\AppData\Local\Temp\surefire472324800828534326\surefirebooter687320195887806516.jar"/>
    <property name="user.script" value=""/>
    <property name="sun.management.compiler" value="HotSpot 64-Bit Tiered Compilers"/>
    <property name="java.runtime.version" value="17.0.1+12"/>
    <property name="user.name" value="kevin"/>
    <property name="path.separator" value=";"/>
    <property name="os.version" value="10.0"/>
    <property name="java.runtime.name" value="OpenJDK Runtime Environment"/>
    <property name="file.encoding" value="Cp1252"/>
    <property name="java.vm.name" value="OpenJDK 64-Bit Server VM"/>
    <property name="java.vendor.version" value="Temurin-17.0.1+12"/>
    <property name="localRepository" value="C:\Users\kevin\.m2\repository"/>
    <property name="java.vendor.url.bug" value="https://github.com/adoptium/adoptium-support/issues"/>
    <property name="java.io.tmpdir" value="C:\Users\kevin\AppData\Local\Temp\"/>
    <property name="java.version" value="17.0.1"/>
    <property name="user.dir" value="C:\Users\kevin\Desktop\deng\Level 4\CST8277\Assignment3\BloodBank-JPA-Mapping-JUnit-Skeleton\BloodBank-JPA-Mapping-JUnit-Skeleton"/>
    <property name="os.arch" value="amd64"/>
    <property name="java.vm.specification.name" value="Java Virtual Machine Specification"/>
    <property name="sun.os.patch.level" value=""/>
    <property name="native.encoding" value="Cp1252"/>
    <property name="java.library.path" value="C:\Adoptium\jdk17-0.1.12-hotspot\bin;C:\WINDOWS\Sun\Java\bin;C:\WINDOWS\system32;C:\WINDOWS;C:/Adoptium/jdk17-0.1.12-hotspot/bin/server;C:/Adoptium/jdk17-0.1.12-hotspot/bin;C:\Python310\Scripts\;C:\Python310\;C:\app\kevin\product\12.1.0\dbhome_2\bin;C:\app\kevin\product\12.1.0\dbhome_1\bin;C:\Adoptium\jdk17-0.1.12-hotspot\bin;C:\Program Files\AdoptOpenJDK\jdk-11.0.9.101-hotspot\bin;C:\app\kevin\product\11.2.0\dbhome_1\bin;%JAVA_HOME%\bin;C:\Python38\Scripts\;C:\Python38\;C:\Program Files (x86)\Common Files\Oracle\Java\javapath;C:\Program Files\Microsoft MPI\Bin\;C:\WINDOWS\system32;C:\WINDOWS;C:\WINDOWS\System32\Wbem;C:\WINDOWS\System32\WindowsPowerShell\v1.0\;C:\Program Files (x86)\Microsoft ASP.NET\ASP.NET Web Pages\v1.0\;C:\Program Files (x86)\IVI Foundation\VISA\WinNT\Bin\;C:\Program Files\IVI Foundation\VISA\Win64\Bin\;C:\Program Files (x86)\IVI Foundation\VISA\WinNT\Bin;C:\Program Files\Microsoft SQL Server\130\Tools\Binn\;C:\Program Files (x86)\Microsoft SQL Server\130\Tools\Binn\;C:\Program Files\Microsoft SQL Server\Client SDK\ODBC\130\Tools\Binn\;C:\Program Files\Microsoft SQL Server\130\DTS\Binn\;%JAVA_HOME%\bin\;C:\ProgramData\chocolatey\bin;C:\Program Files\Java\jdk1.8.0_152\bin;C:\WINDOWS\System32\OpenSSH\;C:\Program Files\Git\cmd;C:\Program Files\PuTTY\;C:\Program Files\Microsoft VS Code\bin;C:\Program Files (x86)\Vim\vim81;C:\Program Files (x86)\pgmodeler;C:\Program Files (x86)\Microsoft SQL Server\140\Tools\Binn\;C:\Program Files\Microsoft SQL Server\140\Tools\Binn\;C:\Program Files (x86)\Microsoft SQL Server\140\DTS\Binn\;C:\Program Files\Microsoft SQL Server\140\DTS\Binn\;C:\Program Files\javafx-sdk-11.0.2\bin;C:\Program Files\nodejs\;C:\Program Files\MongoDB\Server\5.0\bin\mongodb-database-tools-windows-x86_64-100.5.2\bin;C:\Users\kevin\AppData\Local\Microsoft\WindowsApps;C:\Program Files\nodejs;C:\Program Files\JetBrains\WebStorm 2018.3.3\bin;;C:\Program Files\JetBrains\IntelliJ IDEA 2019.1.3\bin;;C:\Program Files\JetBrains\PyCharm 2019.2.1\bin;;C:\wamp\bin\php\php7.4.9;C:\Users\kevin\AppData\Roaming\npm;C:\Users\kevin\22w-cst8277-eclipse\eclipse;;."/>
    <property name="java.vm.info" value="mixed mode, sharing"/>
    <property name="java.vendor" value="Eclipse Adoptium"/>
    <property name="java.vm.version" value="17.0.1+12"/>
    <property name="sun.io.unicode.encoding" value="UnicodeLittle"/>
    <property name="java.class.version" value="61.0"/>
  </properties>
  <testcase name="test01_Empty" classname="bloodbank.entity.TestCRUDDonationRecord" time="0.003">
    <system-out><![CDATA[2022-03-27T10:53:40,533|[WARN ] pooling -HHH10001002: Using Hibernate built-in connection pool (not for production use!)
2022-03-27T10:53:40,750|[DEBUG] SQL -
    
    use bloodbank
2022-03-27T10:53:40,751|[DEBUG] SQL -
    
    SET FOREIGN_KEY_CHECKS=0
2022-03-27T10:53:40,751|[DEBUG] SQL -
    
    TRUNCATE TABLE bloodbank.address
2022-03-27T10:53:40,899|[DEBUG] SQL -
    
    TRUNCATE TABLE bloodbank.blood_bank
2022-03-27T10:53:41,023|[DEBUG] SQL -
    
    TRUNCATE TABLE bloodbank.blood_donation
2022-03-27T10:53:41,063|[DEBUG] SQL -
    
    TRUNCATE TABLE bloodbank.contact
2022-03-27T10:53:41,292|[DEBUG] SQL -
    
    TRUNCATE TABLE bloodbank.donation_record
2022-03-27T10:53:41,416|[DEBUG] SQL -
    
    TRUNCATE TABLE bloodbank.person
2022-03-27T10:53:41,469|[DEBUG] SQL -
    
    TRUNCATE TABLE bloodbank.phone
2022-03-27T10:53:41,507|[DEBUG] SQL -
    
    SET FOREIGN_KEY_CHECKS=1
2022-03-27T10:53:41,510|[DEBUG] SQL -CREATE SCHEMA IF NOT EXISTS `bloodbank` DEFAULT CHARACTER SET utf8mb4
2022-03-27T10:53:41,513|[DEBUG] SQL -
    
    USE `bloodbank`
2022-03-27T10:53:41,514|[DEBUG] SQL -
    
    CREATE TABLE IF NOT EXISTS `person` (
          `id` INT NOT NULL AUTO_INCREMENT,
          `first_name` VARCHAR(50) NOT NULL,
          `last_name` VARCHAR(50) NOT NULL,
          `created` DATETIME NULL,
          `updated` DATETIME NULL,
          `version` BIGINT NOT NULL DEFAULT 1,
          PRIMARY KEY (`id`) 
    )
2022-03-27T10:53:41,518|[DEBUG] SQL -
    
    CREATE TABLE IF NOT EXISTS `blood_bank` (
          `bank_id` INT NOT NULL AUTO_INCREMENT,
          `name` VARCHAR(100) NOT NULL,
          `privately_owned` BIT(1) NOT NULL,
          `created` DATETIME NULL,
          `updated` DATETIME NULL,
          `version` BIGINT NOT NULL DEFAULT 1,
          PRIMARY KEY (`bank_id`),
          UNIQUE INDEX `name_UNIQUE` (`name` ASC) VISIBLE 
    )
2022-03-27T10:53:41,521|[DEBUG] SQL -
    
    CREATE TABLE IF NOT EXISTS `blood_donation` (
          `donation_id` INT NOT NULL AUTO_INCREMENT,
          `bank_id` INT NOT NULL,
          `milliliters` INT NOT NULL,
          `blood_group` CHAR(2) NOT NULL,
          `rhd` BIT(1) NOT NULL,
          `created` DATETIME NULL,
          `updated` DATETIME NULL,
          `version` BIGINT NOT NULL DEFAULT 1,
          PRIMARY KEY (`donation_id`),
          INDEX `fk_blood_donation_blood_bank1_idx` (`bank_id` ASC) VISIBLE,
          CONSTRAINT `fk_blood_donation_blood_bank1`     FOREIGN KEY (`bank_id`) REFERENCES `blood_bank` (`bank_id`) ON DELETE NO ACTION ON UPDATE NO ACTION 
    )
2022-03-27T10:53:41,524|[DEBUG] SQL -
    
    CREATE TABLE IF NOT EXISTS `donation_record` (
          `record_id` INT NOT NULL AUTO_INCREMENT,
          `person_id` INT NOT NULL,
          `donation_id` INT NULL,
          `tested` BIT(1) NOT NULL,
          `created` DATETIME NULL,
          `updated` DATETIME NULL,
          `version` BIGINT NOT NULL DEFAULT 1,
          INDEX `fk_donation_record_person1_idx` (`person_id` ASC) VISIBLE,
          INDEX `fk_donation_record_blood_donation1_idx` (`donation_id` ASC) VISIBLE,
          UNIQUE INDEX `record_id_UNIQUE` (`record_id` ASC) VISIBLE,
          PRIMARY KEY (`record_id`),
          CONSTRAINT `fk_donation_record_person1`     FOREIGN KEY (`person_id`)     REFERENCES `person` (`id`)     ON DELETE NO ACTION     ON UPDATE NO ACTION,
          CONSTRAINT `fk_donation_record_blood_donation1`     FOREIGN KEY (`donation_id`)     REFERENCES `blood_donation` (`donation_id`)     ON DELETE NO ACTION     ON UPDATE NO ACTION 
    )
2022-03-27T10:53:41,527|[DEBUG] SQL -
    
    CREATE TABLE IF NOT EXISTS `address` (
          `address_id` INT NOT NULL AUTO_INCREMENT,
          `street_number` VARCHAR(10) NOT NULL,
          `street` VARCHAR(100) NOT NULL,
          `city` VARCHAR(100) NOT NULL,
          `province` VARCHAR(100) NOT NULL,
          `country` VARCHAR(100) NOT NULL,
          `zipcode` VARCHAR(100) NOT NULL,
          `created` DATETIME NULL,
          `updated` DATETIME NULL,
          `version` BIGINT NOT NULL DEFAULT 1,
          PRIMARY KEY (`address_id`) 
    )
2022-03-27T10:53:41,531|[DEBUG] SQL -
    
    CREATE TABLE IF NOT EXISTS `phone` (
          `phone_id` INT NOT NULL AUTO_INCREMENT,
          `country_code` VARCHAR(10) NOT NULL DEFAULT '1',
          `area_code` VARCHAR(10) NOT NULL,
          `number` VARCHAR(10) NOT NULL,
          `created` DATETIME NULL,
          `updated` DATETIME NULL,
          `version` BIGINT NOT NULL DEFAULT 1,
          PRIMARY KEY (`phone_id`) 
    )
2022-03-27T10:53:41,536|[DEBUG] SQL -
    
    CREATE TABLE IF NOT EXISTS `contact` (
          `person_id` INT NOT NULL,
          `phone_id` INT NOT NULL,
          `contact_type` VARCHAR(10) NOT NULL,
          `email` VARCHAR(100) NULL,
          `address_id` INT NULL,
          `created` DATETIME NULL,
          `updated` DATETIME NULL,
          `version` BIGINT NOT NULL DEFAULT 1,
          PRIMARY KEY (`person_id`, `phone_id`),
          INDEX `fk_contact_phone1_idx` (`phone_id` ASC) VISIBLE,
          INDEX `fk_contact_person1_idx` (`person_id` ASC) VISIBLE,
          CONSTRAINT `fk_contact_address1`     FOREIGN KEY (`address_id`)     REFERENCES `address` (`address_id`)     ON DELETE NO ACTION     ON UPDATE NO ACTION,
          CONSTRAINT `fk_contact_phone1`     FOREIGN KEY (`phone_id`)     REFERENCES `phone` (`phone_id`)     ON DELETE NO ACTION     ON UPDATE NO ACTION,
          CONSTRAINT `fk_contact_person1`     FOREIGN KEY (`person_id`)     REFERENCES `person` (`id`)     ON DELETE NO ACTION     ON UPDATE NO ACTION 
    )
2022-03-27T10:53:41,549|[DEBUG] SQL -
    /* delete Address as generatedAlias0 */ delete 
        from
            address
2022-03-27T10:53:41,550|[DEBUG] SQL -
    /* delete Phone as generatedAlias0 */ delete 
        from
            phone
2022-03-27T10:53:41,551|[DEBUG] SQL -
    /* delete Person as generatedAlias0 */ delete 
        from
            person
2022-03-27T10:53:41,552|[DEBUG] SQL -
    /* delete Contact as generatedAlias0 */ delete 
        from
            contact
2022-03-27T10:53:41,553|[DEBUG] SQL -
    /* delete BloodBank as generatedAlias0 */ delete 
        from
            blood_bank
2022-03-27T10:53:41,555|[DEBUG] SQL -
    /* delete BloodDonation as generatedAlias0 */ delete 
        from
            blood_donation
2022-03-27T10:53:41,556|[DEBUG] SQL -
    /* delete DonationRecord as generatedAlias0 */ delete 
        from
            donation_record
2022-03-27T10:53:41,560|[DEBUG] SQL -
    /* select
        count(generatedAlias0) 
    from
        DonationRecord as generatedAlias0 */ select
            count(donationre0_.record_id) as col_0_0_ 
        from
            donation_record donationre0_
]]></system-out>
  </testcase>
  <testcase name="test02_Create" classname="bloodbank.entity.TestCRUDDonationRecord" time="0.015">
    <system-out><![CDATA[2022-03-27T10:53:41,563|[DEBUG] SQL -
    /* insert bloodbank.entity.Person
        */ insert 
        into
            person
            (created, updated, version, first_name, last_name) 
        values
            (?, ?, ?, ?, ?)
2022-03-27T10:53:41,563|[TRACE] BasicBinder -binding parameter [1] as [TIMESTAMP] - [2022-03-27T10:53:41.563939600]
2022-03-27T10:53:41,564|[TRACE] BasicBinder -binding parameter [2] as [TIMESTAMP] - [2022-03-27T10:53:41.563939600]
2022-03-27T10:53:41,564|[TRACE] BasicBinder -binding parameter [3] as [INTEGER] - [0]
2022-03-27T10:53:41,564|[TRACE] BasicBinder -binding parameter [4] as [VARCHAR] - [Teddy]
2022-03-27T10:53:41,564|[TRACE] BasicBinder -binding parameter [5] as [VARCHAR] - [Yap]
2022-03-27T10:53:41,565|[DEBUG] SQL -
    /* insert bloodbank.entity.PrivateBloodBank
        */ insert 
        into
            blood_bank
            (created, updated, version, name, privately_owned) 
        values
            (?, ?, ?, ?, 1)
2022-03-27T10:53:41,565|[TRACE] BasicBinder -binding parameter [1] as [TIMESTAMP] - [2022-03-27T10:53:41.565935600]
2022-03-27T10:53:41,566|[TRACE] BasicBinder -binding parameter [2] as [TIMESTAMP] - [2022-03-27T10:53:41.565935600]
2022-03-27T10:53:41,566|[TRACE] BasicBinder -binding parameter [3] as [INTEGER] - [0]
2022-03-27T10:53:41,566|[TRACE] BasicBinder -binding parameter [4] as [VARCHAR] - [Health]
2022-03-27T10:53:41,567|[DEBUG] SQL -
    /* insert bloodbank.entity.BloodDonation
        */ insert 
        into
            blood_donation
            (created, updated, version, bank_id, blood_group, rhd, milliliters) 
        values
            (?, ?, ?, ?, ?, ?, ?)
2022-03-27T10:53:41,567|[TRACE] BasicBinder -binding parameter [1] as [TIMESTAMP] - [2022-03-27T10:53:41.565935600]
2022-03-27T10:53:41,568|[TRACE] BasicBinder -binding parameter [2] as [TIMESTAMP] - [2022-03-27T10:53:41.565935600]
2022-03-27T10:53:41,568|[TRACE] BasicBinder -binding parameter [3] as [INTEGER] - [0]
2022-03-27T10:53:41,568|[TRACE] BasicBinder -binding parameter [4] as [INTEGER] - [1]
2022-03-27T10:53:41,568|[TRACE] BasicBinder -binding parameter [5] as [VARCHAR] - [A]
2022-03-27T10:53:41,568|[TRACE] BasicBinder -binding parameter [6] as [TINYINT] - [1]
2022-03-27T10:53:41,568|[TRACE] BasicBinder -binding parameter [7] as [INTEGER] - [50]
2022-03-27T10:53:41,569|[DEBUG] SQL -
    /* insert bloodbank.entity.DonationRecord
        */ insert 
        into
            donation_record
            (created, updated, version, donation_id, person_id, tested) 
        values
            (?, ?, ?, ?, ?, ?)
2022-03-27T10:53:41,569|[TRACE] BasicBinder -binding parameter [1] as [TIMESTAMP] - [2022-03-27T10:53:41.565935600]
2022-03-27T10:53:41,570|[TRACE] BasicBinder -binding parameter [2] as [TIMESTAMP] - [2022-03-27T10:53:41.565935600]
2022-03-27T10:53:41,570|[TRACE] BasicBinder -binding parameter [3] as [INTEGER] - [0]
2022-03-27T10:53:41,570|[TRACE] BasicBinder -binding parameter [4] as [INTEGER] - [1]
2022-03-27T10:53:41,570|[TRACE] BasicBinder -binding parameter [5] as [INTEGER] - [1]
2022-03-27T10:53:41,570|[TRACE] BasicBinder -binding parameter [6] as [TINYINT] - [1]
2022-03-27T10:53:41,575|[DEBUG] SQL -
    /* select
        count(generatedAlias0) 
    from
        DonationRecord as generatedAlias0 
    where
        generatedAlias0.id=:id */ select
            count(donationre0_.record_id) as col_0_0_ 
        from
            donation_record donationre0_ 
        where
            donationre0_.record_id=?
2022-03-27T10:53:41,575|[TRACE] BasicBinder -binding parameter [1] as [INTEGER] - [1]
]]></system-out>
  </testcase>
  <testcase name="test03_CreateInvalid" classname="bloodbank.entity.TestCRUDDonationRecord" time="0.003"/>
  <testcase name="test04_Read" classname="bloodbank.entity.TestCRUDDonationRecord" time="0.005">
    <system-out><![CDATA[2022-03-27T10:53:41,582|[DEBUG] SQL -
    /* select
        generatedAlias0 
    from
        DonationRecord as generatedAlias0 */ select
            donationre0_.record_id as record_i1_4_,
            donationre0_.created as created2_4_,
            donationre0_.updated as updated3_4_,
            donationre0_.version as version4_4_,
            donationre0_.donation_id as donation6_4_,
            donationre0_.person_id as person_i7_4_,
            donationre0_.tested as tested5_4_ 
        from
            donation_record donationre0_
2022-03-27T10:53:41,584|[DEBUG] SQL -
    select
        person0_.id as id1_5_0_,
        person0_.created as created2_5_0_,
        person0_.updated as updated3_5_0_,
        person0_.version as version4_5_0_,
        person0_.first_name as first_na5_5_0_,
        person0_.last_name as last_nam6_5_0_ 
    from
        person person0_ 
    where
        person0_.id=?
2022-03-27T10:53:41,584|[TRACE] BasicBinder -binding parameter [1] as [INTEGER] - [1]
]]></system-out>
  </testcase>
  <testcase name="test05_ReadDependencies" classname="bloodbank.entity.TestCRUDDonationRecord" time="0.016">
    <system-out><![CDATA[2022-03-27T10:53:41,588|[DEBUG] SQL -
    /* select
        generatedAlias0 
    from
        DonationRecord as generatedAlias0 
    where
        generatedAlias0.id=:id */ select
            donationre0_.record_id as record_i1_4_,
            donationre0_.created as created2_4_,
            donationre0_.updated as updated3_4_,
            donationre0_.version as version4_4_,
            donationre0_.donation_id as donation6_4_,
            donationre0_.person_id as person_i7_4_,
            donationre0_.tested as tested5_4_ 
        from
            donation_record donationre0_ 
        where
            donationre0_.record_id=?
2022-03-27T10:53:41,589|[TRACE] BasicBinder -binding parameter [1] as [INTEGER] - [1]
2022-03-27T10:53:41,590|[DEBUG] SQL -
    select
        person0_.id as id1_5_0_,
        person0_.created as created2_5_0_,
        person0_.updated as updated3_5_0_,
        person0_.version as version4_5_0_,
        person0_.first_name as first_na5_5_0_,
        person0_.last_name as last_nam6_5_0_ 
    from
        person person0_ 
    where
        person0_.id=?
2022-03-27T10:53:41,591|[TRACE] BasicBinder -binding parameter [1] as [INTEGER] - [1]
2022-03-27T10:53:41,595|[DEBUG] SQL -
    select
        blooddonat0_.donation_id as donation1_2_0_,
        blooddonat0_.created as created2_2_0_,
        blooddonat0_.updated as updated3_2_0_,
        blooddonat0_.version as version4_2_0_,
        blooddonat0_.bank_id as bank_id8_2_0_,
        blooddonat0_.blood_group as blood_gr5_2_0_,
        blooddonat0_.rhd as rhd6_2_0_,
        blooddonat0_.milliliters as millilit7_2_0_,
        donationre1_.record_id as record_i1_4_1_,
        donationre1_.created as created2_4_1_,
        donationre1_.updated as updated3_4_1_,
        donationre1_.version as version4_4_1_,
        donationre1_.donation_id as donation6_4_1_,
        donationre1_.person_id as person_i7_4_1_,
        donationre1_.tested as tested5_4_1_,
        person2_.id as id1_5_2_,
        person2_.created as created2_5_2_,
        person2_.updated as updated3_5_2_,
        person2_.version as version4_5_2_,
        person2_.first_name as first_na5_5_2_,
        person2_.last_name as last_nam6_5_2_ 
    from
        blood_donation blooddonat0_ 
    left outer join
        donation_record donationre1_ 
            on blooddonat0_.donation_id=donationre1_.donation_id 
    left outer join
        person person2_ 
            on donationre1_.person_id=person2_.id 
    where
        blooddonat0_.donation_id=?
2022-03-27T10:53:41,596|[TRACE] BasicBinder -binding parameter [1] as [INTEGER] - [1]
]]></system-out>
  </testcase>
  <testcase name="test06_Update" classname="bloodbank.entity.TestCRUDDonationRecord" time="0.014">
    <system-out><![CDATA[2022-03-27T10:53:41,604|[DEBUG] SQL -
    /* select
        generatedAlias0 
    from
        DonationRecord as generatedAlias0 
    where
        generatedAlias0.id=:id */ select
            donationre0_.record_id as record_i1_4_,
            donationre0_.created as created2_4_,
            donationre0_.updated as updated3_4_,
            donationre0_.version as version4_4_,
            donationre0_.donation_id as donation6_4_,
            donationre0_.person_id as person_i7_4_,
            donationre0_.tested as tested5_4_ 
        from
            donation_record donationre0_ 
        where
            donationre0_.record_id=?
2022-03-27T10:53:41,604|[TRACE] BasicBinder -binding parameter [1] as [INTEGER] - [1]
2022-03-27T10:53:41,605|[DEBUG] SQL -
    select
        person0_.id as id1_5_0_,
        person0_.created as created2_5_0_,
        person0_.updated as updated3_5_0_,
        person0_.version as version4_5_0_,
        person0_.first_name as first_na5_5_0_,
        person0_.last_name as last_nam6_5_0_ 
    from
        person person0_ 
    where
        person0_.id=?
2022-03-27T10:53:41,606|[TRACE] BasicBinder -binding parameter [1] as [INTEGER] - [1]
2022-03-27T10:53:41,608|[DEBUG] SQL -
    /* update
        bloodbank.entity.DonationRecord */ update
            donation_record 
        set
            created=?,
            updated=?,
            version=?,
            donation_id=?,
            person_id=?,
            tested=? 
        where
            record_id=? 
            and version=?
2022-03-27T10:53:41,608|[TRACE] BasicBinder -binding parameter [1] as [TIMESTAMP] - [2022-03-27T10:53:42]
2022-03-27T10:53:41,609|[TRACE] BasicBinder -binding parameter [2] as [TIMESTAMP] - [2022-03-27T10:53:41.608820800]
2022-03-27T10:53:41,609|[TRACE] BasicBinder -binding parameter [3] as [INTEGER] - [1]
2022-03-27T10:53:41,609|[TRACE] BasicBinder -binding parameter [4] as [INTEGER] - [1]
2022-03-27T10:53:41,609|[TRACE] BasicBinder -binding parameter [5] as [INTEGER] - [1]
2022-03-27T10:53:41,609|[TRACE] BasicBinder -binding parameter [6] as [TINYINT] - [0]
2022-03-27T10:53:41,609|[TRACE] BasicBinder -binding parameter [7] as [INTEGER] - [1]
2022-03-27T10:53:41,609|[TRACE] BasicBinder -binding parameter [8] as [INTEGER] - [0]
2022-03-27T10:53:41,616|[DEBUG] SQL -
    /* select
        generatedAlias0 
    from
        DonationRecord as generatedAlias0 
    where
        generatedAlias0.id=:id */ select
            donationre0_.record_id as record_i1_4_,
            donationre0_.created as created2_4_,
            donationre0_.updated as updated3_4_,
            donationre0_.version as version4_4_,
            donationre0_.donation_id as donation6_4_,
            donationre0_.person_id as person_i7_4_,
            donationre0_.tested as tested5_4_ 
        from
            donation_record donationre0_ 
        where
            donationre0_.record_id=?
2022-03-27T10:53:41,616|[TRACE] BasicBinder -binding parameter [1] as [INTEGER] - [1]
]]></system-out>
  </testcase>
  <testcase name="test07_UpdateDependencies" classname="bloodbank.entity.TestCRUDDonationRecord" time="0.033">
    <system-out><![CDATA[2022-03-27T10:53:41,619|[DEBUG] SQL -
    /* select
        generatedAlias0 
    from
        DonationRecord as generatedAlias0 
    where
        generatedAlias0.id=:id */ select
            donationre0_.record_id as record_i1_4_,
            donationre0_.created as created2_4_,
            donationre0_.updated as updated3_4_,
            donationre0_.version as version4_4_,
            donationre0_.donation_id as donation6_4_,
            donationre0_.person_id as person_i7_4_,
            donationre0_.tested as tested5_4_ 
        from
            donation_record donationre0_ 
        where
            donationre0_.record_id=?
2022-03-27T10:53:41,619|[TRACE] BasicBinder -binding parameter [1] as [INTEGER] - [1]
2022-03-27T10:53:41,621|[DEBUG] SQL -
    select
        person0_.id as id1_5_0_,
        person0_.created as created2_5_0_,
        person0_.updated as updated3_5_0_,
        person0_.version as version4_5_0_,
        person0_.first_name as first_na5_5_0_,
        person0_.last_name as last_nam6_5_0_ 
    from
        person person0_ 
    where
        person0_.id=?
2022-03-27T10:53:41,621|[TRACE] BasicBinder -binding parameter [1] as [INTEGER] - [1]
2022-03-27T10:53:41,624|[DEBUG] SQL -
    select
        blooddonat0_.donation_id as donation1_2_0_,
        blooddonat0_.created as created2_2_0_,
        blooddonat0_.updated as updated3_2_0_,
        blooddonat0_.version as version4_2_0_,
        blooddonat0_.bank_id as bank_id8_2_0_,
        blooddonat0_.blood_group as blood_gr5_2_0_,
        blooddonat0_.rhd as rhd6_2_0_,
        blooddonat0_.milliliters as millilit7_2_0_,
        donationre1_.record_id as record_i1_4_1_,
        donationre1_.created as created2_4_1_,
        donationre1_.updated as updated3_4_1_,
        donationre1_.version as version4_4_1_,
        donationre1_.donation_id as donation6_4_1_,
        donationre1_.person_id as person_i7_4_1_,
        donationre1_.tested as tested5_4_1_,
        person2_.id as id1_5_2_,
        person2_.created as created2_5_2_,
        person2_.updated as updated3_5_2_,
        person2_.version as version4_5_2_,
        person2_.first_name as first_na5_5_2_,
        person2_.last_name as last_nam6_5_2_ 
    from
        blood_donation blooddonat0_ 
    left outer join
        donation_record donationre1_ 
            on blooddonat0_.donation_id=donationre1_.donation_id 
    left outer join
        person person2_ 
            on donationre1_.person_id=person2_.id 
    where
        blooddonat0_.donation_id=?
2022-03-27T10:53:41,624|[TRACE] BasicBinder -binding parameter [1] as [INTEGER] - [1]
2022-03-27T10:53:41,626|[DEBUG] SQL -
    select
        donations0_.person_id as person_i7_4_0_,
        donations0_.record_id as record_i1_4_0_,
        donations0_.record_id as record_i1_4_1_,
        donations0_.created as created2_4_1_,
        donations0_.updated as updated3_4_1_,
        donations0_.version as version4_4_1_,
        donations0_.donation_id as donation6_4_1_,
        donations0_.person_id as person_i7_4_1_,
        donations0_.tested as tested5_4_1_ 
    from
        donation_record donations0_ 
    where
        donations0_.person_id=?
2022-03-27T10:53:41,627|[TRACE] BasicBinder -binding parameter [1] as [INTEGER] - [1]
2022-03-27T10:53:41,629|[DEBUG] SQL -
    /* insert bloodbank.entity.PublicBloodBank
        */ insert 
        into
            blood_bank
            (created, updated, version, name, privately_owned) 
        values
            (?, ?, ?, ?, 0)
2022-03-27T10:53:41,629|[TRACE] BasicBinder -binding parameter [1] as [TIMESTAMP] - [2022-03-27T10:53:41.629764300]
2022-03-27T10:53:41,630|[TRACE] BasicBinder -binding parameter [2] as [TIMESTAMP] - [2022-03-27T10:53:41.629764300]
2022-03-27T10:53:41,630|[TRACE] BasicBinder -binding parameter [3] as [INTEGER] - [0]
2022-03-27T10:53:41,630|[TRACE] BasicBinder -binding parameter [4] as [VARCHAR] - [Lucky]
2022-03-27T10:53:41,638|[DEBUG] SQL -
    /* update
        bloodbank.entity.Person */ update
            person 
        set
            created=?,
            updated=?,
            version=?,
            first_name=?,
            last_name=? 
        where
            id=? 
            and version=?
2022-03-27T10:53:41,638|[TRACE] BasicBinder -binding parameter [1] as [TIMESTAMP] - [2022-03-27T10:53:42]
2022-03-27T10:53:41,638|[TRACE] BasicBinder -binding parameter [2] as [TIMESTAMP] - [2022-03-27T10:53:41.637743200]
2022-03-27T10:53:41,638|[TRACE] BasicBinder -binding parameter [3] as [INTEGER] - [1]
2022-03-27T10:53:41,638|[TRACE] BasicBinder -binding parameter [4] as [VARCHAR] - [Jack]
2022-03-27T10:53:41,638|[TRACE] BasicBinder -binding parameter [5] as [VARCHAR] - [Jackson]
2022-03-27T10:53:41,638|[TRACE] BasicBinder -binding parameter [6] as [INTEGER] - [1]
2022-03-27T10:53:41,638|[TRACE] BasicBinder -binding parameter [7] as [INTEGER] - [0]
2022-03-27T10:53:41,641|[DEBUG] SQL -
    /* update
        bloodbank.entity.BloodDonation */ update
            blood_donation 
        set
            created=?,
            updated=?,
            version=?,
            bank_id=?,
            blood_group=?,
            rhd=?,
            milliliters=? 
        where
            donation_id=? 
            and version=?
2022-03-27T10:53:41,641|[TRACE] BasicBinder -binding parameter [1] as [TIMESTAMP] - [2022-03-27T10:53:42]
2022-03-27T10:53:41,641|[TRACE] BasicBinder -binding parameter [2] as [TIMESTAMP] - [2022-03-27T10:53:41.637743200]
2022-03-27T10:53:41,641|[TRACE] BasicBinder -binding parameter [3] as [INTEGER] - [1]
2022-03-27T10:53:41,641|[TRACE] BasicBinder -binding parameter [4] as [INTEGER] - [2]
2022-03-27T10:53:41,641|[TRACE] BasicBinder -binding parameter [5] as [VARCHAR] - [O]
2022-03-27T10:53:41,641|[TRACE] BasicBinder -binding parameter [6] as [TINYINT] - [0]
2022-03-27T10:53:41,641|[TRACE] BasicBinder -binding parameter [7] as [INTEGER] - [80]
2022-03-27T10:53:41,641|[TRACE] BasicBinder -binding parameter [8] as [INTEGER] - [1]
2022-03-27T10:53:41,641|[TRACE] BasicBinder -binding parameter [9] as [INTEGER] - [0]
2022-03-27T10:53:41,649|[DEBUG] SQL -
    /* select
        generatedAlias0 
    from
        DonationRecord as generatedAlias0 
    where
        generatedAlias0.id=:id */ select
            donationre0_.record_id as record_i1_4_,
            donationre0_.created as created2_4_,
            donationre0_.updated as updated3_4_,
            donationre0_.version as version4_4_,
            donationre0_.donation_id as donation6_4_,
            donationre0_.person_id as person_i7_4_,
            donationre0_.tested as tested5_4_ 
        from
            donation_record donationre0_ 
        where
            donationre0_.record_id=?
2022-03-27T10:53:41,650|[TRACE] BasicBinder -binding parameter [1] as [INTEGER] - [1]
]]></system-out>
  </testcase>
  <testcase name="test08_DeleteDependecy" classname="bloodbank.entity.TestCRUDDonationRecord" time="0.031">
    <system-out><![CDATA[2022-03-27T10:53:41,652|[DEBUG] SQL -
    /* select
        generatedAlias0 
    from
        DonationRecord as generatedAlias0 
    where
        generatedAlias0.id=:id */ select
            donationre0_.record_id as record_i1_4_,
            donationre0_.created as created2_4_,
            donationre0_.updated as updated3_4_,
            donationre0_.version as version4_4_,
            donationre0_.donation_id as donation6_4_,
            donationre0_.person_id as person_i7_4_,
            donationre0_.tested as tested5_4_ 
        from
            donation_record donationre0_ 
        where
            donationre0_.record_id=?
2022-03-27T10:53:41,653|[TRACE] BasicBinder -binding parameter [1] as [INTEGER] - [1]
2022-03-27T10:53:41,654|[DEBUG] SQL -
    select
        person0_.id as id1_5_0_,
        person0_.created as created2_5_0_,
        person0_.updated as updated3_5_0_,
        person0_.version as version4_5_0_,
        person0_.first_name as first_na5_5_0_,
        person0_.last_name as last_nam6_5_0_ 
    from
        person person0_ 
    where
        person0_.id=?
2022-03-27T10:53:41,654|[TRACE] BasicBinder -binding parameter [1] as [INTEGER] - [1]
2022-03-27T10:53:41,656|[DEBUG] SQL -
    /* update
        bloodbank.entity.DonationRecord */ update
            donation_record 
        set
            created=?,
            updated=?,
            version=?,
            donation_id=?,
            person_id=?,
            tested=? 
        where
            record_id=? 
            and version=?
2022-03-27T10:53:41,657|[TRACE] BasicBinder -binding parameter [1] as [TIMESTAMP] - [2022-03-27T10:53:42]
2022-03-27T10:53:41,657|[TRACE] BasicBinder -binding parameter [2] as [TIMESTAMP] - [2022-03-27T10:53:41.656692700]
2022-03-27T10:53:41,657|[TRACE] BasicBinder -binding parameter [3] as [INTEGER] - [2]
2022-03-27T10:53:41,657|[TRACE] BasicBinder -binding parameter [4] as [INTEGER] - [null]
2022-03-27T10:53:41,657|[TRACE] BasicBinder -binding parameter [5] as [INTEGER] - [1]
2022-03-27T10:53:41,657|[TRACE] BasicBinder -binding parameter [6] as [TINYINT] - [0]
2022-03-27T10:53:41,657|[TRACE] BasicBinder -binding parameter [7] as [INTEGER] - [1]
2022-03-27T10:53:41,657|[TRACE] BasicBinder -binding parameter [8] as [INTEGER] - [1]
2022-03-27T10:53:41,666|[DEBUG] SQL -
    /* select
        generatedAlias0 
    from
        DonationRecord as generatedAlias0 
    where
        generatedAlias0.id=:id */ select
            donationre0_.record_id as record_i1_4_,
            donationre0_.created as created2_4_,
            donationre0_.updated as updated3_4_,
            donationre0_.version as version4_4_,
            donationre0_.donation_id as donation6_4_,
            donationre0_.person_id as person_i7_4_,
            donationre0_.tested as tested5_4_ 
        from
            donation_record donationre0_ 
        where
            donationre0_.record_id=?
2022-03-27T10:53:41,666|[TRACE] BasicBinder -binding parameter [1] as [INTEGER] - [1]
2022-03-27T10:53:41,673|[DEBUG] SQL -
    /* select
        count(generatedAlias0) 
    from
        BloodDonation as generatedAlias0 
    where
        generatedAlias0.id=:id */ select
            count(blooddonat0_.donation_id) as col_0_0_ 
        from
            blood_donation blooddonat0_ 
        where
            blooddonat0_.donation_id=?
2022-03-27T10:53:41,673|[TRACE] BasicBinder -binding parameter [1] as [INTEGER] - [1]
]]></system-out>
  </testcase>
  <testcase name="test09_Delete" classname="bloodbank.entity.TestCRUDDonationRecord" time="0.045">
    <system-out><![CDATA[2022-03-27T10:53:41,685|[DEBUG] SQL -
    /* select
        generatedAlias0 
    from
        DonationRecord as generatedAlias0 
    where
        generatedAlias0.id=:id */ select
            donationre0_.record_id as record_i1_4_,
            donationre0_.created as created2_4_,
            donationre0_.updated as updated3_4_,
            donationre0_.version as version4_4_,
            donationre0_.donation_id as donation6_4_,
            donationre0_.person_id as person_i7_4_,
            donationre0_.tested as tested5_4_ 
        from
            donation_record donationre0_ 
        where
            donationre0_.record_id=?
2022-03-27T10:53:41,686|[TRACE] BasicBinder -binding parameter [1] as [INTEGER] - [1]
2022-03-27T10:53:41,688|[DEBUG] SQL -
    select
        person0_.id as id1_5_0_,
        person0_.created as created2_5_0_,
        person0_.updated as updated3_5_0_,
        person0_.version as version4_5_0_,
        person0_.first_name as first_na5_5_0_,
        person0_.last_name as last_nam6_5_0_ 
    from
        person person0_ 
    where
        person0_.id=?
2022-03-27T10:53:41,689|[TRACE] BasicBinder -binding parameter [1] as [INTEGER] - [1]
2022-03-27T10:53:41,693|[DEBUG] SQL -
    /* insert bloodbank.entity.Person
        */ insert 
        into
            person
            (created, updated, version, first_name, last_name) 
        values
            (?, ?, ?, ?, ?)
2022-03-27T10:53:41,693|[TRACE] BasicBinder -binding parameter [1] as [TIMESTAMP] - [2022-03-27T10:53:41.692596800]
2022-03-27T10:53:41,693|[TRACE] BasicBinder -binding parameter [2] as [TIMESTAMP] - [2022-03-27T10:53:41.692596800]
2022-03-27T10:53:41,693|[TRACE] BasicBinder -binding parameter [3] as [INTEGER] - [0]
2022-03-27T10:53:41,693|[TRACE] BasicBinder -binding parameter [4] as [VARCHAR] - [Robert]
2022-03-27T10:53:41,693|[TRACE] BasicBinder -binding parameter [5] as [VARCHAR] - [Green]
2022-03-27T10:53:41,700|[DEBUG] SQL -
    /* insert bloodbank.entity.PrivateBloodBank
        */ insert 
        into
            blood_bank
            (created, updated, version, name, privately_owned) 
        values
            (?, ?, ?, ?, 1)
2022-03-27T10:53:41,700|[TRACE] BasicBinder -binding parameter [1] as [TIMESTAMP] - [2022-03-27T10:53:41.700574900]
2022-03-27T10:53:41,700|[TRACE] BasicBinder -binding parameter [2] as [TIMESTAMP] - [2022-03-27T10:53:41.700574900]
2022-03-27T10:53:41,700|[TRACE] BasicBinder -binding parameter [3] as [INTEGER] - [0]
2022-03-27T10:53:41,700|[TRACE] BasicBinder -binding parameter [4] as [VARCHAR] - [Apple]
2022-03-27T10:53:41,701|[DEBUG] SQL -
    /* insert bloodbank.entity.BloodDonation
        */ insert 
        into
            blood_donation
            (created, updated, version, bank_id, blood_group, rhd, milliliters) 
        values
            (?, ?, ?, ?, ?, ?, ?)
2022-03-27T10:53:41,702|[TRACE] BasicBinder -binding parameter [1] as [TIMESTAMP] - [2022-03-27T10:53:41.700574900]
2022-03-27T10:53:41,702|[TRACE] BasicBinder -binding parameter [2] as [TIMESTAMP] - [2022-03-27T10:53:41.700574900]
2022-03-27T10:53:41,702|[TRACE] BasicBinder -binding parameter [3] as [INTEGER] - [0]
2022-03-27T10:53:41,702|[TRACE] BasicBinder -binding parameter [4] as [INTEGER] - [3]
2022-03-27T10:53:41,702|[TRACE] BasicBinder -binding parameter [5] as [VARCHAR] - [B]
2022-03-27T10:53:41,702|[TRACE] BasicBinder -binding parameter [6] as [TINYINT] - [0]
2022-03-27T10:53:41,702|[TRACE] BasicBinder -binding parameter [7] as [INTEGER] - [50]
2022-03-27T10:53:41,703|[DEBUG] SQL -
    /* insert bloodbank.entity.DonationRecord
        */ insert 
        into
            donation_record
            (created, updated, version, donation_id, person_id, tested) 
        values
            (?, ?, ?, ?, ?, ?)
2022-03-27T10:53:41,703|[TRACE] BasicBinder -binding parameter [1] as [TIMESTAMP] - [2022-03-27T10:53:41.700574900]
2022-03-27T10:53:41,704|[TRACE] BasicBinder -binding parameter [2] as [TIMESTAMP] - [2022-03-27T10:53:41.700574900]
2022-03-27T10:53:41,704|[TRACE] BasicBinder -binding parameter [3] as [INTEGER] - [0]
2022-03-27T10:53:41,704|[TRACE] BasicBinder -binding parameter [4] as [INTEGER] - [2]
2022-03-27T10:53:41,704|[TRACE] BasicBinder -binding parameter [5] as [INTEGER] - [2]
2022-03-27T10:53:41,704|[TRACE] BasicBinder -binding parameter [6] as [TINYINT] - [1]
2022-03-27T10:53:41,710|[DEBUG] SQL -
    /* delete bloodbank.entity.DonationRecord */ delete 
        from
            donation_record 
        where
            record_id=? 
            and version=?
2022-03-27T10:53:41,710|[TRACE] BasicBinder -binding parameter [1] as [INTEGER] - [1]
2022-03-27T10:53:41,710|[TRACE] BasicBinder -binding parameter [2] as [INTEGER] - [2]
2022-03-27T10:53:41,727|[DEBUG] SQL -
    /* select
        count(generatedAlias0) 
    from
        DonationRecord as generatedAlias0 
    where
        generatedAlias0.id=:id */ select
            count(donationre0_.record_id) as col_0_0_ 
        from
            donation_record donationre0_ 
        where
            donationre0_.record_id=?
2022-03-27T10:53:41,727|[TRACE] BasicBinder -binding parameter [1] as [INTEGER] - [1]
2022-03-27T10:53:41,728|[DEBUG] SQL -
    /* select
        count(generatedAlias0) 
    from
        DonationRecord as generatedAlias0 
    where
        generatedAlias0.id=:id */ select
            count(donationre0_.record_id) as col_0_0_ 
        from
            donation_record donationre0_ 
        where
            donationre0_.record_id=?
2022-03-27T10:53:41,728|[TRACE] BasicBinder -binding parameter [1] as [INTEGER] - [2]
]]></system-out>
  </testcase>
</testsuite>