<?xml version="1.0" encoding="UTF-8"?>
<testsuite xmlns:xsi="http://www.w3.org/2001/XMLSchema-instance" xsi:noNamespaceSchemaLocation="https://maven.apache.org/surefire/maven-surefire-plugin/xsd/surefire-test-report-3.0.xsd" version="3.0" name="bloodbank.entity.TestCRUDContactOriginal" time="0.857" tests="9" errors="0" skipped="0" failures="0">
  <properties>
    <property name="java.specification.version" value="17"/>
    <property name="sun.cpu.isalist" value="amd64"/>
    <property name="sun.jnu.encoding" value="Cp1252"/>
    <property name="java.class.path" value="C:\Users\kevin\Desktop\deng\Level 4\CST8277\Assignment3\BloodBank-JPA-Mapping-JUnit-Skeleton\BloodBank-JPA-Mapping-JUnit-Skeleton\target\test-classes;C:\Users\kevin\Desktop\deng\Level 4\CST8277\Assignment3\BloodBank-JPA-Mapping-JUnit-Skeleton\BloodBank-JPA-Mapping-JUnit-Skeleton\target\classes;C:\Users\kevin\.m2\repository\org\apache\logging\log4j\log4j-api\2.17.1\log4j-api-2.17.1.jar;C:\Users\kevin\.m2\repository\org\apache\logging\log4j\log4j-core\2.17.1\log4j-core-2.17.1.jar;C:\Users\kevin\.m2\repository\jakarta\annotation\jakarta.annotation-api\1.3.5\jakarta.annotation-api-1.3.5.jar;C:\Users\kevin\.m2\repository\jakarta\persistence\jakarta.persistence-api\2.2.3\jakarta.persistence-api-2.2.3.jar;C:\Users\kevin\.m2\repository\org\hibernate\hibernate-entitymanager\5.6.3.Final\hibernate-entitymanager-5.6.3.Final.jar;C:\Users\kevin\.m2\repository\org\jboss\logging\jboss-logging\3.4.2.Final\jboss-logging-3.4.2.Final.jar;C:\Users\kevin\.m2\repository\org\hibernate\hibernate-core\5.6.3.Final\hibernate-core-5.6.3.Final.jar;C:\Users\kevin\.m2\repository\antlr\antlr\2.7.7\antlr-2.7.7.jar;C:\Users\kevin\.m2\repository\org\jboss\jandex\2.2.3.Final\jandex-2.2.3.Final.jar;C:\Users\kevin\.m2\repository\com\fasterxml\classmate\1.5.1\classmate-1.5.1.jar;C:\Users\kevin\.m2\repository\javax\activation\javax.activation-api\1.2.0\javax.activation-api-1.2.0.jar;C:\Users\kevin\.m2\repository\javax\xml\bind\jaxb-api\2.3.1\jaxb-api-2.3.1.jar;C:\Users\kevin\.m2\repository\org\glassfish\jaxb\jaxb-runtime\2.3.1\jaxb-runtime-2.3.1.jar;C:\Users\kevin\.m2\repository\org\glassfish\jaxb\txw2\2.3.1\txw2-2.3.1.jar;C:\Users\kevin\.m2\repository\com\sun\istack\istack-commons-runtime\3.0.7\istack-commons-runtime-3.0.7.jar;C:\Users\kevin\.m2\repository\org\jvnet\staxex\stax-ex\1.8\stax-ex-1.8.jar;C:\Users\kevin\.m2\repository\com\sun\xml\fastinfoset\FastInfoset\1.2.15\FastInfoset-1.2.15.jar;C:\Users\kevin\.m2\repository\org\hibernate\common\hibernate-commons-annotations\5.1.2.Final\hibernate-commons-annotations-5.1.2.Final.jar;C:\Users\kevin\.m2\repository\net\bytebuddy\byte-buddy\1.11.20\byte-buddy-1.11.20.jar;C:\Users\kevin\.m2\repository\org\jboss\spec\javax\transaction\jboss-transaction-api_1.2_spec\1.1.1.Final\jboss-transaction-api_1.2_spec-1.1.1.Final.jar;C:\Users\kevin\.m2\repository\mysql\mysql-connector-java\8.0.27\mysql-connector-java-8.0.27.jar;C:\Users\kevin\.m2\repository\com\google\protobuf\protobuf-java\3.11.4\protobuf-java-3.11.4.jar;C:\Users\kevin\.m2\repository\org\junit\jupiter\junit-jupiter\5.7.0\junit-jupiter-5.7.0.jar;C:\Users\kevin\.m2\repository\org\junit\jupiter\junit-jupiter-api\5.7.0\junit-jupiter-api-5.7.0.jar;C:\Users\kevin\.m2\repository\org\apiguardian\apiguardian-api\1.1.0\apiguardian-api-1.1.0.jar;C:\Users\kevin\.m2\repository\org\opentest4j\opentest4j\1.2.0\opentest4j-1.2.0.jar;C:\Users\kevin\.m2\repository\org\junit\platform\junit-platform-commons\1.7.0\junit-platform-commons-1.7.0.jar;C:\Users\kevin\.m2\repository\org\junit\jupiter\junit-jupiter-params\5.7.0\junit-jupiter-params-5.7.0.jar;C:\Users\kevin\.m2\repository\org\junit\jupiter\junit-jupiter-engine\5.7.0\junit-jupiter-engine-5.7.0.jar;C:\Users\kevin\.m2\repository\org\junit\platform\junit-platform-engine\1.7.0\junit-platform-engine-1.7.0.jar;C:\Users\kevin\.m2\repository\org\hamcrest\hamcrest\2.2\hamcrest-2.2.jar;C:\Users\kevin\.m2\repository\org\hamcrest\hamcrest-library\2.2\hamcrest-library-2.2.jar;C:\Users\kevin\.m2\repository\org\hamcrest\hamcrest-core\2.2\hamcrest-core-2.2.jar;"/>
    <property name="java.vm.vendor" value="Eclipse Adoptium"/>
    <property name="sun.arch.data.model" value="64"/>
    <property name="user.variant" value=""/>
    <property name="java.vendor.url" value="https://adoptium.net/"/>
    <property name="user.timezone" value="America/Toronto"/>
    <property name="os.name" value="Windows 10"/>
    <property name="java.vm.specification.version" value="17"/>
    <property name="sun.java.launcher" value="SUN_STANDARD"/>
    <property name="user.country" value="CA"/>
    <property name="sun.boot.library.path" value="C:\Adoptium\jdk17-0.1.12-hotspot\bin"/>
    <property name="sun.java.command" value="C:\Users\kevin\AppData\Local\Temp\surefire18194086892689398323\surefirebooter10700891792878116927.jar C:\Users\kevin\AppData\Local\Temp\surefire18194086892689398323 2022-03-27T10-35-05_040-jvmRun1 surefire10069405795842052173tmp surefire_016209501503226925248tmp"/>
    <property name="jdk.debug" value="release"/>
    <property name="surefire.test.class.path" value="C:\Users\kevin\Desktop\deng\Level 4\CST8277\Assignment3\BloodBank-JPA-Mapping-JUnit-Skeleton\BloodBank-JPA-Mapping-JUnit-Skeleton\target\test-classes;C:\Users\kevin\Desktop\deng\Level 4\CST8277\Assignment3\BloodBank-JPA-Mapping-JUnit-Skeleton\BloodBank-JPA-Mapping-JUnit-Skeleton\target\classes;C:\Users\kevin\.m2\repository\org\apache\logging\log4j\log4j-api\2.17.1\log4j-api-2.17.1.jar;C:\Users\kevin\.m2\repository\org\apache\logging\log4j\log4j-core\2.17.1\log4j-core-2.17.1.jar;C:\Users\kevin\.m2\repository\jakarta\annotation\jakarta.annotation-api\1.3.5\jakarta.annotation-api-1.3.5.jar;C:\Users\kevin\.m2\repository\jakarta\persistence\jakarta.persistence-api\2.2.3\jakarta.persistence-api-2.2.3.jar;C:\Users\kevin\.m2\repository\org\hibernate\hibernate-entitymanager\5.6.3.Final\hibernate-entitymanager-5.6.3.Final.jar;C:\Users\kevin\.m2\repository\org\jboss\logging\jboss-logging\3.4.2.Final\jboss-logging-3.4.2.Final.jar;C:\Users\kevin\.m2\repository\org\hibernate\hibernate-core\5.6.3.Final\hibernate-core-5.6.3.Final.jar;C:\Users\kevin\.m2\repository\antlr\antlr\2.7.7\antlr-2.7.7.jar;C:\Users\kevin\.m2\repository\org\jboss\jandex\2.2.3.Final\jandex-2.2.3.Final.jar;C:\Users\kevin\.m2\repository\com\fasterxml\classmate\1.5.1\classmate-1.5.1.jar;C:\Users\kevin\.m2\repository\javax\activation\javax.activation-api\1.2.0\javax.activation-api-1.2.0.jar;C:\Users\kevin\.m2\repository\javax\xml\bind\jaxb-api\2.3.1\jaxb-api-2.3.1.jar;C:\Users\kevin\.m2\repository\org\glassfish\jaxb\jaxb-runtime\2.3.1\jaxb-runtime-2.3.1.jar;C:\Users\kevin\.m2\repository\org\glassfish\jaxb\txw2\2.3.1\txw2-2.3.1.jar;C:\Users\kevin\.m2\repository\com\sun\istack\istack-commons-runtime\3.0.7\istack-commons-runtime-3.0.7.jar;C:\Users\kevin\.m2\repository\org\jvnet\staxex\stax-ex\1.8\stax-ex-1.8.jar;C:\Users\kevin\.m2\repository\com\sun\xml\fastinfoset\FastInfoset\1.2.15\FastInfoset-1.2.15.jar;C:\Users\kevin\.m2\repository\org\hibernate\common\hibernate-commons-annotations\5.1.2.Final\hibernate-commons-annotations-5.1.2.Final.jar;C:\Users\kevin\.m2\repository\net\bytebuddy\byte-buddy\1.11.20\byte-buddy-1.11.20.jar;C:\Users\kevin\.m2\repository\org\jboss\spec\javax\transaction\jboss-transaction-api_1.2_spec\1.1.1.Final\jboss-transaction-api_1.2_spec-1.1.1.Final.jar;C:\Users\kevin\.m2\repository\mysql\mysql-connector-java\8.0.27\mysql-connector-java-8.0.27.jar;C:\Users\kevin\.m2\repository\com\google\protobuf\protobuf-java\3.11.4\protobuf-java-3.11.4.jar;C:\Users\kevin\.m2\repository\org\junit\jupiter\junit-jupiter\5.7.0\junit-jupiter-5.7.0.jar;C:\Users\kevin\.m2\repository\org\junit\jupiter\junit-jupiter-api\5.7.0\junit-jupiter-api-5.7.0.jar;C:\Users\kevin\.m2\repository\org\apiguardian\apiguardian-api\1.1.0\apiguardian-api-1.1.0.jar;C:\Users\kevin\.m2\repository\org\opentest4j\opentest4j\1.2.0\opentest4j-1.2.0.jar;C:\Users\kevin\.m2\repository\org\junit\platform\junit-platform-commons\1.7.0\junit-platform-commons-1.7.0.jar;C:\Users\kevin\.m2\repository\org\junit\jupiter\junit-jupiter-params\5.7.0\junit-jupiter-params-5.7.0.jar;C:\Users\kevin\.m2\repository\org\junit\jupiter\junit-jupiter-engine\5.7.0\junit-jupiter-engine-5.7.0.jar;C:\Users\kevin\.m2\repository\org\junit\platform\junit-platform-engine\1.7.0\junit-platform-engine-1.7.0.jar;C:\Users\kevin\.m2\repository\org\hamcrest\hamcrest\2.2\hamcrest-2.2.jar;C:\Users\kevin\.m2\repository\org\hamcrest\hamcrest-library\2.2\hamcrest-library-2.2.jar;C:\Users\kevin\.m2\repository\org\hamcrest\hamcrest-core\2.2\hamcrest-core-2.2.jar;"/>
    <property name="sun.cpu.endian" value="little"/>
    <property name="user.home" value="C:\Users\kevin"/>
    <property name="user.language" value="en"/>
    <property name="java.specification.vendor" value="Oracle Corporation"/>
    <property name="java.version.date" value="2021-10-19"/>
    <property name="generateReports" value="false"/>
    <property name="java.home" value="C:\Adoptium\jdk17-0.1.12-hotspot"/>
    <property name="file.separator" value="\"/>
    <property name="basedir" value="C:\Users\kevin\Desktop\deng\Level 4\CST8277\Assignment3\BloodBank-JPA-Mapping-JUnit-Skeleton\BloodBank-JPA-Mapping-JUnit-Skeleton"/>
    <property name="java.vm.compressedOopsMode" value="32-bit"/>
    <property name="line.separator" value="&#10;"/>
    <property name="java.vm.specification.vendor" value="Oracle Corporation"/>
    <property name="java.specification.name" value="Java Platform API Specification"/>
    <property name="surefire.real.class.path" value="C:\Users\kevin\AppData\Local\Temp\surefire18194086892689398323\surefirebooter10700891792878116927.jar"/>
    <property name="user.script" value=""/>
    <property name="sun.management.compiler" value="HotSpot 64-Bit Tiered Compilers"/>
    <property name="java.runtime.version" value="17.0.1+12"/>
    <property name="user.name" value="kevin"/>
    <property name="path.separator" value=";"/>
    <property name="os.version" value="10.0"/>
    <property name="java.runtime.name" value="OpenJDK Runtime Environment"/>
    <property name="file.encoding" value="Cp1252"/>
    <property name="java.vm.name" value="OpenJDK 64-Bit Server VM"/>
    <property name="java.vendor.version" value="Temurin-17.0.1+12"/>
    <property name="localRepository" value="C:\Users\kevin\.m2\repository"/>
    <property name="java.vendor.url.bug" value="https://github.com/adoptium/adoptium-support/issues"/>
    <property name="java.io.tmpdir" value="C:\Users\kevin\AppData\Local\Temp\"/>
    <property name="java.version" value="17.0.1"/>
    <property name="user.dir" value="C:\Users\kevin\Desktop\deng\Level 4\CST8277\Assignment3\BloodBank-JPA-Mapping-JUnit-Skeleton\BloodBank-JPA-Mapping-JUnit-Skeleton"/>
    <property name="os.arch" value="amd64"/>
    <property name="java.vm.specification.name" value="Java Virtual Machine Specification"/>
    <property name="sun.os.patch.level" value=""/>
    <property name="native.encoding" value="Cp1252"/>
    <property name="java.library.path" value="C:\Adoptium\jdk17-0.1.12-hotspot\bin;C:\WINDOWS\Sun\Java\bin;C:\WINDOWS\system32;C:\WINDOWS;C:/Adoptium/jdk17-0.1.12-hotspot/bin/server;C:/Adoptium/jdk17-0.1.12-hotspot/bin;C:\Python310\Scripts\;C:\Python310\;C:\app\kevin\product\12.1.0\dbhome_2\bin;C:\app\kevin\product\12.1.0\dbhome_1\bin;C:\Adoptium\jdk17-0.1.12-hotspot\bin;C:\Program Files\AdoptOpenJDK\jdk-11.0.9.101-hotspot\bin;C:\app\kevin\product\11.2.0\dbhome_1\bin;%JAVA_HOME%\bin;C:\Python38\Scripts\;C:\Python38\;C:\Program Files (x86)\Common Files\Oracle\Java\javapath;C:\Program Files\Microsoft MPI\Bin\;C:\WINDOWS\system32;C:\WINDOWS;C:\WINDOWS\System32\Wbem;C:\WINDOWS\System32\WindowsPowerShell\v1.0\;C:\Program Files (x86)\Microsoft ASP.NET\ASP.NET Web Pages\v1.0\;C:\Program Files (x86)\IVI Foundation\VISA\WinNT\Bin\;C:\Program Files\IVI Foundation\VISA\Win64\Bin\;C:\Program Files (x86)\IVI Foundation\VISA\WinNT\Bin;C:\Program Files\Microsoft SQL Server\130\Tools\Binn\;C:\Program Files (x86)\Microsoft SQL Server\130\Tools\Binn\;C:\Program Files\Microsoft SQL Server\Client SDK\ODBC\130\Tools\Binn\;C:\Program Files\Microsoft SQL Server\130\DTS\Binn\;%JAVA_HOME%\bin\;C:\ProgramData\chocolatey\bin;C:\Program Files\Java\jdk1.8.0_152\bin;C:\WINDOWS\System32\OpenSSH\;C:\Program Files\Git\cmd;C:\Program Files\PuTTY\;C:\Program Files\Microsoft VS Code\bin;C:\Program Files (x86)\Vim\vim81;C:\Program Files (x86)\pgmodeler;C:\Program Files (x86)\Microsoft SQL Server\140\Tools\Binn\;C:\Program Files\Microsoft SQL Server\140\Tools\Binn\;C:\Program Files (x86)\Microsoft SQL Server\140\DTS\Binn\;C:\Program Files\Microsoft SQL Server\140\DTS\Binn\;C:\Program Files\javafx-sdk-11.0.2\bin;C:\Program Files\nodejs\;C:\Program Files\MongoDB\Server\5.0\bin\mongodb-database-tools-windows-x86_64-100.5.2\bin;C:\Users\kevin\AppData\Local\Microsoft\WindowsApps;C:\Program Files\nodejs;C:\Program Files\JetBrains\WebStorm 2018.3.3\bin;;C:\Program Files\JetBrains\IntelliJ IDEA 2019.1.3\bin;;C:\Program Files\JetBrains\PyCharm 2019.2.1\bin;;C:\wamp\bin\php\php7.4.9;C:\Users\kevin\AppData\Roaming\npm;C:\Users\kevin\22w-cst8277-eclipse\eclipse;;."/>
    <property name="java.vm.info" value="mixed mode, sharing"/>
    <property name="java.vendor" value="Eclipse Adoptium"/>
    <property name="java.vm.version" value="17.0.1+12"/>
    <property name="sun.io.unicode.encoding" value="UnicodeLittle"/>
    <property name="java.class.version" value="61.0"/>
  </properties>
  <testcase name="test01_Empty" classname="bloodbank.entity.TestCRUDContactOriginal" time="0.005">
    <system-out><![CDATA[2022-03-27T10:35:12,107|[WARN ] pooling -HHH10001002: Using Hibernate built-in connection pool (not for production use!)
2022-03-27T10:35:12,295|[DEBUG] SQL -
    
    use bloodbank
2022-03-27T10:35:12,300|[DEBUG] SQL -
    
    SET FOREIGN_KEY_CHECKS=0
2022-03-27T10:35:12,301|[DEBUG] SQL -
    
    TRUNCATE TABLE bloodbank.address
2022-03-27T10:35:12,451|[DEBUG] SQL -
    
    TRUNCATE TABLE bloodbank.blood_bank
2022-03-27T10:35:12,547|[DEBUG] SQL -
    
    TRUNCATE TABLE bloodbank.blood_donation
2022-03-27T10:35:12,581|[DEBUG] SQL -
    
    TRUNCATE TABLE bloodbank.contact
2022-03-27T10:35:12,617|[DEBUG] SQL -
    
    TRUNCATE TABLE bloodbank.donation_record
2022-03-27T10:35:12,653|[DEBUG] SQL -
    
    TRUNCATE TABLE bloodbank.person
2022-03-27T10:35:12,684|[DEBUG] SQL -
    
    TRUNCATE TABLE bloodbank.phone
2022-03-27T10:35:12,720|[DEBUG] SQL -
    
    SET FOREIGN_KEY_CHECKS=1
2022-03-27T10:35:12,723|[DEBUG] SQL -CREATE SCHEMA IF NOT EXISTS `bloodbank` DEFAULT CHARACTER SET utf8mb4
2022-03-27T10:35:12,726|[DEBUG] SQL -
    
    USE `bloodbank`
2022-03-27T10:35:12,727|[DEBUG] SQL -
    
    CREATE TABLE IF NOT EXISTS `person` (
          `id` INT NOT NULL AUTO_INCREMENT,
          `first_name` VARCHAR(50) NOT NULL,
          `last_name` VARCHAR(50) NOT NULL,
          `created` DATETIME NULL,
          `updated` DATETIME NULL,
          `version` BIGINT NOT NULL DEFAULT 1,
          PRIMARY KEY (`id`) 
    )
2022-03-27T10:35:12,731|[DEBUG] SQL -
    
    CREATE TABLE IF NOT EXISTS `blood_bank` (
          `bank_id` INT NOT NULL AUTO_INCREMENT,
          `name` VARCHAR(100) NOT NULL,
          `privately_owned` BIT(1) NOT NULL,
          `created` DATETIME NULL,
          `updated` DATETIME NULL,
          `version` BIGINT NOT NULL DEFAULT 1,
          PRIMARY KEY (`bank_id`),
          UNIQUE INDEX `name_UNIQUE` (`name` ASC) VISIBLE 
    )
2022-03-27T10:35:12,734|[DEBUG] SQL -
    
    CREATE TABLE IF NOT EXISTS `blood_donation` (
          `donation_id` INT NOT NULL AUTO_INCREMENT,
          `bank_id` INT NOT NULL,
          `milliliters` INT NOT NULL,
          `blood_group` CHAR(2) NOT NULL,
          `rhd` BIT(1) NOT NULL,
          `created` DATETIME NULL,
          `updated` DATETIME NULL,
          `version` BIGINT NOT NULL DEFAULT 1,
          PRIMARY KEY (`donation_id`),
          INDEX `fk_blood_donation_blood_bank1_idx` (`bank_id` ASC) VISIBLE,
          CONSTRAINT `fk_blood_donation_blood_bank1`     FOREIGN KEY (`bank_id`) REFERENCES `blood_bank` (`bank_id`) ON DELETE NO ACTION ON UPDATE NO ACTION 
    )
2022-03-27T10:35:12,737|[DEBUG] SQL -
    
    CREATE TABLE IF NOT EXISTS `donation_record` (
          `record_id` INT NOT NULL AUTO_INCREMENT,
          `person_id` INT NOT NULL,
          `donation_id` INT NULL,
          `tested` BIT(1) NOT NULL,
          `created` DATETIME NULL,
          `updated` DATETIME NULL,
          `version` BIGINT NOT NULL DEFAULT 1,
          INDEX `fk_donation_record_person1_idx` (`person_id` ASC) VISIBLE,
          INDEX `fk_donation_record_blood_donation1_idx` (`donation_id` ASC) VISIBLE,
          UNIQUE INDEX `record_id_UNIQUE` (`record_id` ASC) VISIBLE,
          PRIMARY KEY (`record_id`),
          CONSTRAINT `fk_donation_record_person1`     FOREIGN KEY (`person_id`)     REFERENCES `person` (`id`)     ON DELETE NO ACTION     ON UPDATE NO ACTION,
          CONSTRAINT `fk_donation_record_blood_donation1`     FOREIGN KEY (`donation_id`)     REFERENCES `blood_donation` (`donation_id`)     ON DELETE NO ACTION     ON UPDATE NO ACTION 
    )
2022-03-27T10:35:12,741|[DEBUG] SQL -
    
    CREATE TABLE IF NOT EXISTS `address` (
          `address_id` INT NOT NULL AUTO_INCREMENT,
          `street_number` VARCHAR(10) NOT NULL,
          `street` VARCHAR(100) NOT NULL,
          `city` VARCHAR(100) NOT NULL,
          `province` VARCHAR(100) NOT NULL,
          `country` VARCHAR(100) NOT NULL,
          `zipcode` VARCHAR(100) NOT NULL,
          `created` DATETIME NULL,
          `updated` DATETIME NULL,
          `version` BIGINT NOT NULL DEFAULT 1,
          PRIMARY KEY (`address_id`) 
    )
2022-03-27T10:35:12,745|[DEBUG] SQL -
    
    CREATE TABLE IF NOT EXISTS `phone` (
          `phone_id` INT NOT NULL AUTO_INCREMENT,
          `country_code` VARCHAR(10) NOT NULL DEFAULT '1',
          `area_code` VARCHAR(10) NOT NULL,
          `number` VARCHAR(10) NOT NULL,
          `created` DATETIME NULL,
          `updated` DATETIME NULL,
          `version` BIGINT NOT NULL DEFAULT 1,
          PRIMARY KEY (`phone_id`) 
    )
2022-03-27T10:35:12,748|[DEBUG] SQL -
    
    CREATE TABLE IF NOT EXISTS `contact` (
          `person_id` INT NOT NULL,
          `phone_id` INT NOT NULL,
          `contact_type` VARCHAR(10) NOT NULL,
          `email` VARCHAR(100) NULL,
          `address_id` INT NULL,
          `created` DATETIME NULL,
          `updated` DATETIME NULL,
          `version` BIGINT NOT NULL DEFAULT 1,
          PRIMARY KEY (`person_id`, `phone_id`),
          INDEX `fk_contact_phone1_idx` (`phone_id` ASC) VISIBLE,
          INDEX `fk_contact_person1_idx` (`person_id` ASC) VISIBLE,
          CONSTRAINT `fk_contact_address1`     FOREIGN KEY (`address_id`)     REFERENCES `address` (`address_id`)     ON DELETE NO ACTION     ON UPDATE NO ACTION,
          CONSTRAINT `fk_contact_phone1`     FOREIGN KEY (`phone_id`)     REFERENCES `phone` (`phone_id`)     ON DELETE NO ACTION     ON UPDATE NO ACTION,
          CONSTRAINT `fk_contact_person1`     FOREIGN KEY (`person_id`)     REFERENCES `person` (`id`)     ON DELETE NO ACTION     ON UPDATE NO ACTION 
    )
2022-03-27T10:35:12,767|[DEBUG] SQL -
    /* delete Address as generatedAlias0 */ delete 
        from
            address
2022-03-27T10:35:12,769|[DEBUG] SQL -
    /* delete Phone as generatedAlias0 */ delete 
        from
            phone
2022-03-27T10:35:12,770|[DEBUG] SQL -
    /* delete Person as generatedAlias0 */ delete 
        from
            person
2022-03-27T10:35:12,771|[DEBUG] SQL -
    /* delete Contact as generatedAlias0 */ delete 
        from
            contact
2022-03-27T10:35:12,772|[DEBUG] SQL -
    /* delete BloodBank as generatedAlias0 */ delete 
        from
            blood_bank
2022-03-27T10:35:12,773|[DEBUG] SQL -
    /* delete BloodDonation as generatedAlias0 */ delete 
        from
            blood_donation
2022-03-27T10:35:12,774|[DEBUG] SQL -
    /* delete DonationRecord as generatedAlias0 */ delete 
        from
            donation_record
2022-03-27T10:35:12,778|[DEBUG] SQL -
    /* select
        count(generatedAlias0) 
    from
        Contact as generatedAlias0 */ select
            count(contact0_.person_id) as col_0_0_ 
        from
            contact contact0_
]]></system-out>
  </testcase>
  <testcase name="test02_Create" classname="bloodbank.entity.TestCRUDContactOriginal" time="0.024">
    <system-out><![CDATA[2022-03-27T10:35:12,788|[DEBUG] SQL -
    /* insert bloodbank.entity.Person
        */ insert 
        into
            person
            (created, updated, version, first_name, last_name) 
        values
            (?, ?, ?, ?, ?)
2022-03-27T10:35:12,788|[TRACE] BasicBinder -binding parameter [1] as [TIMESTAMP] - [2022-03-27T10:35:12.787957100]
2022-03-27T10:35:12,788|[TRACE] BasicBinder -binding parameter [2] as [TIMESTAMP] - [2022-03-27T10:35:12.787957100]
2022-03-27T10:35:12,788|[TRACE] BasicBinder -binding parameter [3] as [INTEGER] - [0]
2022-03-27T10:35:12,788|[TRACE] BasicBinder -binding parameter [4] as [VARCHAR] - [Teddy]
2022-03-27T10:35:12,788|[TRACE] BasicBinder -binding parameter [5] as [VARCHAR] - [Yap]
2022-03-27T10:35:12,790|[DEBUG] SQL -
    /* insert bloodbank.entity.Phone
        */ insert 
        into
            phone
            (created, updated, version, area_code, country_code, number) 
        values
            (?, ?, ?, ?, ?, ?)
2022-03-27T10:35:12,790|[TRACE] BasicBinder -binding parameter [1] as [TIMESTAMP] - [2022-03-27T10:35:12.790949900]
2022-03-27T10:35:12,790|[TRACE] BasicBinder -binding parameter [2] as [TIMESTAMP] - [2022-03-27T10:35:12.790949900]
2022-03-27T10:35:12,791|[TRACE] BasicBinder -binding parameter [3] as [INTEGER] - [0]
2022-03-27T10:35:12,791|[TRACE] BasicBinder -binding parameter [4] as [VARCHAR] - [234]
2022-03-27T10:35:12,791|[TRACE] BasicBinder -binding parameter [5] as [VARCHAR] - [0]
2022-03-27T10:35:12,791|[TRACE] BasicBinder -binding parameter [6] as [VARCHAR] - [5678900]
2022-03-27T10:35:12,792|[DEBUG] SQL -
    /* insert bloodbank.entity.Address
        */ insert 
        into
            address
            (created, updated, version, city, country, province, street, street_number, zipcode) 
        values
            (?, ?, ?, ?, ?, ?, ?, ?, ?)
2022-03-27T10:35:12,793|[TRACE] BasicBinder -binding parameter [1] as [TIMESTAMP] - [2022-03-27T10:35:12.792945100]
2022-03-27T10:35:12,793|[TRACE] BasicBinder -binding parameter [2] as [TIMESTAMP] - [2022-03-27T10:35:12.792945100]
2022-03-27T10:35:12,793|[TRACE] BasicBinder -binding parameter [3] as [INTEGER] - [0]
2022-03-27T10:35:12,793|[TRACE] BasicBinder -binding parameter [4] as [VARCHAR] - [ottawa]
2022-03-27T10:35:12,793|[TRACE] BasicBinder -binding parameter [5] as [VARCHAR] - [CA]
2022-03-27T10:35:12,793|[TRACE] BasicBinder -binding parameter [6] as [VARCHAR] - [ON]
2022-03-27T10:35:12,793|[TRACE] BasicBinder -binding parameter [7] as [VARCHAR] - [abcd Dr.W]
2022-03-27T10:35:12,793|[TRACE] BasicBinder -binding parameter [8] as [VARCHAR] - [123]
2022-03-27T10:35:12,793|[TRACE] BasicBinder -binding parameter [9] as [VARCHAR] - [A1B2C3]
2022-03-27T10:35:12,796|[DEBUG] SQL -
    /* insert bloodbank.entity.Contact
        */ insert 
        into
            contact
            (created, updated, version, address_id, contact_type, email, person_id, phone_id) 
        values
            (?, ?, ?, ?, ?, ?, ?, ?)
2022-03-27T10:35:12,796|[TRACE] BasicBinder -binding parameter [1] as [TIMESTAMP] - [2022-03-27T10:35:12.787957100]
2022-03-27T10:35:12,797|[TRACE] BasicBinder -binding parameter [2] as [TIMESTAMP] - [2022-03-27T10:35:12.787957100]
2022-03-27T10:35:12,797|[TRACE] BasicBinder -binding parameter [3] as [INTEGER] - [0]
2022-03-27T10:35:12,797|[TRACE] BasicBinder -binding parameter [4] as [INTEGER] - [1]
2022-03-27T10:35:12,797|[TRACE] BasicBinder -binding parameter [5] as [VARCHAR] - [Home]
2022-03-27T10:35:12,797|[TRACE] BasicBinder -binding parameter [6] as [VARCHAR] - [test@test.com]
2022-03-27T10:35:12,797|[TRACE] BasicBinder -binding parameter [7] as [INTEGER] - [1]
2022-03-27T10:35:12,797|[TRACE] BasicBinder -binding parameter [8] as [INTEGER] - [1]
2022-03-27T10:35:12,804|[DEBUG] SQL -
    /* select
        count(generatedAlias0) 
    from
        Contact as generatedAlias0 
    where
        generatedAlias0.id=:id */ select
            count(contact0_.person_id) as col_0_0_ 
        from
            contact contact0_ 
        where
            (
                contact0_.person_id, contact0_.phone_id
            )=(
                ?, ?
            )
2022-03-27T10:35:12,805|[TRACE] BasicBinder -binding parameter [1] as [INTEGER] - [1]
2022-03-27T10:35:12,805|[TRACE] BasicBinder -binding parameter [2] as [INTEGER] - [1]
]]></system-out>
  </testcase>
  <testcase name="test03_CreateInvalid" classname="bloodbank.entity.TestCRUDContactOriginal" time="0.003"/>
  <testcase name="test04_Read" classname="bloodbank.entity.TestCRUDContactOriginal" time="0.004">
    <system-out><![CDATA[2022-03-27T10:35:12,811|[DEBUG] SQL -
    /* select
        generatedAlias0 
    from
        Contact as generatedAlias0 */ select
            contact0_.person_id as person_i1_3_,
            contact0_.phone_id as phone_id2_3_,
            contact0_.created as created3_3_,
            contact0_.updated as updated4_3_,
            contact0_.version as version5_3_,
            contact0_.address_id as address_8_3_,
            contact0_.contact_type as contact_6_3_,
            contact0_.email as email7_3_ 
        from
            contact contact0_
]]></system-out>
  </testcase>
  <testcase name="test05_ReadDependencies" classname="bloodbank.entity.TestCRUDContactOriginal" time="0.011">
    <system-out><![CDATA[2022-03-27T10:35:12,816|[DEBUG] SQL -
    /* select
        generatedAlias0 
    from
        Contact as generatedAlias0 
    where
        generatedAlias0.id=:id */ select
            contact0_.person_id as person_i1_3_,
            contact0_.phone_id as phone_id2_3_,
            contact0_.created as created3_3_,
            contact0_.updated as updated4_3_,
            contact0_.version as version5_3_,
            contact0_.address_id as address_8_3_,
            contact0_.contact_type as contact_6_3_,
            contact0_.email as email7_3_ 
        from
            contact contact0_ 
        where
            (
                contact0_.person_id, contact0_.phone_id
            )=(
                ?, ?
            )
2022-03-27T10:35:12,817|[TRACE] BasicBinder -binding parameter [1] as [INTEGER] - [1]
2022-03-27T10:35:12,817|[TRACE] BasicBinder -binding parameter [2] as [INTEGER] - [1]
2022-03-27T10:35:12,819|[DEBUG] SQL -
    select
        person0_.id as id1_5_0_,
        person0_.created as created2_5_0_,
        person0_.updated as updated3_5_0_,
        person0_.version as version4_5_0_,
        person0_.first_name as first_na5_5_0_,
        person0_.last_name as last_nam6_5_0_ 
    from
        person person0_ 
    where
        person0_.id=?
2022-03-27T10:35:12,820|[TRACE] BasicBinder -binding parameter [1] as [INTEGER] - [1]
2022-03-27T10:35:12,822|[DEBUG] SQL -
    select
        phone0_.phone_id as phone_id1_6_0_,
        phone0_.created as created2_6_0_,
        phone0_.updated as updated3_6_0_,
        phone0_.version as version4_6_0_,
        phone0_.area_code as area_cod5_6_0_,
        phone0_.country_code as country_6_6_0_,
        phone0_.number as number7_6_0_ 
    from
        phone phone0_ 
    where
        phone0_.phone_id=?
2022-03-27T10:35:12,822|[TRACE] BasicBinder -binding parameter [1] as [INTEGER] - [1]
2022-03-27T10:35:12,824|[DEBUG] SQL -
    select
        address0_.address_id as address_1_0_0_,
        address0_.created as created2_0_0_,
        address0_.updated as updated3_0_0_,
        address0_.version as version4_0_0_,
        address0_.city as city5_0_0_,
        address0_.country as country6_0_0_,
        address0_.province as province7_0_0_,
        address0_.street as street8_0_0_,
        address0_.street_number as street_n9_0_0_,
        address0_.zipcode as zipcode10_0_0_ 
    from
        address address0_ 
    where
        address0_.address_id=?
2022-03-27T10:35:12,824|[TRACE] BasicBinder -binding parameter [1] as [INTEGER] - [1]
]]></system-out>
  </testcase>
  <testcase name="test06_Update" classname="bloodbank.entity.TestCRUDContactOriginal" time="0.012">
    <system-out><![CDATA[2022-03-27T10:35:12,827|[DEBUG] SQL -
    /* select
        generatedAlias0 
    from
        Contact as generatedAlias0 
    where
        generatedAlias0.id=:id */ select
            contact0_.person_id as person_i1_3_,
            contact0_.phone_id as phone_id2_3_,
            contact0_.created as created3_3_,
            contact0_.updated as updated4_3_,
            contact0_.version as version5_3_,
            contact0_.address_id as address_8_3_,
            contact0_.contact_type as contact_6_3_,
            contact0_.email as email7_3_ 
        from
            contact contact0_ 
        where
            (
                contact0_.person_id, contact0_.phone_id
            )=(
                ?, ?
            )
2022-03-27T10:35:12,828|[TRACE] BasicBinder -binding parameter [1] as [INTEGER] - [1]
2022-03-27T10:35:12,828|[TRACE] BasicBinder -binding parameter [2] as [INTEGER] - [1]
2022-03-27T10:35:12,830|[DEBUG] SQL -
    /* update
        bloodbank.entity.Contact */ update
            contact 
        set
            created=?,
            updated=?,
            version=?,
            address_id=?,
            contact_type=?,
            email=? 
        where
            person_id=? 
            and phone_id=? 
            and version=?
2022-03-27T10:35:12,831|[TRACE] BasicBinder -binding parameter [1] as [TIMESTAMP] - [2022-03-27T10:35:13]
2022-03-27T10:35:12,831|[TRACE] BasicBinder -binding parameter [2] as [TIMESTAMP] - [2022-03-27T10:35:12.830842200]
2022-03-27T10:35:12,831|[TRACE] BasicBinder -binding parameter [3] as [INTEGER] - [1]
2022-03-27T10:35:12,831|[TRACE] BasicBinder -binding parameter [4] as [INTEGER] - [1]
2022-03-27T10:35:12,831|[TRACE] BasicBinder -binding parameter [5] as [VARCHAR] - [Work]
2022-03-27T10:35:12,831|[TRACE] BasicBinder -binding parameter [6] as [VARCHAR] - [test3@test3.com]
2022-03-27T10:35:12,831|[TRACE] BasicBinder -binding parameter [7] as [INTEGER] - [1]
2022-03-27T10:35:12,831|[TRACE] BasicBinder -binding parameter [8] as [INTEGER] - [1]
2022-03-27T10:35:12,831|[TRACE] BasicBinder -binding parameter [9] as [INTEGER] - [0]
2022-03-27T10:35:12,836|[DEBUG] SQL -
    /* select
        generatedAlias0 
    from
        Contact as generatedAlias0 
    where
        generatedAlias0.id=:id */ select
            contact0_.person_id as person_i1_3_,
            contact0_.phone_id as phone_id2_3_,
            contact0_.created as created3_3_,
            contact0_.updated as updated4_3_,
            contact0_.version as version5_3_,
            contact0_.address_id as address_8_3_,
            contact0_.contact_type as contact_6_3_,
            contact0_.email as email7_3_ 
        from
            contact contact0_ 
        where
            (
                contact0_.person_id, contact0_.phone_id
            )=(
                ?, ?
            )
2022-03-27T10:35:12,836|[TRACE] BasicBinder -binding parameter [1] as [INTEGER] - [1]
2022-03-27T10:35:12,837|[TRACE] BasicBinder -binding parameter [2] as [INTEGER] - [1]
]]></system-out>
  </testcase>
  <testcase name="test07_UpdateDependencies" classname="bloodbank.entity.TestCRUDContactOriginal" time="0.023">
    <system-out><![CDATA[2022-03-27T10:35:12,840|[DEBUG] SQL -
    /* select
        generatedAlias0 
    from
        Contact as generatedAlias0 
    where
        generatedAlias0.id=:id */ select
            contact0_.person_id as person_i1_3_,
            contact0_.phone_id as phone_id2_3_,
            contact0_.created as created3_3_,
            contact0_.updated as updated4_3_,
            contact0_.version as version5_3_,
            contact0_.address_id as address_8_3_,
            contact0_.contact_type as contact_6_3_,
            contact0_.email as email7_3_ 
        from
            contact contact0_ 
        where
            (
                contact0_.person_id, contact0_.phone_id
            )=(
                ?, ?
            )
2022-03-27T10:35:12,841|[TRACE] BasicBinder -binding parameter [1] as [INTEGER] - [1]
2022-03-27T10:35:12,841|[TRACE] BasicBinder -binding parameter [2] as [INTEGER] - [1]
2022-03-27T10:35:12,842|[DEBUG] SQL -
    select
        phone0_.phone_id as phone_id1_6_0_,
        phone0_.created as created2_6_0_,
        phone0_.updated as updated3_6_0_,
        phone0_.version as version4_6_0_,
        phone0_.area_code as area_cod5_6_0_,
        phone0_.country_code as country_6_6_0_,
        phone0_.number as number7_6_0_ 
    from
        phone phone0_ 
    where
        phone0_.phone_id=?
2022-03-27T10:35:12,843|[TRACE] BasicBinder -binding parameter [1] as [INTEGER] - [1]
2022-03-27T10:35:12,844|[DEBUG] SQL -
    select
        address0_.address_id as address_1_0_0_,
        address0_.created as created2_0_0_,
        address0_.updated as updated3_0_0_,
        address0_.version as version4_0_0_,
        address0_.city as city5_0_0_,
        address0_.country as country6_0_0_,
        address0_.province as province7_0_0_,
        address0_.street as street8_0_0_,
        address0_.street_number as street_n9_0_0_,
        address0_.zipcode as zipcode10_0_0_ 
    from
        address address0_ 
    where
        address0_.address_id=?
2022-03-27T10:35:12,845|[TRACE] BasicBinder -binding parameter [1] as [INTEGER] - [1]
2022-03-27T10:35:12,846|[DEBUG] SQL -
    select
        person0_.id as id1_5_0_,
        person0_.created as created2_5_0_,
        person0_.updated as updated3_5_0_,
        person0_.version as version4_5_0_,
        person0_.first_name as first_na5_5_0_,
        person0_.last_name as last_nam6_5_0_ 
    from
        person person0_ 
    where
        person0_.id=?
2022-03-27T10:35:12,847|[TRACE] BasicBinder -binding parameter [1] as [INTEGER] - [1]
2022-03-27T10:35:12,848|[DEBUG] SQL -
    select
        contacts0_.address_id as address_8_3_0_,
        contacts0_.person_id as person_i1_3_0_,
        contacts0_.phone_id as phone_id2_3_0_,
        contacts0_.person_id as person_i1_3_1_,
        contacts0_.phone_id as phone_id2_3_1_,
        contacts0_.created as created3_3_1_,
        contacts0_.updated as updated4_3_1_,
        contacts0_.version as version5_3_1_,
        contacts0_.address_id as address_8_3_1_,
        contacts0_.contact_type as contact_6_3_1_,
        contacts0_.email as email7_3_1_ 
    from
        contact contacts0_ 
    where
        contacts0_.address_id=?
2022-03-27T10:35:12,849|[TRACE] BasicBinder -binding parameter [1] as [INTEGER] - [1]
2022-03-27T10:35:12,850|[DEBUG] SQL -
    select
        contacts0_.phone_id as phone_id2_3_0_,
        contacts0_.person_id as person_i1_3_0_,
        contacts0_.person_id as person_i1_3_1_,
        contacts0_.phone_id as phone_id2_3_1_,
        contacts0_.created as created3_3_1_,
        contacts0_.updated as updated4_3_1_,
        contacts0_.version as version5_3_1_,
        contacts0_.address_id as address_8_3_1_,
        contacts0_.contact_type as contact_6_3_1_,
        contacts0_.email as email7_3_1_ 
    from
        contact contacts0_ 
    where
        contacts0_.phone_id=?
2022-03-27T10:35:12,850|[TRACE] BasicBinder -binding parameter [1] as [INTEGER] - [1]
2022-03-27T10:35:12,851|[DEBUG] SQL -
    select
        contacts0_.person_id as person_i1_3_0_,
        contacts0_.phone_id as phone_id2_3_0_,
        contacts0_.person_id as person_i1_3_1_,
        contacts0_.phone_id as phone_id2_3_1_,
        contacts0_.created as created3_3_1_,
        contacts0_.updated as updated4_3_1_,
        contacts0_.version as version5_3_1_,
        contacts0_.address_id as address_8_3_1_,
        contacts0_.contact_type as contact_6_3_1_,
        contacts0_.email as email7_3_1_ 
    from
        contact contacts0_ 
    where
        contacts0_.person_id=?
2022-03-27T10:35:12,851|[TRACE] BasicBinder -binding parameter [1] as [INTEGER] - [1]
2022-03-27T10:35:12,853|[DEBUG] SQL -
    /* update
        bloodbank.entity.Phone */ update
            phone 
        set
            created=?,
            updated=?,
            version=?,
            area_code=?,
            country_code=?,
            number=? 
        where
            phone_id=? 
            and version=?
2022-03-27T10:35:12,853|[TRACE] BasicBinder -binding parameter [1] as [TIMESTAMP] - [2022-03-27T10:35:13]
2022-03-27T10:35:12,853|[TRACE] BasicBinder -binding parameter [2] as [TIMESTAMP] - [2022-03-27T10:35:12.852783600]
2022-03-27T10:35:12,853|[TRACE] BasicBinder -binding parameter [3] as [INTEGER] - [1]
2022-03-27T10:35:12,853|[TRACE] BasicBinder -binding parameter [4] as [VARCHAR] - [876]
2022-03-27T10:35:12,853|[TRACE] BasicBinder -binding parameter [5] as [VARCHAR] - [9]
2022-03-27T10:35:12,853|[TRACE] BasicBinder -binding parameter [6] as [VARCHAR] - [5432100]
2022-03-27T10:35:12,853|[TRACE] BasicBinder -binding parameter [7] as [INTEGER] - [1]
2022-03-27T10:35:12,854|[TRACE] BasicBinder -binding parameter [8] as [INTEGER] - [0]
2022-03-27T10:35:12,855|[DEBUG] SQL -
    /* update
        bloodbank.entity.Address */ update
            address 
        set
            created=?,
            updated=?,
            version=?,
            city=?,
            country=?,
            province=?,
            street=?,
            street_number=?,
            zipcode=? 
        where
            address_id=? 
            and version=?
2022-03-27T10:35:12,855|[TRACE] BasicBinder -binding parameter [1] as [TIMESTAMP] - [2022-03-27T10:35:13]
2022-03-27T10:35:12,855|[TRACE] BasicBinder -binding parameter [2] as [TIMESTAMP] - [2022-03-27T10:35:12.853781200]
2022-03-27T10:35:12,855|[TRACE] BasicBinder -binding parameter [3] as [INTEGER] - [1]
2022-03-27T10:35:12,855|[TRACE] BasicBinder -binding parameter [4] as [VARCHAR] - [Vancouver]
2022-03-27T10:35:12,855|[TRACE] BasicBinder -binding parameter [5] as [VARCHAR] - [CA]
2022-03-27T10:35:12,855|[TRACE] BasicBinder -binding parameter [6] as [VARCHAR] - [BS]
2022-03-27T10:35:12,855|[TRACE] BasicBinder -binding parameter [7] as [VARCHAR] - [zxcv Dr.E]
2022-03-27T10:35:12,855|[TRACE] BasicBinder -binding parameter [8] as [VARCHAR] - [7654]
2022-03-27T10:35:12,855|[TRACE] BasicBinder -binding parameter [9] as [VARCHAR] - [Z9Y8X7W]
2022-03-27T10:35:12,855|[TRACE] BasicBinder -binding parameter [10] as [INTEGER] - [1]
2022-03-27T10:35:12,856|[TRACE] BasicBinder -binding parameter [11] as [INTEGER] - [0]
2022-03-27T10:35:12,856|[DEBUG] SQL -
    /* update
        bloodbank.entity.Person */ update
            person 
        set
            created=?,
            updated=?,
            version=?,
            first_name=?,
            last_name=? 
        where
            id=? 
            and version=?
2022-03-27T10:35:12,857|[TRACE] BasicBinder -binding parameter [1] as [TIMESTAMP] - [2022-03-27T10:35:13]
2022-03-27T10:35:12,857|[TRACE] BasicBinder -binding parameter [2] as [TIMESTAMP] - [2022-03-27T10:35:12.853781200]
2022-03-27T10:35:12,857|[TRACE] BasicBinder -binding parameter [3] as [INTEGER] - [1]
2022-03-27T10:35:12,857|[TRACE] BasicBinder -binding parameter [4] as [VARCHAR] - [Jack]
2022-03-27T10:35:12,857|[TRACE] BasicBinder -binding parameter [5] as [VARCHAR] - [Jackson]
2022-03-27T10:35:12,857|[TRACE] BasicBinder -binding parameter [6] as [INTEGER] - [1]
2022-03-27T10:35:12,857|[TRACE] BasicBinder -binding parameter [7] as [INTEGER] - [0]
2022-03-27T10:35:12,861|[DEBUG] SQL -
    /* select
        generatedAlias0 
    from
        Contact as generatedAlias0 
    where
        generatedAlias0.id=:id */ select
            contact0_.person_id as person_i1_3_,
            contact0_.phone_id as phone_id2_3_,
            contact0_.created as created3_3_,
            contact0_.updated as updated4_3_,
            contact0_.version as version5_3_,
            contact0_.address_id as address_8_3_,
            contact0_.contact_type as contact_6_3_,
            contact0_.email as email7_3_ 
        from
            contact contact0_ 
        where
            (
                contact0_.person_id, contact0_.phone_id
            )=(
                ?, ?
            )
2022-03-27T10:35:12,861|[TRACE] BasicBinder -binding parameter [1] as [INTEGER] - [1]
2022-03-27T10:35:12,861|[TRACE] BasicBinder -binding parameter [2] as [INTEGER] - [1]
]]></system-out>
  </testcase>
  <testcase name="test08_DeleteDependecy" classname="bloodbank.entity.TestCRUDContactOriginal" time="0.014">
    <system-out><![CDATA[2022-03-27T10:35:12,863|[DEBUG] SQL -
    /* select
        generatedAlias0 
    from
        Contact as generatedAlias0 
    where
        generatedAlias0.id=:id */ select
            contact0_.person_id as person_i1_3_,
            contact0_.phone_id as phone_id2_3_,
            contact0_.created as created3_3_,
            contact0_.updated as updated4_3_,
            contact0_.version as version5_3_,
            contact0_.address_id as address_8_3_,
            contact0_.contact_type as contact_6_3_,
            contact0_.email as email7_3_ 
        from
            contact contact0_ 
        where
            (
                contact0_.person_id, contact0_.phone_id
            )=(
                ?, ?
            )
2022-03-27T10:35:12,864|[TRACE] BasicBinder -binding parameter [1] as [INTEGER] - [1]
2022-03-27T10:35:12,864|[TRACE] BasicBinder -binding parameter [2] as [INTEGER] - [1]
2022-03-27T10:35:12,866|[DEBUG] SQL -
    /* update
        bloodbank.entity.Contact */ update
            contact 
        set
            created=?,
            updated=?,
            version=?,
            address_id=?,
            contact_type=?,
            email=? 
        where
            person_id=? 
            and phone_id=? 
            and version=?
2022-03-27T10:35:12,867|[TRACE] BasicBinder -binding parameter [1] as [TIMESTAMP] - [2022-03-27T10:35:13]
2022-03-27T10:35:12,867|[TRACE] BasicBinder -binding parameter [2] as [TIMESTAMP] - [2022-03-27T10:35:12.866747]
2022-03-27T10:35:12,867|[TRACE] BasicBinder -binding parameter [3] as [INTEGER] - [2]
2022-03-27T10:35:12,867|[TRACE] BasicBinder -binding parameter [4] as [INTEGER] - [null]
2022-03-27T10:35:12,867|[TRACE] BasicBinder -binding parameter [5] as [VARCHAR] - [Work]
2022-03-27T10:35:12,867|[TRACE] BasicBinder -binding parameter [6] as [VARCHAR] - [test3@test3.com]
2022-03-27T10:35:12,867|[TRACE] BasicBinder -binding parameter [7] as [INTEGER] - [1]
2022-03-27T10:35:12,867|[TRACE] BasicBinder -binding parameter [8] as [INTEGER] - [1]
2022-03-27T10:35:12,867|[TRACE] BasicBinder -binding parameter [9] as [INTEGER] - [1]
2022-03-27T10:35:12,872|[DEBUG] SQL -
    /* select
        generatedAlias0 
    from
        Contact as generatedAlias0 
    where
        generatedAlias0.id=:id */ select
            contact0_.person_id as person_i1_3_,
            contact0_.phone_id as phone_id2_3_,
            contact0_.created as created3_3_,
            contact0_.updated as updated4_3_,
            contact0_.version as version5_3_,
            contact0_.address_id as address_8_3_,
            contact0_.contact_type as contact_6_3_,
            contact0_.email as email7_3_ 
        from
            contact contact0_ 
        where
            (
                contact0_.person_id, contact0_.phone_id
            )=(
                ?, ?
            )
2022-03-27T10:35:12,873|[TRACE] BasicBinder -binding parameter [1] as [INTEGER] - [1]
2022-03-27T10:35:12,873|[TRACE] BasicBinder -binding parameter [2] as [INTEGER] - [1]
2022-03-27T10:35:12,875|[DEBUG] SQL -
    /* select
        count(generatedAlias0) 
    from
        Address as generatedAlias0 
    where
        generatedAlias0.id=:id */ select
            count(address0_.address_id) as col_0_0_ 
        from
            address address0_ 
        where
            address0_.address_id=?
2022-03-27T10:35:12,876|[TRACE] BasicBinder -binding parameter [1] as [INTEGER] - [1]
]]></system-out>
  </testcase>
  <testcase name="test09_Delete" classname="bloodbank.entity.TestCRUDContactOriginal" time="0.047">
    <system-out><![CDATA[2022-03-27T10:35:12,878|[DEBUG] SQL -
    /* select
        generatedAlias0 
    from
        Contact as generatedAlias0 
    where
        generatedAlias0.id=:id */ select
            contact0_.person_id as person_i1_3_,
            contact0_.phone_id as phone_id2_3_,
            contact0_.created as created3_3_,
            contact0_.updated as updated4_3_,
            contact0_.version as version5_3_,
            contact0_.address_id as address_8_3_,
            contact0_.contact_type as contact_6_3_,
            contact0_.email as email7_3_ 
        from
            contact contact0_ 
        where
            (
                contact0_.person_id, contact0_.phone_id
            )=(
                ?, ?
            )
2022-03-27T10:35:12,879|[TRACE] BasicBinder -binding parameter [1] as [INTEGER] - [1]
2022-03-27T10:35:12,879|[TRACE] BasicBinder -binding parameter [2] as [INTEGER] - [1]
2022-03-27T10:35:12,881|[DEBUG] SQL -
    select
        person0_.id as id1_5_0_,
        person0_.created as created2_5_0_,
        person0_.updated as updated3_5_0_,
        person0_.version as version4_5_0_,
        person0_.first_name as first_na5_5_0_,
        person0_.last_name as last_nam6_5_0_ 
    from
        person person0_ 
    where
        person0_.id=?
2022-03-27T10:35:12,882|[TRACE] BasicBinder -binding parameter [1] as [INTEGER] - [1]
2022-03-27T10:35:12,884|[DEBUG] SQL -
    select
        contacts0_.person_id as person_i1_3_0_,
        contacts0_.phone_id as phone_id2_3_0_,
        contacts0_.person_id as person_i1_3_1_,
        contacts0_.phone_id as phone_id2_3_1_,
        contacts0_.created as created3_3_1_,
        contacts0_.updated as updated4_3_1_,
        contacts0_.version as version5_3_1_,
        contacts0_.address_id as address_8_3_1_,
        contacts0_.contact_type as contact_6_3_1_,
        contacts0_.email as email7_3_1_ 
    from
        contact contacts0_ 
    where
        contacts0_.person_id=?
2022-03-27T10:35:12,885|[TRACE] BasicBinder -binding parameter [1] as [INTEGER] - [1]
2022-03-27T10:35:12,888|[DEBUG] SQL -
    /* insert bloodbank.entity.Phone
        */ insert 
        into
            phone
            (created, updated, version, area_code, country_code, number) 
        values
            (?, ?, ?, ?, ?, ?)
2022-03-27T10:35:12,888|[TRACE] BasicBinder -binding parameter [1] as [TIMESTAMP] - [2022-03-27T10:35:12.888689200]
2022-03-27T10:35:12,888|[TRACE] BasicBinder -binding parameter [2] as [TIMESTAMP] - [2022-03-27T10:35:12.888689200]
2022-03-27T10:35:12,888|[TRACE] BasicBinder -binding parameter [3] as [INTEGER] - [0]
2022-03-27T10:35:12,888|[TRACE] BasicBinder -binding parameter [4] as [VARCHAR] - [673]
2022-03-27T10:35:12,888|[TRACE] BasicBinder -binding parameter [5] as [VARCHAR] - [2]
2022-03-27T10:35:12,888|[TRACE] BasicBinder -binding parameter [6] as [VARCHAR] - [9845385]
2022-03-27T10:35:12,891|[DEBUG] SQL -
    /* insert bloodbank.entity.Contact
        */ insert 
        into
            contact
            (created, updated, version, address_id, contact_type, email, person_id, phone_id) 
        values
            (?, ?, ?, ?, ?, ?, ?, ?)
2022-03-27T10:35:12,891|[TRACE] BasicBinder -binding parameter [1] as [TIMESTAMP] - [2022-03-27T10:35:12.887691100]
2022-03-27T10:35:12,891|[TRACE] BasicBinder -binding parameter [2] as [TIMESTAMP] - [2022-03-27T10:35:12.887691100]
2022-03-27T10:35:12,891|[TRACE] BasicBinder -binding parameter [3] as [INTEGER] - [0]
2022-03-27T10:35:12,892|[TRACE] BasicBinder -binding parameter [4] as [INTEGER] - [null]
2022-03-27T10:35:12,892|[TRACE] BasicBinder -binding parameter [5] as [VARCHAR] - [Work]
2022-03-27T10:35:12,892|[TRACE] BasicBinder -binding parameter [6] as [VARCHAR] - [null]
2022-03-27T10:35:12,892|[TRACE] BasicBinder -binding parameter [7] as [INTEGER] - [1]
2022-03-27T10:35:12,892|[TRACE] BasicBinder -binding parameter [8] as [INTEGER] - [2]
2022-03-27T10:35:12,905|[DEBUG] SQL -
    select
        phone0_.phone_id as phone_id1_6_0_,
        phone0_.created as created2_6_0_,
        phone0_.updated as updated3_6_0_,
        phone0_.version as version4_6_0_,
        phone0_.area_code as area_cod5_6_0_,
        phone0_.country_code as country_6_6_0_,
        phone0_.number as number7_6_0_ 
    from
        phone phone0_ 
    where
        phone0_.phone_id=?
2022-03-27T10:35:12,905|[TRACE] BasicBinder -binding parameter [1] as [INTEGER] - [1]
2022-03-27T10:35:12,909|[DEBUG] SQL -
    /* delete bloodbank.entity.Contact */ delete 
        from
            contact 
        where
            person_id=? 
            and phone_id=? 
            and version=?
2022-03-27T10:35:12,909|[TRACE] BasicBinder -binding parameter [1] as [INTEGER] - [1]
2022-03-27T10:35:12,909|[TRACE] BasicBinder -binding parameter [2] as [INTEGER] - [1]
2022-03-27T10:35:12,909|[TRACE] BasicBinder -binding parameter [3] as [INTEGER] - [2]
2022-03-27T10:35:12,910|[DEBUG] SQL -
    /* delete bloodbank.entity.Phone */ delete 
        from
            phone 
        where
            phone_id=? 
            and version=?
2022-03-27T10:35:12,911|[TRACE] BasicBinder -binding parameter [1] as [INTEGER] - [1]
2022-03-27T10:35:12,911|[TRACE] BasicBinder -binding parameter [2] as [INTEGER] - [1]
2022-03-27T10:35:12,918|[DEBUG] SQL -
    /* select
        count(generatedAlias0) 
    from
        Contact as generatedAlias0 
    where
        generatedAlias0.id=:id */ select
            count(contact0_.person_id) as col_0_0_ 
        from
            contact contact0_ 
        where
            (
                contact0_.person_id, contact0_.phone_id
            )=(
                ?, ?
            )
2022-03-27T10:35:12,919|[TRACE] BasicBinder -binding parameter [1] as [INTEGER] - [1]
2022-03-27T10:35:12,919|[TRACE] BasicBinder -binding parameter [2] as [INTEGER] - [1]
2022-03-27T10:35:12,921|[DEBUG] SQL -
    /* select
        count(generatedAlias0) 
    from
        Contact as generatedAlias0 
    where
        generatedAlias0.id=:id */ select
            count(contact0_.person_id) as col_0_0_ 
        from
            contact contact0_ 
        where
            (
                contact0_.person_id, contact0_.phone_id
            )=(
                ?, ?
            )
2022-03-27T10:35:12,921|[TRACE] BasicBinder -binding parameter [1] as [INTEGER] - [1]
2022-03-27T10:35:12,921|[TRACE] BasicBinder -binding parameter [2] as [INTEGER] - [2]
]]></system-out>
  </testcase>
</testsuite>