<?xml version="1.0" encoding="UTF-8"?>
<testsuite xmlns:xsi="http://www.w3.org/2001/XMLSchema-instance" xsi:noNamespaceSchemaLocation="https://maven.apache.org/surefire/maven-surefire-plugin/xsd/surefire-test-report-3.0.xsd" version="3.0" name="bloodbank.entity.TestCRUDPhone" time="0.814" tests="7" errors="0" skipped="0" failures="0">
  <properties>
    <property name="java.specification.version" value="17"/>
    <property name="sun.cpu.isalist" value="amd64"/>
    <property name="sun.jnu.encoding" value="Cp1252"/>
    <property name="java.class.path" value="C:\Users\kevin\Desktop\deng\Level 4\CST8277\Assignment3\BloodBank-JPA-Mapping-JUnit-Skeleton\BloodBank-JPA-Mapping-JUnit-Skeleton\target\test-classes;C:\Users\kevin\Desktop\deng\Level 4\CST8277\Assignment3\BloodBank-JPA-Mapping-JUnit-Skeleton\BloodBank-JPA-Mapping-JUnit-Skeleton\target\classes;C:\Users\kevin\.m2\repository\org\apache\logging\log4j\log4j-api\2.17.1\log4j-api-2.17.1.jar;C:\Users\kevin\.m2\repository\org\apache\logging\log4j\log4j-core\2.17.1\log4j-core-2.17.1.jar;C:\Users\kevin\.m2\repository\jakarta\annotation\jakarta.annotation-api\1.3.5\jakarta.annotation-api-1.3.5.jar;C:\Users\kevin\.m2\repository\jakarta\persistence\jakarta.persistence-api\2.2.3\jakarta.persistence-api-2.2.3.jar;C:\Users\kevin\.m2\repository\org\hibernate\hibernate-entitymanager\5.6.3.Final\hibernate-entitymanager-5.6.3.Final.jar;C:\Users\kevin\.m2\repository\org\jboss\logging\jboss-logging\3.4.2.Final\jboss-logging-3.4.2.Final.jar;C:\Users\kevin\.m2\repository\org\hibernate\hibernate-core\5.6.3.Final\hibernate-core-5.6.3.Final.jar;C:\Users\kevin\.m2\repository\antlr\antlr\2.7.7\antlr-2.7.7.jar;C:\Users\kevin\.m2\repository\org\jboss\jandex\2.2.3.Final\jandex-2.2.3.Final.jar;C:\Users\kevin\.m2\repository\com\fasterxml\classmate\1.5.1\classmate-1.5.1.jar;C:\Users\kevin\.m2\repository\javax\activation\javax.activation-api\1.2.0\javax.activation-api-1.2.0.jar;C:\Users\kevin\.m2\repository\javax\xml\bind\jaxb-api\2.3.1\jaxb-api-2.3.1.jar;C:\Users\kevin\.m2\repository\org\glassfish\jaxb\jaxb-runtime\2.3.1\jaxb-runtime-2.3.1.jar;C:\Users\kevin\.m2\repository\org\glassfish\jaxb\txw2\2.3.1\txw2-2.3.1.jar;C:\Users\kevin\.m2\repository\com\sun\istack\istack-commons-runtime\3.0.7\istack-commons-runtime-3.0.7.jar;C:\Users\kevin\.m2\repository\org\jvnet\staxex\stax-ex\1.8\stax-ex-1.8.jar;C:\Users\kevin\.m2\repository\com\sun\xml\fastinfoset\FastInfoset\1.2.15\FastInfoset-1.2.15.jar;C:\Users\kevin\.m2\repository\org\hibernate\common\hibernate-commons-annotations\5.1.2.Final\hibernate-commons-annotations-5.1.2.Final.jar;C:\Users\kevin\.m2\repository\net\bytebuddy\byte-buddy\1.11.20\byte-buddy-1.11.20.jar;C:\Users\kevin\.m2\repository\org\jboss\spec\javax\transaction\jboss-transaction-api_1.2_spec\1.1.1.Final\jboss-transaction-api_1.2_spec-1.1.1.Final.jar;C:\Users\kevin\.m2\repository\mysql\mysql-connector-java\8.0.27\mysql-connector-java-8.0.27.jar;C:\Users\kevin\.m2\repository\com\google\protobuf\protobuf-java\3.11.4\protobuf-java-3.11.4.jar;C:\Users\kevin\.m2\repository\org\junit\jupiter\junit-jupiter\5.7.0\junit-jupiter-5.7.0.jar;C:\Users\kevin\.m2\repository\org\junit\jupiter\junit-jupiter-api\5.7.0\junit-jupiter-api-5.7.0.jar;C:\Users\kevin\.m2\repository\org\apiguardian\apiguardian-api\1.1.0\apiguardian-api-1.1.0.jar;C:\Users\kevin\.m2\repository\org\opentest4j\opentest4j\1.2.0\opentest4j-1.2.0.jar;C:\Users\kevin\.m2\repository\org\junit\platform\junit-platform-commons\1.7.0\junit-platform-commons-1.7.0.jar;C:\Users\kevin\.m2\repository\org\junit\jupiter\junit-jupiter-params\5.7.0\junit-jupiter-params-5.7.0.jar;C:\Users\kevin\.m2\repository\org\junit\jupiter\junit-jupiter-engine\5.7.0\junit-jupiter-engine-5.7.0.jar;C:\Users\kevin\.m2\repository\org\junit\platform\junit-platform-engine\1.7.0\junit-platform-engine-1.7.0.jar;C:\Users\kevin\.m2\repository\org\hamcrest\hamcrest\2.2\hamcrest-2.2.jar;C:\Users\kevin\.m2\repository\org\hamcrest\hamcrest-library\2.2\hamcrest-library-2.2.jar;C:\Users\kevin\.m2\repository\org\hamcrest\hamcrest-core\2.2\hamcrest-core-2.2.jar;"/>
    <property name="java.vm.vendor" value="Eclipse Adoptium"/>
    <property name="sun.arch.data.model" value="64"/>
    <property name="user.variant" value=""/>
    <property name="java.vendor.url" value="https://adoptium.net/"/>
    <property name="user.timezone" value="America/Toronto"/>
    <property name="os.name" value="Windows 10"/>
    <property name="java.vm.specification.version" value="17"/>
    <property name="sun.java.launcher" value="SUN_STANDARD"/>
    <property name="user.country" value="CA"/>
    <property name="sun.boot.library.path" value="C:\Adoptium\jdk17-0.1.12-hotspot\bin"/>
    <property name="sun.java.command" value="C:\Users\kevin\AppData\Local\Temp\surefire18194086892689398323\surefirebooter10700891792878116927.jar C:\Users\kevin\AppData\Local\Temp\surefire18194086892689398323 2022-03-27T10-35-05_040-jvmRun1 surefire10069405795842052173tmp surefire_016209501503226925248tmp"/>
    <property name="jdk.debug" value="release"/>
    <property name="surefire.test.class.path" value="C:\Users\kevin\Desktop\deng\Level 4\CST8277\Assignment3\BloodBank-JPA-Mapping-JUnit-Skeleton\BloodBank-JPA-Mapping-JUnit-Skeleton\target\test-classes;C:\Users\kevin\Desktop\deng\Level 4\CST8277\Assignment3\BloodBank-JPA-Mapping-JUnit-Skeleton\BloodBank-JPA-Mapping-JUnit-Skeleton\target\classes;C:\Users\kevin\.m2\repository\org\apache\logging\log4j\log4j-api\2.17.1\log4j-api-2.17.1.jar;C:\Users\kevin\.m2\repository\org\apache\logging\log4j\log4j-core\2.17.1\log4j-core-2.17.1.jar;C:\Users\kevin\.m2\repository\jakarta\annotation\jakarta.annotation-api\1.3.5\jakarta.annotation-api-1.3.5.jar;C:\Users\kevin\.m2\repository\jakarta\persistence\jakarta.persistence-api\2.2.3\jakarta.persistence-api-2.2.3.jar;C:\Users\kevin\.m2\repository\org\hibernate\hibernate-entitymanager\5.6.3.Final\hibernate-entitymanager-5.6.3.Final.jar;C:\Users\kevin\.m2\repository\org\jboss\logging\jboss-logging\3.4.2.Final\jboss-logging-3.4.2.Final.jar;C:\Users\kevin\.m2\repository\org\hibernate\hibernate-core\5.6.3.Final\hibernate-core-5.6.3.Final.jar;C:\Users\kevin\.m2\repository\antlr\antlr\2.7.7\antlr-2.7.7.jar;C:\Users\kevin\.m2\repository\org\jboss\jandex\2.2.3.Final\jandex-2.2.3.Final.jar;C:\Users\kevin\.m2\repository\com\fasterxml\classmate\1.5.1\classmate-1.5.1.jar;C:\Users\kevin\.m2\repository\javax\activation\javax.activation-api\1.2.0\javax.activation-api-1.2.0.jar;C:\Users\kevin\.m2\repository\javax\xml\bind\jaxb-api\2.3.1\jaxb-api-2.3.1.jar;C:\Users\kevin\.m2\repository\org\glassfish\jaxb\jaxb-runtime\2.3.1\jaxb-runtime-2.3.1.jar;C:\Users\kevin\.m2\repository\org\glassfish\jaxb\txw2\2.3.1\txw2-2.3.1.jar;C:\Users\kevin\.m2\repository\com\sun\istack\istack-commons-runtime\3.0.7\istack-commons-runtime-3.0.7.jar;C:\Users\kevin\.m2\repository\org\jvnet\staxex\stax-ex\1.8\stax-ex-1.8.jar;C:\Users\kevin\.m2\repository\com\sun\xml\fastinfoset\FastInfoset\1.2.15\FastInfoset-1.2.15.jar;C:\Users\kevin\.m2\repository\org\hibernate\common\hibernate-commons-annotations\5.1.2.Final\hibernate-commons-annotations-5.1.2.Final.jar;C:\Users\kevin\.m2\repository\net\bytebuddy\byte-buddy\1.11.20\byte-buddy-1.11.20.jar;C:\Users\kevin\.m2\repository\org\jboss\spec\javax\transaction\jboss-transaction-api_1.2_spec\1.1.1.Final\jboss-transaction-api_1.2_spec-1.1.1.Final.jar;C:\Users\kevin\.m2\repository\mysql\mysql-connector-java\8.0.27\mysql-connector-java-8.0.27.jar;C:\Users\kevin\.m2\repository\com\google\protobuf\protobuf-java\3.11.4\protobuf-java-3.11.4.jar;C:\Users\kevin\.m2\repository\org\junit\jupiter\junit-jupiter\5.7.0\junit-jupiter-5.7.0.jar;C:\Users\kevin\.m2\repository\org\junit\jupiter\junit-jupiter-api\5.7.0\junit-jupiter-api-5.7.0.jar;C:\Users\kevin\.m2\repository\org\apiguardian\apiguardian-api\1.1.0\apiguardian-api-1.1.0.jar;C:\Users\kevin\.m2\repository\org\opentest4j\opentest4j\1.2.0\opentest4j-1.2.0.jar;C:\Users\kevin\.m2\repository\org\junit\platform\junit-platform-commons\1.7.0\junit-platform-commons-1.7.0.jar;C:\Users\kevin\.m2\repository\org\junit\jupiter\junit-jupiter-params\5.7.0\junit-jupiter-params-5.7.0.jar;C:\Users\kevin\.m2\repository\org\junit\jupiter\junit-jupiter-engine\5.7.0\junit-jupiter-engine-5.7.0.jar;C:\Users\kevin\.m2\repository\org\junit\platform\junit-platform-engine\1.7.0\junit-platform-engine-1.7.0.jar;C:\Users\kevin\.m2\repository\org\hamcrest\hamcrest\2.2\hamcrest-2.2.jar;C:\Users\kevin\.m2\repository\org\hamcrest\hamcrest-library\2.2\hamcrest-library-2.2.jar;C:\Users\kevin\.m2\repository\org\hamcrest\hamcrest-core\2.2\hamcrest-core-2.2.jar;"/>
    <property name="sun.cpu.endian" value="little"/>
    <property name="user.home" value="C:\Users\kevin"/>
    <property name="user.language" value="en"/>
    <property name="java.specification.vendor" value="Oracle Corporation"/>
    <property name="java.version.date" value="2021-10-19"/>
    <property name="generateReports" value="false"/>
    <property name="java.home" value="C:\Adoptium\jdk17-0.1.12-hotspot"/>
    <property name="file.separator" value="\"/>
    <property name="basedir" value="C:\Users\kevin\Desktop\deng\Level 4\CST8277\Assignment3\BloodBank-JPA-Mapping-JUnit-Skeleton\BloodBank-JPA-Mapping-JUnit-Skeleton"/>
    <property name="java.vm.compressedOopsMode" value="32-bit"/>
    <property name="line.separator" value="&#10;"/>
    <property name="java.vm.specification.vendor" value="Oracle Corporation"/>
    <property name="java.specification.name" value="Java Platform API Specification"/>
    <property name="surefire.real.class.path" value="C:\Users\kevin\AppData\Local\Temp\surefire18194086892689398323\surefirebooter10700891792878116927.jar"/>
    <property name="user.script" value=""/>
    <property name="sun.management.compiler" value="HotSpot 64-Bit Tiered Compilers"/>
    <property name="java.runtime.version" value="17.0.1+12"/>
    <property name="user.name" value="kevin"/>
    <property name="path.separator" value=";"/>
    <property name="os.version" value="10.0"/>
    <property name="java.runtime.name" value="OpenJDK Runtime Environment"/>
    <property name="file.encoding" value="Cp1252"/>
    <property name="java.vm.name" value="OpenJDK 64-Bit Server VM"/>
    <property name="java.vendor.version" value="Temurin-17.0.1+12"/>
    <property name="localRepository" value="C:\Users\kevin\.m2\repository"/>
    <property name="java.vendor.url.bug" value="https://github.com/adoptium/adoptium-support/issues"/>
    <property name="java.io.tmpdir" value="C:\Users\kevin\AppData\Local\Temp\"/>
    <property name="java.version" value="17.0.1"/>
    <property name="user.dir" value="C:\Users\kevin\Desktop\deng\Level 4\CST8277\Assignment3\BloodBank-JPA-Mapping-JUnit-Skeleton\BloodBank-JPA-Mapping-JUnit-Skeleton"/>
    <property name="os.arch" value="amd64"/>
    <property name="java.vm.specification.name" value="Java Virtual Machine Specification"/>
    <property name="sun.os.patch.level" value=""/>
    <property name="native.encoding" value="Cp1252"/>
    <property name="java.library.path" value="C:\Adoptium\jdk17-0.1.12-hotspot\bin;C:\WINDOWS\Sun\Java\bin;C:\WINDOWS\system32;C:\WINDOWS;C:/Adoptium/jdk17-0.1.12-hotspot/bin/server;C:/Adoptium/jdk17-0.1.12-hotspot/bin;C:\Python310\Scripts\;C:\Python310\;C:\app\kevin\product\12.1.0\dbhome_2\bin;C:\app\kevin\product\12.1.0\dbhome_1\bin;C:\Adoptium\jdk17-0.1.12-hotspot\bin;C:\Program Files\AdoptOpenJDK\jdk-11.0.9.101-hotspot\bin;C:\app\kevin\product\11.2.0\dbhome_1\bin;%JAVA_HOME%\bin;C:\Python38\Scripts\;C:\Python38\;C:\Program Files (x86)\Common Files\Oracle\Java\javapath;C:\Program Files\Microsoft MPI\Bin\;C:\WINDOWS\system32;C:\WINDOWS;C:\WINDOWS\System32\Wbem;C:\WINDOWS\System32\WindowsPowerShell\v1.0\;C:\Program Files (x86)\Microsoft ASP.NET\ASP.NET Web Pages\v1.0\;C:\Program Files (x86)\IVI Foundation\VISA\WinNT\Bin\;C:\Program Files\IVI Foundation\VISA\Win64\Bin\;C:\Program Files (x86)\IVI Foundation\VISA\WinNT\Bin;C:\Program Files\Microsoft SQL Server\130\Tools\Binn\;C:\Program Files (x86)\Microsoft SQL Server\130\Tools\Binn\;C:\Program Files\Microsoft SQL Server\Client SDK\ODBC\130\Tools\Binn\;C:\Program Files\Microsoft SQL Server\130\DTS\Binn\;%JAVA_HOME%\bin\;C:\ProgramData\chocolatey\bin;C:\Program Files\Java\jdk1.8.0_152\bin;C:\WINDOWS\System32\OpenSSH\;C:\Program Files\Git\cmd;C:\Program Files\PuTTY\;C:\Program Files\Microsoft VS Code\bin;C:\Program Files (x86)\Vim\vim81;C:\Program Files (x86)\pgmodeler;C:\Program Files (x86)\Microsoft SQL Server\140\Tools\Binn\;C:\Program Files\Microsoft SQL Server\140\Tools\Binn\;C:\Program Files (x86)\Microsoft SQL Server\140\DTS\Binn\;C:\Program Files\Microsoft SQL Server\140\DTS\Binn\;C:\Program Files\javafx-sdk-11.0.2\bin;C:\Program Files\nodejs\;C:\Program Files\MongoDB\Server\5.0\bin\mongodb-database-tools-windows-x86_64-100.5.2\bin;C:\Users\kevin\AppData\Local\Microsoft\WindowsApps;C:\Program Files\nodejs;C:\Program Files\JetBrains\WebStorm 2018.3.3\bin;;C:\Program Files\JetBrains\IntelliJ IDEA 2019.1.3\bin;;C:\Program Files\JetBrains\PyCharm 2019.2.1\bin;;C:\wamp\bin\php\php7.4.9;C:\Users\kevin\AppData\Roaming\npm;C:\Users\kevin\22w-cst8277-eclipse\eclipse;;."/>
    <property name="java.vm.info" value="mixed mode, sharing"/>
    <property name="java.vendor" value="Eclipse Adoptium"/>
    <property name="java.vm.version" value="17.0.1+12"/>
    <property name="sun.io.unicode.encoding" value="UnicodeLittle"/>
    <property name="java.class.version" value="61.0"/>
  </properties>
  <testcase name="test01_Empty" classname="bloodbank.entity.TestCRUDPhone" time="0.003">
    <system-out><![CDATA[2022-03-27T10:35:14,379|[WARN ] pooling -HHH10001002: Using Hibernate built-in connection pool (not for production use!)
2022-03-27T10:35:14,520|[DEBUG] SQL -
    
    use bloodbank
2022-03-27T10:35:14,521|[DEBUG] SQL -
    
    SET FOREIGN_KEY_CHECKS=0
2022-03-27T10:35:14,522|[DEBUG] SQL -
    
    TRUNCATE TABLE bloodbank.address
2022-03-27T10:35:14,735|[DEBUG] SQL -
    
    TRUNCATE TABLE bloodbank.blood_bank
2022-03-27T10:35:14,819|[DEBUG] SQL -
    
    TRUNCATE TABLE bloodbank.blood_donation
2022-03-27T10:35:14,881|[DEBUG] SQL -
    
    TRUNCATE TABLE bloodbank.contact
2022-03-27T10:35:14,944|[DEBUG] SQL -
    
    TRUNCATE TABLE bloodbank.donation_record
2022-03-27T10:35:14,996|[DEBUG] SQL -
    
    TRUNCATE TABLE bloodbank.person
2022-03-27T10:35:15,026|[DEBUG] SQL -
    
    TRUNCATE TABLE bloodbank.phone
2022-03-27T10:35:15,060|[DEBUG] SQL -
    
    SET FOREIGN_KEY_CHECKS=1
2022-03-27T10:35:15,062|[DEBUG] SQL -CREATE SCHEMA IF NOT EXISTS `bloodbank` DEFAULT CHARACTER SET utf8mb4
2022-03-27T10:35:15,065|[DEBUG] SQL -
    
    USE `bloodbank`
2022-03-27T10:35:15,065|[DEBUG] SQL -
    
    CREATE TABLE IF NOT EXISTS `person` (
          `id` INT NOT NULL AUTO_INCREMENT,
          `first_name` VARCHAR(50) NOT NULL,
          `last_name` VARCHAR(50) NOT NULL,
          `created` DATETIME NULL,
          `updated` DATETIME NULL,
          `version` BIGINT NOT NULL DEFAULT 1,
          PRIMARY KEY (`id`) 
    )
2022-03-27T10:35:15,073|[DEBUG] SQL -
    
    CREATE TABLE IF NOT EXISTS `blood_bank` (
          `bank_id` INT NOT NULL AUTO_INCREMENT,
          `name` VARCHAR(100) NOT NULL,
          `privately_owned` BIT(1) NOT NULL,
          `created` DATETIME NULL,
          `updated` DATETIME NULL,
          `version` BIGINT NOT NULL DEFAULT 1,
          PRIMARY KEY (`bank_id`),
          UNIQUE INDEX `name_UNIQUE` (`name` ASC) VISIBLE 
    )
2022-03-27T10:35:15,079|[DEBUG] SQL -
    
    CREATE TABLE IF NOT EXISTS `blood_donation` (
          `donation_id` INT NOT NULL AUTO_INCREMENT,
          `bank_id` INT NOT NULL,
          `milliliters` INT NOT NULL,
          `blood_group` CHAR(2) NOT NULL,
          `rhd` BIT(1) NOT NULL,
          `created` DATETIME NULL,
          `updated` DATETIME NULL,
          `version` BIGINT NOT NULL DEFAULT 1,
          PRIMARY KEY (`donation_id`),
          INDEX `fk_blood_donation_blood_bank1_idx` (`bank_id` ASC) VISIBLE,
          CONSTRAINT `fk_blood_donation_blood_bank1`     FOREIGN KEY (`bank_id`) REFERENCES `blood_bank` (`bank_id`) ON DELETE NO ACTION ON UPDATE NO ACTION 
    )
2022-03-27T10:35:15,085|[DEBUG] SQL -
    
    CREATE TABLE IF NOT EXISTS `donation_record` (
          `record_id` INT NOT NULL AUTO_INCREMENT,
          `person_id` INT NOT NULL,
          `donation_id` INT NULL,
          `tested` BIT(1) NOT NULL,
          `created` DATETIME NULL,
          `updated` DATETIME NULL,
          `version` BIGINT NOT NULL DEFAULT 1,
          INDEX `fk_donation_record_person1_idx` (`person_id` ASC) VISIBLE,
          INDEX `fk_donation_record_blood_donation1_idx` (`donation_id` ASC) VISIBLE,
          UNIQUE INDEX `record_id_UNIQUE` (`record_id` ASC) VISIBLE,
          PRIMARY KEY (`record_id`),
          CONSTRAINT `fk_donation_record_person1`     FOREIGN KEY (`person_id`)     REFERENCES `person` (`id`)     ON DELETE NO ACTION     ON UPDATE NO ACTION,
          CONSTRAINT `fk_donation_record_blood_donation1`     FOREIGN KEY (`donation_id`)     REFERENCES `blood_donation` (`donation_id`)     ON DELETE NO ACTION     ON UPDATE NO ACTION 
    )
2022-03-27T10:35:15,091|[DEBUG] SQL -
    
    CREATE TABLE IF NOT EXISTS `address` (
          `address_id` INT NOT NULL AUTO_INCREMENT,
          `street_number` VARCHAR(10) NOT NULL,
          `street` VARCHAR(100) NOT NULL,
          `city` VARCHAR(100) NOT NULL,
          `province` VARCHAR(100) NOT NULL,
          `country` VARCHAR(100) NOT NULL,
          `zipcode` VARCHAR(100) NOT NULL,
          `created` DATETIME NULL,
          `updated` DATETIME NULL,
          `version` BIGINT NOT NULL DEFAULT 1,
          PRIMARY KEY (`address_id`) 
    )
2022-03-27T10:35:15,098|[DEBUG] SQL -
    
    CREATE TABLE IF NOT EXISTS `phone` (
          `phone_id` INT NOT NULL AUTO_INCREMENT,
          `country_code` VARCHAR(10) NOT NULL DEFAULT '1',
          `area_code` VARCHAR(10) NOT NULL,
          `number` VARCHAR(10) NOT NULL,
          `created` DATETIME NULL,
          `updated` DATETIME NULL,
          `version` BIGINT NOT NULL DEFAULT 1,
          PRIMARY KEY (`phone_id`) 
    )
2022-03-27T10:35:15,104|[DEBUG] SQL -
    
    CREATE TABLE IF NOT EXISTS `contact` (
          `person_id` INT NOT NULL,
          `phone_id` INT NOT NULL,
          `contact_type` VARCHAR(10) NOT NULL,
          `email` VARCHAR(100) NULL,
          `address_id` INT NULL,
          `created` DATETIME NULL,
          `updated` DATETIME NULL,
          `version` BIGINT NOT NULL DEFAULT 1,
          PRIMARY KEY (`person_id`, `phone_id`),
          INDEX `fk_contact_phone1_idx` (`phone_id` ASC) VISIBLE,
          INDEX `fk_contact_person1_idx` (`person_id` ASC) VISIBLE,
          CONSTRAINT `fk_contact_address1`     FOREIGN KEY (`address_id`)     REFERENCES `address` (`address_id`)     ON DELETE NO ACTION     ON UPDATE NO ACTION,
          CONSTRAINT `fk_contact_phone1`     FOREIGN KEY (`phone_id`)     REFERENCES `phone` (`phone_id`)     ON DELETE NO ACTION     ON UPDATE NO ACTION,
          CONSTRAINT `fk_contact_person1`     FOREIGN KEY (`person_id`)     REFERENCES `person` (`id`)     ON DELETE NO ACTION     ON UPDATE NO ACTION 
    )
2022-03-27T10:35:15,118|[DEBUG] SQL -
    /* delete Address as generatedAlias0 */ delete 
        from
            address
2022-03-27T10:35:15,119|[DEBUG] SQL -
    /* delete Phone as generatedAlias0 */ delete 
        from
            phone
2022-03-27T10:35:15,120|[DEBUG] SQL -
    /* delete Person as generatedAlias0 */ delete 
        from
            person
2022-03-27T10:35:15,120|[DEBUG] SQL -
    /* delete Contact as generatedAlias0 */ delete 
        from
            contact
2022-03-27T10:35:15,121|[DEBUG] SQL -
    /* delete BloodBank as generatedAlias0 */ delete 
        from
            blood_bank
2022-03-27T10:35:15,122|[DEBUG] SQL -
    /* delete BloodDonation as generatedAlias0 */ delete 
        from
            blood_donation
2022-03-27T10:35:15,123|[DEBUG] SQL -
    /* delete DonationRecord as generatedAlias0 */ delete 
        from
            donation_record
2022-03-27T10:35:15,125|[DEBUG] SQL -
    /* select
        count(generatedAlias0) 
    from
        Phone as generatedAlias0 */ select
            count(phone0_.phone_id) as col_0_0_ 
        from
            phone phone0_
]]></system-out>
  </testcase>
  <testcase name="test02_Create" classname="bloodbank.entity.TestCRUDPhone" time="0.008">
    <system-out><![CDATA[2022-03-27T10:35:15,128|[DEBUG] SQL -
    /* insert bloodbank.entity.Phone
        */ insert 
        into
            phone
            (created, updated, version, area_code, country_code, number) 
        values
            (?, ?, ?, ?, ?, ?)
2022-03-27T10:35:15,128|[TRACE] BasicBinder -binding parameter [1] as [TIMESTAMP] - [2022-03-27T10:35:15.128597100]
2022-03-27T10:35:15,129|[TRACE] BasicBinder -binding parameter [2] as [TIMESTAMP] - [2022-03-27T10:35:15.128597100]
2022-03-27T10:35:15,129|[TRACE] BasicBinder -binding parameter [3] as [INTEGER] - [0]
2022-03-27T10:35:15,129|[TRACE] BasicBinder -binding parameter [4] as [VARCHAR] - [613]
2022-03-27T10:35:15,129|[TRACE] BasicBinder -binding parameter [5] as [VARCHAR] - [01]
2022-03-27T10:35:15,129|[TRACE] BasicBinder -binding parameter [6] as [VARCHAR] - [1234567]
2022-03-27T10:35:15,134|[DEBUG] SQL -
    /* select
        count(generatedAlias0) 
    from
        Phone as generatedAlias0 
    where
        generatedAlias0.id=:id */ select
            count(phone0_.phone_id) as col_0_0_ 
        from
            phone phone0_ 
        where
            phone0_.phone_id=?
2022-03-27T10:35:15,134|[TRACE] BasicBinder -binding parameter [1] as [INTEGER] - [1]
]]></system-out>
  </testcase>
  <testcase name="test03_CreateInvalid" classname="bloodbank.entity.TestCRUDPhone" time="0.003"/>
  <testcase name="test04_Read" classname="bloodbank.entity.TestCRUDPhone" time="0.003">
    <system-out><![CDATA[2022-03-27T10:35:15,139|[DEBUG] SQL -
    /* select
        generatedAlias0 
    from
        Phone as generatedAlias0 */ select
            phone0_.phone_id as phone_id1_6_,
            phone0_.created as created2_6_,
            phone0_.updated as updated3_6_,
            phone0_.version as version4_6_,
            phone0_.area_code as area_cod5_6_,
            phone0_.country_code as country_6_6_,
            phone0_.number as number7_6_ 
        from
            phone phone0_
]]></system-out>
  </testcase>
  <testcase name="test05_ReadAllFields" classname="bloodbank.entity.TestCRUDPhone" time="0.004">
    <system-out><![CDATA[2022-03-27T10:35:15,143|[DEBUG] SQL -
    /* select
        generatedAlias0 
    from
        Phone as generatedAlias0 
    where
        generatedAlias0.id=:id */ select
            phone0_.phone_id as phone_id1_6_,
            phone0_.created as created2_6_,
            phone0_.updated as updated3_6_,
            phone0_.version as version4_6_,
            phone0_.area_code as area_cod5_6_,
            phone0_.country_code as country_6_6_,
            phone0_.number as number7_6_ 
        from
            phone phone0_ 
        where
            phone0_.phone_id=?
2022-03-27T10:35:15,143|[TRACE] BasicBinder -binding parameter [1] as [INTEGER] - [1]
]]></system-out>
  </testcase>
  <testcase name="test06_Update" classname="bloodbank.entity.TestCRUDPhone" time="0.009">
    <system-out><![CDATA[2022-03-27T10:35:15,146|[DEBUG] SQL -
    /* select
        generatedAlias0 
    from
        Phone as generatedAlias0 
    where
        generatedAlias0.id=:id */ select
            phone0_.phone_id as phone_id1_6_,
            phone0_.created as created2_6_,
            phone0_.updated as updated3_6_,
            phone0_.version as version4_6_,
            phone0_.area_code as area_cod5_6_,
            phone0_.country_code as country_6_6_,
            phone0_.number as number7_6_ 
        from
            phone phone0_ 
        where
            phone0_.phone_id=?
2022-03-27T10:35:15,146|[TRACE] BasicBinder -binding parameter [1] as [INTEGER] - [1]
2022-03-27T10:35:15,149|[DEBUG] SQL -
    /* update
        bloodbank.entity.Phone */ update
            phone 
        set
            created=?,
            updated=?,
            version=?,
            area_code=?,
            country_code=?,
            number=? 
        where
            phone_id=? 
            and version=?
2022-03-27T10:35:15,149|[TRACE] BasicBinder -binding parameter [1] as [TIMESTAMP] - [2022-03-27T10:35:15]
2022-03-27T10:35:15,149|[TRACE] BasicBinder -binding parameter [2] as [TIMESTAMP] - [2022-03-27T10:35:15.148545400]
2022-03-27T10:35:15,149|[TRACE] BasicBinder -binding parameter [3] as [INTEGER] - [1]
2022-03-27T10:35:15,149|[TRACE] BasicBinder -binding parameter [4] as [VARCHAR] - [321]
2022-03-27T10:35:15,149|[TRACE] BasicBinder -binding parameter [5] as [VARCHAR] - [123]
2022-03-27T10:35:15,149|[TRACE] BasicBinder -binding parameter [6] as [VARCHAR] - [9876543]
2022-03-27T10:35:15,149|[TRACE] BasicBinder -binding parameter [7] as [INTEGER] - [1]
2022-03-27T10:35:15,149|[TRACE] BasicBinder -binding parameter [8] as [INTEGER] - [0]
2022-03-27T10:35:15,153|[DEBUG] SQL -
    /* select
        generatedAlias0 
    from
        Phone as generatedAlias0 
    where
        generatedAlias0.id=:id */ select
            phone0_.phone_id as phone_id1_6_,
            phone0_.created as created2_6_,
            phone0_.updated as updated3_6_,
            phone0_.version as version4_6_,
            phone0_.area_code as area_cod5_6_,
            phone0_.country_code as country_6_6_,
            phone0_.number as number7_6_ 
        from
            phone phone0_ 
        where
            phone0_.phone_id=?
2022-03-27T10:35:15,153|[TRACE] BasicBinder -binding parameter [1] as [INTEGER] - [1]
]]></system-out>
  </testcase>
  <testcase name="test07_Delete" classname="bloodbank.entity.TestCRUDPhone" time="0.014">
    <system-out><![CDATA[2022-03-27T10:35:15,155|[DEBUG] SQL -
    /* select
        generatedAlias0 
    from
        Phone as generatedAlias0 
    where
        generatedAlias0.id=:id */ select
            phone0_.phone_id as phone_id1_6_,
            phone0_.created as created2_6_,
            phone0_.updated as updated3_6_,
            phone0_.version as version4_6_,
            phone0_.area_code as area_cod5_6_,
            phone0_.country_code as country_6_6_,
            phone0_.number as number7_6_ 
        from
            phone phone0_ 
        where
            phone0_.phone_id=?
2022-03-27T10:35:15,156|[TRACE] BasicBinder -binding parameter [1] as [INTEGER] - [1]
2022-03-27T10:35:15,157|[DEBUG] SQL -
    /* insert bloodbank.entity.Phone
        */ insert 
        into
            phone
            (created, updated, version, area_code, country_code, number) 
        values
            (?, ?, ?, ?, ?, ?)
2022-03-27T10:35:15,158|[TRACE] BasicBinder -binding parameter [1] as [TIMESTAMP] - [2022-03-27T10:35:15.157520800]
2022-03-27T10:35:15,158|[TRACE] BasicBinder -binding parameter [2] as [TIMESTAMP] - [2022-03-27T10:35:15.157520800]
2022-03-27T10:35:15,158|[TRACE] BasicBinder -binding parameter [3] as [INTEGER] - [0]
2022-03-27T10:35:15,158|[TRACE] BasicBinder -binding parameter [4] as [VARCHAR] - [999]
2022-03-27T10:35:15,158|[TRACE] BasicBinder -binding parameter [5] as [VARCHAR] - [666]
2022-03-27T10:35:15,158|[TRACE] BasicBinder -binding parameter [6] as [VARCHAR] - [1234567]
2022-03-27T10:35:15,162|[DEBUG] SQL -
    /* delete bloodbank.entity.Phone */ delete 
        from
            phone 
        where
            phone_id=? 
            and version=?
2022-03-27T10:35:15,162|[TRACE] BasicBinder -binding parameter [1] as [INTEGER] - [1]
2022-03-27T10:35:15,162|[TRACE] BasicBinder -binding parameter [2] as [INTEGER] - [1]
2022-03-27T10:35:15,166|[DEBUG] SQL -
    /* select
        count(generatedAlias0) 
    from
        Phone as generatedAlias0 
    where
        generatedAlias0.id=:id */ select
            count(phone0_.phone_id) as col_0_0_ 
        from
            phone phone0_ 
        where
            phone0_.phone_id=?
2022-03-27T10:35:15,166|[TRACE] BasicBinder -binding parameter [1] as [INTEGER] - [1]
2022-03-27T10:35:15,168|[DEBUG] SQL -
    /* select
        count(generatedAlias0) 
    from
        Phone as generatedAlias0 
    where
        generatedAlias0.id=:id */ select
            count(phone0_.phone_id) as col_0_0_ 
        from
            phone phone0_ 
        where
            phone0_.phone_id=?
2022-03-27T10:35:15,168|[TRACE] BasicBinder -binding parameter [1] as [INTEGER] - [2]
]]></system-out>
  </testcase>
</testsuite>