<?xml version="1.0" encoding="UTF-8"?>
<testsuite xmlns:xsi="http://www.w3.org/2001/XMLSchema-instance" xsi:noNamespaceSchemaLocation="https://maven.apache.org/surefire/maven-surefire-plugin/xsd/surefire-test-report-3.0.xsd" version="3.0" name="bloodbank.entity.TestCRUDBloodDonation" time="0.833" tests="8" errors="0" skipped="0" failures="0">
  <properties>
    <property name="java.specification.version" value="17"/>
    <property name="sun.cpu.isalist" value="amd64"/>
    <property name="sun.jnu.encoding" value="Cp1252"/>
    <property name="java.class.path" value="C:\Users\kevin\Desktop\deng\Level 4\CST8277\Assignment3\BloodBank-JPA-Mapping-JUnit-Skeleton\BloodBank-JPA-Mapping-JUnit-Skeleton\target\test-classes;C:\Users\kevin\Desktop\deng\Level 4\CST8277\Assignment3\BloodBank-JPA-Mapping-JUnit-Skeleton\BloodBank-JPA-Mapping-JUnit-Skeleton\target\classes;C:\Users\kevin\.m2\repository\org\apache\logging\log4j\log4j-api\2.17.1\log4j-api-2.17.1.jar;C:\Users\kevin\.m2\repository\org\apache\logging\log4j\log4j-core\2.17.1\log4j-core-2.17.1.jar;C:\Users\kevin\.m2\repository\jakarta\annotation\jakarta.annotation-api\1.3.5\jakarta.annotation-api-1.3.5.jar;C:\Users\kevin\.m2\repository\jakarta\persistence\jakarta.persistence-api\2.2.3\jakarta.persistence-api-2.2.3.jar;C:\Users\kevin\.m2\repository\org\hibernate\hibernate-entitymanager\5.6.3.Final\hibernate-entitymanager-5.6.3.Final.jar;C:\Users\kevin\.m2\repository\org\jboss\logging\jboss-logging\3.4.2.Final\jboss-logging-3.4.2.Final.jar;C:\Users\kevin\.m2\repository\org\hibernate\hibernate-core\5.6.3.Final\hibernate-core-5.6.3.Final.jar;C:\Users\kevin\.m2\repository\antlr\antlr\2.7.7\antlr-2.7.7.jar;C:\Users\kevin\.m2\repository\org\jboss\jandex\2.2.3.Final\jandex-2.2.3.Final.jar;C:\Users\kevin\.m2\repository\com\fasterxml\classmate\1.5.1\classmate-1.5.1.jar;C:\Users\kevin\.m2\repository\javax\activation\javax.activation-api\1.2.0\javax.activation-api-1.2.0.jar;C:\Users\kevin\.m2\repository\javax\xml\bind\jaxb-api\2.3.1\jaxb-api-2.3.1.jar;C:\Users\kevin\.m2\repository\org\glassfish\jaxb\jaxb-runtime\2.3.1\jaxb-runtime-2.3.1.jar;C:\Users\kevin\.m2\repository\org\glassfish\jaxb\txw2\2.3.1\txw2-2.3.1.jar;C:\Users\kevin\.m2\repository\com\sun\istack\istack-commons-runtime\3.0.7\istack-commons-runtime-3.0.7.jar;C:\Users\kevin\.m2\repository\org\jvnet\staxex\stax-ex\1.8\stax-ex-1.8.jar;C:\Users\kevin\.m2\repository\com\sun\xml\fastinfoset\FastInfoset\1.2.15\FastInfoset-1.2.15.jar;C:\Users\kevin\.m2\repository\org\hibernate\common\hibernate-commons-annotations\5.1.2.Final\hibernate-commons-annotations-5.1.2.Final.jar;C:\Users\kevin\.m2\repository\net\bytebuddy\byte-buddy\1.11.20\byte-buddy-1.11.20.jar;C:\Users\kevin\.m2\repository\org\jboss\spec\javax\transaction\jboss-transaction-api_1.2_spec\1.1.1.Final\jboss-transaction-api_1.2_spec-1.1.1.Final.jar;C:\Users\kevin\.m2\repository\mysql\mysql-connector-java\8.0.27\mysql-connector-java-8.0.27.jar;C:\Users\kevin\.m2\repository\com\google\protobuf\protobuf-java\3.11.4\protobuf-java-3.11.4.jar;C:\Users\kevin\.m2\repository\org\junit\jupiter\junit-jupiter\5.7.0\junit-jupiter-5.7.0.jar;C:\Users\kevin\.m2\repository\org\junit\jupiter\junit-jupiter-api\5.7.0\junit-jupiter-api-5.7.0.jar;C:\Users\kevin\.m2\repository\org\apiguardian\apiguardian-api\1.1.0\apiguardian-api-1.1.0.jar;C:\Users\kevin\.m2\repository\org\opentest4j\opentest4j\1.2.0\opentest4j-1.2.0.jar;C:\Users\kevin\.m2\repository\org\junit\platform\junit-platform-commons\1.7.0\junit-platform-commons-1.7.0.jar;C:\Users\kevin\.m2\repository\org\junit\jupiter\junit-jupiter-params\5.7.0\junit-jupiter-params-5.7.0.jar;C:\Users\kevin\.m2\repository\org\junit\jupiter\junit-jupiter-engine\5.7.0\junit-jupiter-engine-5.7.0.jar;C:\Users\kevin\.m2\repository\org\junit\platform\junit-platform-engine\1.7.0\junit-platform-engine-1.7.0.jar;C:\Users\kevin\.m2\repository\org\hamcrest\hamcrest\2.2\hamcrest-2.2.jar;C:\Users\kevin\.m2\repository\org\hamcrest\hamcrest-library\2.2\hamcrest-library-2.2.jar;C:\Users\kevin\.m2\repository\org\hamcrest\hamcrest-core\2.2\hamcrest-core-2.2.jar;"/>
    <property name="java.vm.vendor" value="Eclipse Adoptium"/>
    <property name="sun.arch.data.model" value="64"/>
    <property name="user.variant" value=""/>
    <property name="java.vendor.url" value="https://adoptium.net/"/>
    <property name="user.timezone" value="America/Toronto"/>
    <property name="os.name" value="Windows 10"/>
    <property name="java.vm.specification.version" value="17"/>
    <property name="sun.java.launcher" value="SUN_STANDARD"/>
    <property name="user.country" value="CA"/>
    <property name="sun.boot.library.path" value="C:\Adoptium\jdk17-0.1.12-hotspot\bin"/>
    <property name="sun.java.command" value="C:\Users\kevin\AppData\Local\Temp\surefire18194086892689398323\surefirebooter10700891792878116927.jar C:\Users\kevin\AppData\Local\Temp\surefire18194086892689398323 2022-03-27T10-35-05_040-jvmRun1 surefire10069405795842052173tmp surefire_016209501503226925248tmp"/>
    <property name="jdk.debug" value="release"/>
    <property name="surefire.test.class.path" value="C:\Users\kevin\Desktop\deng\Level 4\CST8277\Assignment3\BloodBank-JPA-Mapping-JUnit-Skeleton\BloodBank-JPA-Mapping-JUnit-Skeleton\target\test-classes;C:\Users\kevin\Desktop\deng\Level 4\CST8277\Assignment3\BloodBank-JPA-Mapping-JUnit-Skeleton\BloodBank-JPA-Mapping-JUnit-Skeleton\target\classes;C:\Users\kevin\.m2\repository\org\apache\logging\log4j\log4j-api\2.17.1\log4j-api-2.17.1.jar;C:\Users\kevin\.m2\repository\org\apache\logging\log4j\log4j-core\2.17.1\log4j-core-2.17.1.jar;C:\Users\kevin\.m2\repository\jakarta\annotation\jakarta.annotation-api\1.3.5\jakarta.annotation-api-1.3.5.jar;C:\Users\kevin\.m2\repository\jakarta\persistence\jakarta.persistence-api\2.2.3\jakarta.persistence-api-2.2.3.jar;C:\Users\kevin\.m2\repository\org\hibernate\hibernate-entitymanager\5.6.3.Final\hibernate-entitymanager-5.6.3.Final.jar;C:\Users\kevin\.m2\repository\org\jboss\logging\jboss-logging\3.4.2.Final\jboss-logging-3.4.2.Final.jar;C:\Users\kevin\.m2\repository\org\hibernate\hibernate-core\5.6.3.Final\hibernate-core-5.6.3.Final.jar;C:\Users\kevin\.m2\repository\antlr\antlr\2.7.7\antlr-2.7.7.jar;C:\Users\kevin\.m2\repository\org\jboss\jandex\2.2.3.Final\jandex-2.2.3.Final.jar;C:\Users\kevin\.m2\repository\com\fasterxml\classmate\1.5.1\classmate-1.5.1.jar;C:\Users\kevin\.m2\repository\javax\activation\javax.activation-api\1.2.0\javax.activation-api-1.2.0.jar;C:\Users\kevin\.m2\repository\javax\xml\bind\jaxb-api\2.3.1\jaxb-api-2.3.1.jar;C:\Users\kevin\.m2\repository\org\glassfish\jaxb\jaxb-runtime\2.3.1\jaxb-runtime-2.3.1.jar;C:\Users\kevin\.m2\repository\org\glassfish\jaxb\txw2\2.3.1\txw2-2.3.1.jar;C:\Users\kevin\.m2\repository\com\sun\istack\istack-commons-runtime\3.0.7\istack-commons-runtime-3.0.7.jar;C:\Users\kevin\.m2\repository\org\jvnet\staxex\stax-ex\1.8\stax-ex-1.8.jar;C:\Users\kevin\.m2\repository\com\sun\xml\fastinfoset\FastInfoset\1.2.15\FastInfoset-1.2.15.jar;C:\Users\kevin\.m2\repository\org\hibernate\common\hibernate-commons-annotations\5.1.2.Final\hibernate-commons-annotations-5.1.2.Final.jar;C:\Users\kevin\.m2\repository\net\bytebuddy\byte-buddy\1.11.20\byte-buddy-1.11.20.jar;C:\Users\kevin\.m2\repository\org\jboss\spec\javax\transaction\jboss-transaction-api_1.2_spec\1.1.1.Final\jboss-transaction-api_1.2_spec-1.1.1.Final.jar;C:\Users\kevin\.m2\repository\mysql\mysql-connector-java\8.0.27\mysql-connector-java-8.0.27.jar;C:\Users\kevin\.m2\repository\com\google\protobuf\protobuf-java\3.11.4\protobuf-java-3.11.4.jar;C:\Users\kevin\.m2\repository\org\junit\jupiter\junit-jupiter\5.7.0\junit-jupiter-5.7.0.jar;C:\Users\kevin\.m2\repository\org\junit\jupiter\junit-jupiter-api\5.7.0\junit-jupiter-api-5.7.0.jar;C:\Users\kevin\.m2\repository\org\apiguardian\apiguardian-api\1.1.0\apiguardian-api-1.1.0.jar;C:\Users\kevin\.m2\repository\org\opentest4j\opentest4j\1.2.0\opentest4j-1.2.0.jar;C:\Users\kevin\.m2\repository\org\junit\platform\junit-platform-commons\1.7.0\junit-platform-commons-1.7.0.jar;C:\Users\kevin\.m2\repository\org\junit\jupiter\junit-jupiter-params\5.7.0\junit-jupiter-params-5.7.0.jar;C:\Users\kevin\.m2\repository\org\junit\jupiter\junit-jupiter-engine\5.7.0\junit-jupiter-engine-5.7.0.jar;C:\Users\kevin\.m2\repository\org\junit\platform\junit-platform-engine\1.7.0\junit-platform-engine-1.7.0.jar;C:\Users\kevin\.m2\repository\org\hamcrest\hamcrest\2.2\hamcrest-2.2.jar;C:\Users\kevin\.m2\repository\org\hamcrest\hamcrest-library\2.2\hamcrest-library-2.2.jar;C:\Users\kevin\.m2\repository\org\hamcrest\hamcrest-core\2.2\hamcrest-core-2.2.jar;"/>
    <property name="sun.cpu.endian" value="little"/>
    <property name="user.home" value="C:\Users\kevin"/>
    <property name="user.language" value="en"/>
    <property name="java.specification.vendor" value="Oracle Corporation"/>
    <property name="java.version.date" value="2021-10-19"/>
    <property name="generateReports" value="false"/>
    <property name="java.home" value="C:\Adoptium\jdk17-0.1.12-hotspot"/>
    <property name="file.separator" value="\"/>
    <property name="basedir" value="C:\Users\kevin\Desktop\deng\Level 4\CST8277\Assignment3\BloodBank-JPA-Mapping-JUnit-Skeleton\BloodBank-JPA-Mapping-JUnit-Skeleton"/>
    <property name="java.vm.compressedOopsMode" value="32-bit"/>
    <property name="line.separator" value="&#10;"/>
    <property name="java.vm.specification.vendor" value="Oracle Corporation"/>
    <property name="java.specification.name" value="Java Platform API Specification"/>
    <property name="surefire.real.class.path" value="C:\Users\kevin\AppData\Local\Temp\surefire18194086892689398323\surefirebooter10700891792878116927.jar"/>
    <property name="user.script" value=""/>
    <property name="sun.management.compiler" value="HotSpot 64-Bit Tiered Compilers"/>
    <property name="java.runtime.version" value="17.0.1+12"/>
    <property name="user.name" value="kevin"/>
    <property name="path.separator" value=";"/>
    <property name="os.version" value="10.0"/>
    <property name="java.runtime.name" value="OpenJDK Runtime Environment"/>
    <property name="file.encoding" value="Cp1252"/>
    <property name="java.vm.name" value="OpenJDK 64-Bit Server VM"/>
    <property name="java.vendor.version" value="Temurin-17.0.1+12"/>
    <property name="localRepository" value="C:\Users\kevin\.m2\repository"/>
    <property name="java.vendor.url.bug" value="https://github.com/adoptium/adoptium-support/issues"/>
    <property name="java.io.tmpdir" value="C:\Users\kevin\AppData\Local\Temp\"/>
    <property name="java.version" value="17.0.1"/>
    <property name="user.dir" value="C:\Users\kevin\Desktop\deng\Level 4\CST8277\Assignment3\BloodBank-JPA-Mapping-JUnit-Skeleton\BloodBank-JPA-Mapping-JUnit-Skeleton"/>
    <property name="os.arch" value="amd64"/>
    <property name="java.vm.specification.name" value="Java Virtual Machine Specification"/>
    <property name="sun.os.patch.level" value=""/>
    <property name="native.encoding" value="Cp1252"/>
    <property name="java.library.path" value="C:\Adoptium\jdk17-0.1.12-hotspot\bin;C:\WINDOWS\Sun\Java\bin;C:\WINDOWS\system32;C:\WINDOWS;C:/Adoptium/jdk17-0.1.12-hotspot/bin/server;C:/Adoptium/jdk17-0.1.12-hotspot/bin;C:\Python310\Scripts\;C:\Python310\;C:\app\kevin\product\12.1.0\dbhome_2\bin;C:\app\kevin\product\12.1.0\dbhome_1\bin;C:\Adoptium\jdk17-0.1.12-hotspot\bin;C:\Program Files\AdoptOpenJDK\jdk-11.0.9.101-hotspot\bin;C:\app\kevin\product\11.2.0\dbhome_1\bin;%JAVA_HOME%\bin;C:\Python38\Scripts\;C:\Python38\;C:\Program Files (x86)\Common Files\Oracle\Java\javapath;C:\Program Files\Microsoft MPI\Bin\;C:\WINDOWS\system32;C:\WINDOWS;C:\WINDOWS\System32\Wbem;C:\WINDOWS\System32\WindowsPowerShell\v1.0\;C:\Program Files (x86)\Microsoft ASP.NET\ASP.NET Web Pages\v1.0\;C:\Program Files (x86)\IVI Foundation\VISA\WinNT\Bin\;C:\Program Files\IVI Foundation\VISA\Win64\Bin\;C:\Program Files (x86)\IVI Foundation\VISA\WinNT\Bin;C:\Program Files\Microsoft SQL Server\130\Tools\Binn\;C:\Program Files (x86)\Microsoft SQL Server\130\Tools\Binn\;C:\Program Files\Microsoft SQL Server\Client SDK\ODBC\130\Tools\Binn\;C:\Program Files\Microsoft SQL Server\130\DTS\Binn\;%JAVA_HOME%\bin\;C:\ProgramData\chocolatey\bin;C:\Program Files\Java\jdk1.8.0_152\bin;C:\WINDOWS\System32\OpenSSH\;C:\Program Files\Git\cmd;C:\Program Files\PuTTY\;C:\Program Files\Microsoft VS Code\bin;C:\Program Files (x86)\Vim\vim81;C:\Program Files (x86)\pgmodeler;C:\Program Files (x86)\Microsoft SQL Server\140\Tools\Binn\;C:\Program Files\Microsoft SQL Server\140\Tools\Binn\;C:\Program Files (x86)\Microsoft SQL Server\140\DTS\Binn\;C:\Program Files\Microsoft SQL Server\140\DTS\Binn\;C:\Program Files\javafx-sdk-11.0.2\bin;C:\Program Files\nodejs\;C:\Program Files\MongoDB\Server\5.0\bin\mongodb-database-tools-windows-x86_64-100.5.2\bin;C:\Users\kevin\AppData\Local\Microsoft\WindowsApps;C:\Program Files\nodejs;C:\Program Files\JetBrains\WebStorm 2018.3.3\bin;;C:\Program Files\JetBrains\IntelliJ IDEA 2019.1.3\bin;;C:\Program Files\JetBrains\PyCharm 2019.2.1\bin;;C:\wamp\bin\php\php7.4.9;C:\Users\kevin\AppData\Roaming\npm;C:\Users\kevin\22w-cst8277-eclipse\eclipse;;."/>
    <property name="java.vm.info" value="mixed mode, sharing"/>
    <property name="java.vendor" value="Eclipse Adoptium"/>
    <property name="java.vm.version" value="17.0.1+12"/>
    <property name="sun.io.unicode.encoding" value="UnicodeLittle"/>
    <property name="java.class.version" value="61.0"/>
  </properties>
  <testcase name="test01_Empty" classname="bloodbank.entity.TestCRUDBloodDonation" time="0.004">
    <system-out><![CDATA[2022-03-27T10:35:11,273|[WARN ] pooling -HHH10001002: Using Hibernate built-in connection pool (not for production use!)
2022-03-27T10:35:11,544|[DEBUG] SQL -
    
    use bloodbank
2022-03-27T10:35:11,551|[DEBUG] SQL -
    
    SET FOREIGN_KEY_CHECKS=0
2022-03-27T10:35:11,551|[DEBUG] SQL -
    
    TRUNCATE TABLE bloodbank.address
2022-03-27T10:35:11,585|[DEBUG] SQL -
    
    TRUNCATE TABLE bloodbank.blood_bank
2022-03-27T10:35:11,623|[DEBUG] SQL -
    
    TRUNCATE TABLE bloodbank.blood_donation
2022-03-27T10:35:11,655|[DEBUG] SQL -
    
    TRUNCATE TABLE bloodbank.contact
2022-03-27T10:35:11,699|[DEBUG] SQL -
    
    TRUNCATE TABLE bloodbank.donation_record
2022-03-27T10:35:11,737|[DEBUG] SQL -
    
    TRUNCATE TABLE bloodbank.person
2022-03-27T10:35:11,780|[DEBUG] SQL -
    
    TRUNCATE TABLE bloodbank.phone
2022-03-27T10:35:11,839|[DEBUG] SQL -
    
    SET FOREIGN_KEY_CHECKS=1
2022-03-27T10:35:11,849|[DEBUG] SQL -CREATE SCHEMA IF NOT EXISTS `bloodbank` DEFAULT CHARACTER SET utf8mb4
2022-03-27T10:35:11,856|[DEBUG] SQL -
    
    USE `bloodbank`
2022-03-27T10:35:11,858|[DEBUG] SQL -
    
    CREATE TABLE IF NOT EXISTS `person` (
          `id` INT NOT NULL AUTO_INCREMENT,
          `first_name` VARCHAR(50) NOT NULL,
          `last_name` VARCHAR(50) NOT NULL,
          `created` DATETIME NULL,
          `updated` DATETIME NULL,
          `version` BIGINT NOT NULL DEFAULT 1,
          PRIMARY KEY (`id`) 
    )
2022-03-27T10:35:11,867|[DEBUG] SQL -
    
    CREATE TABLE IF NOT EXISTS `blood_bank` (
          `bank_id` INT NOT NULL AUTO_INCREMENT,
          `name` VARCHAR(100) NOT NULL,
          `privately_owned` BIT(1) NOT NULL,
          `created` DATETIME NULL,
          `updated` DATETIME NULL,
          `version` BIGINT NOT NULL DEFAULT 1,
          PRIMARY KEY (`bank_id`),
          UNIQUE INDEX `name_UNIQUE` (`name` ASC) VISIBLE 
    )
2022-03-27T10:35:11,875|[DEBUG] SQL -
    
    CREATE TABLE IF NOT EXISTS `blood_donation` (
          `donation_id` INT NOT NULL AUTO_INCREMENT,
          `bank_id` INT NOT NULL,
          `milliliters` INT NOT NULL,
          `blood_group` CHAR(2) NOT NULL,
          `rhd` BIT(1) NOT NULL,
          `created` DATETIME NULL,
          `updated` DATETIME NULL,
          `version` BIGINT NOT NULL DEFAULT 1,
          PRIMARY KEY (`donation_id`),
          INDEX `fk_blood_donation_blood_bank1_idx` (`bank_id` ASC) VISIBLE,
          CONSTRAINT `fk_blood_donation_blood_bank1`     FOREIGN KEY (`bank_id`) REFERENCES `blood_bank` (`bank_id`) ON DELETE NO ACTION ON UPDATE NO ACTION 
    )
2022-03-27T10:35:11,882|[DEBUG] SQL -
    
    CREATE TABLE IF NOT EXISTS `donation_record` (
          `record_id` INT NOT NULL AUTO_INCREMENT,
          `person_id` INT NOT NULL,
          `donation_id` INT NULL,
          `tested` BIT(1) NOT NULL,
          `created` DATETIME NULL,
          `updated` DATETIME NULL,
          `version` BIGINT NOT NULL DEFAULT 1,
          INDEX `fk_donation_record_person1_idx` (`person_id` ASC) VISIBLE,
          INDEX `fk_donation_record_blood_donation1_idx` (`donation_id` ASC) VISIBLE,
          UNIQUE INDEX `record_id_UNIQUE` (`record_id` ASC) VISIBLE,
          PRIMARY KEY (`record_id`),
          CONSTRAINT `fk_donation_record_person1`     FOREIGN KEY (`person_id`)     REFERENCES `person` (`id`)     ON DELETE NO ACTION     ON UPDATE NO ACTION,
          CONSTRAINT `fk_donation_record_blood_donation1`     FOREIGN KEY (`donation_id`)     REFERENCES `blood_donation` (`donation_id`)     ON DELETE NO ACTION     ON UPDATE NO ACTION 
    )
2022-03-27T10:35:11,890|[DEBUG] SQL -
    
    CREATE TABLE IF NOT EXISTS `address` (
          `address_id` INT NOT NULL AUTO_INCREMENT,
          `street_number` VARCHAR(10) NOT NULL,
          `street` VARCHAR(100) NOT NULL,
          `city` VARCHAR(100) NOT NULL,
          `province` VARCHAR(100) NOT NULL,
          `country` VARCHAR(100) NOT NULL,
          `zipcode` VARCHAR(100) NOT NULL,
          `created` DATETIME NULL,
          `updated` DATETIME NULL,
          `version` BIGINT NOT NULL DEFAULT 1,
          PRIMARY KEY (`address_id`) 
    )
2022-03-27T10:35:11,897|[DEBUG] SQL -
    
    CREATE TABLE IF NOT EXISTS `phone` (
          `phone_id` INT NOT NULL AUTO_INCREMENT,
          `country_code` VARCHAR(10) NOT NULL DEFAULT '1',
          `area_code` VARCHAR(10) NOT NULL,
          `number` VARCHAR(10) NOT NULL,
          `created` DATETIME NULL,
          `updated` DATETIME NULL,
          `version` BIGINT NOT NULL DEFAULT 1,
          PRIMARY KEY (`phone_id`) 
    )
2022-03-27T10:35:11,903|[DEBUG] SQL -
    
    CREATE TABLE IF NOT EXISTS `contact` (
          `person_id` INT NOT NULL,
          `phone_id` INT NOT NULL,
          `contact_type` VARCHAR(10) NOT NULL,
          `email` VARCHAR(100) NULL,
          `address_id` INT NULL,
          `created` DATETIME NULL,
          `updated` DATETIME NULL,
          `version` BIGINT NOT NULL DEFAULT 1,
          PRIMARY KEY (`person_id`, `phone_id`),
          INDEX `fk_contact_phone1_idx` (`phone_id` ASC) VISIBLE,
          INDEX `fk_contact_person1_idx` (`person_id` ASC) VISIBLE,
          CONSTRAINT `fk_contact_address1`     FOREIGN KEY (`address_id`)     REFERENCES `address` (`address_id`)     ON DELETE NO ACTION     ON UPDATE NO ACTION,
          CONSTRAINT `fk_contact_phone1`     FOREIGN KEY (`phone_id`)     REFERENCES `phone` (`phone_id`)     ON DELETE NO ACTION     ON UPDATE NO ACTION,
          CONSTRAINT `fk_contact_person1`     FOREIGN KEY (`person_id`)     REFERENCES `person` (`id`)     ON DELETE NO ACTION     ON UPDATE NO ACTION 
    )
2022-03-27T10:35:11,921|[DEBUG] SQL -
    /* delete Address as generatedAlias0 */ delete 
        from
            address
2022-03-27T10:35:11,922|[DEBUG] SQL -
    /* delete Phone as generatedAlias0 */ delete 
        from
            phone
2022-03-27T10:35:11,923|[DEBUG] SQL -
    /* delete Person as generatedAlias0 */ delete 
        from
            person
2022-03-27T10:35:11,924|[DEBUG] SQL -
    /* delete Contact as generatedAlias0 */ delete 
        from
            contact
2022-03-27T10:35:11,926|[DEBUG] SQL -
    /* delete BloodBank as generatedAlias0 */ delete 
        from
            blood_bank
2022-03-27T10:35:11,927|[DEBUG] SQL -
    /* delete BloodDonation as generatedAlias0 */ delete 
        from
            blood_donation
2022-03-27T10:35:11,928|[DEBUG] SQL -
    /* delete DonationRecord as generatedAlias0 */ delete 
        from
            donation_record
2022-03-27T10:35:11,931|[DEBUG] SQL -
    /* select
        count(generatedAlias0) 
    from
        BloodDonation as generatedAlias0 */ select
            count(blooddonat0_.donation_id) as col_0_0_ 
        from
            blood_donation blooddonat0_
]]></system-out>
  </testcase>
  <testcase name="test02_Create" classname="bloodbank.entity.TestCRUDBloodDonation" time="0.013">
    <system-out><![CDATA[2022-03-27T10:35:11,935|[DEBUG] SQL -
    /* insert bloodbank.entity.PrivateBloodBank
        */ insert 
        into
            blood_bank
            (created, updated, version, name, privately_owned) 
        values
            (?, ?, ?, ?, 1)
2022-03-27T10:35:11,936|[TRACE] BasicBinder -binding parameter [1] as [TIMESTAMP] - [2022-03-27T10:35:11.935834100]
2022-03-27T10:35:11,936|[TRACE] BasicBinder -binding parameter [2] as [TIMESTAMP] - [2022-03-27T10:35:11.935834100]
2022-03-27T10:35:11,936|[TRACE] BasicBinder -binding parameter [3] as [INTEGER] - [0]
2022-03-27T10:35:11,936|[TRACE] BasicBinder -binding parameter [4] as [VARCHAR] - [Health]
2022-03-27T10:35:11,938|[DEBUG] SQL -
    /* insert bloodbank.entity.BloodDonation
        */ insert 
        into
            blood_donation
            (created, updated, version, bank_id, blood_group, rhd, milliliters) 
        values
            (?, ?, ?, ?, ?, ?, ?)
2022-03-27T10:35:11,938|[TRACE] BasicBinder -binding parameter [1] as [TIMESTAMP] - [2022-03-27T10:35:11.934836700]
2022-03-27T10:35:11,938|[TRACE] BasicBinder -binding parameter [2] as [TIMESTAMP] - [2022-03-27T10:35:11.934836700]
2022-03-27T10:35:11,938|[TRACE] BasicBinder -binding parameter [3] as [INTEGER] - [0]
2022-03-27T10:35:11,938|[TRACE] BasicBinder -binding parameter [4] as [INTEGER] - [1]
2022-03-27T10:35:11,938|[TRACE] BasicBinder -binding parameter [5] as [VARCHAR] - [A]
2022-03-27T10:35:11,939|[TRACE] BasicBinder -binding parameter [6] as [TINYINT] - [1]
2022-03-27T10:35:11,939|[TRACE] BasicBinder -binding parameter [7] as [INTEGER] - [50]
2022-03-27T10:35:11,944|[DEBUG] SQL -
    /* select
        count(generatedAlias0) 
    from
        BloodDonation as generatedAlias0 
    where
        generatedAlias0.id=:id */ select
            count(blooddonat0_.donation_id) as col_0_0_ 
        from
            blood_donation blooddonat0_ 
        where
            blooddonat0_.donation_id=?
2022-03-27T10:35:11,945|[TRACE] BasicBinder -binding parameter [1] as [INTEGER] - [1]
]]></system-out>
  </testcase>
  <testcase name="test03_CreateInvalid" classname="bloodbank.entity.TestCRUDBloodDonation" time="0.003"/>
  <testcase name="test04_Read" classname="bloodbank.entity.TestCRUDBloodDonation" time="0.02">
    <system-out><![CDATA[2022-03-27T10:35:11,952|[DEBUG] SQL -
    /* select
        generatedAlias0 
    from
        BloodDonation as generatedAlias0 */ select
            blooddonat0_.donation_id as donation1_2_,
            blooddonat0_.created as created2_2_,
            blooddonat0_.updated as updated3_2_,
            blooddonat0_.version as version4_2_,
            blooddonat0_.bank_id as bank_id8_2_,
            blooddonat0_.blood_group as blood_gr5_2_,
            blooddonat0_.rhd as rhd6_2_,
            blooddonat0_.milliliters as millilit7_2_ 
        from
            blood_donation blooddonat0_
2022-03-27T10:35:11,965|[DEBUG] SQL -
    /* load bloodbank.entity.DonationRecord */ select
        donationre0_.record_id as record_i1_4_1_,
        donationre0_.created as created2_4_1_,
        donationre0_.updated as updated3_4_1_,
        donationre0_.version as version4_4_1_,
        donationre0_.donation_id as donation6_4_1_,
        donationre0_.person_id as person_i7_4_1_,
        donationre0_.tested as tested5_4_1_,
        person1_.id as id1_5_0_,
        person1_.created as created2_5_0_,
        person1_.updated as updated3_5_0_,
        person1_.version as version4_5_0_,
        person1_.first_name as first_na5_5_0_,
        person1_.last_name as last_nam6_5_0_ 
    from
        donation_record donationre0_ 
    inner join
        person person1_ 
            on donationre0_.person_id=person1_.id 
    where
        donationre0_.donation_id=?
2022-03-27T10:35:11,966|[TRACE] BasicBinder -binding parameter [1] as [INTEGER] - [1]
]]></system-out>
  </testcase>
  <testcase name="test05_ReadDependencies" classname="bloodbank.entity.TestCRUDBloodDonation" time="0.013">
    <system-out><![CDATA[2022-03-27T10:35:11,972|[DEBUG] SQL -
    /* select
        generatedAlias0 
    from
        BloodDonation as generatedAlias0 
    where
        generatedAlias0.id=:id */ select
            blooddonat0_.donation_id as donation1_2_,
            blooddonat0_.created as created2_2_,
            blooddonat0_.updated as updated3_2_,
            blooddonat0_.version as version4_2_,
            blooddonat0_.bank_id as bank_id8_2_,
            blooddonat0_.blood_group as blood_gr5_2_,
            blooddonat0_.rhd as rhd6_2_,
            blooddonat0_.milliliters as millilit7_2_ 
        from
            blood_donation blooddonat0_ 
        where
            blooddonat0_.donation_id=?
2022-03-27T10:35:11,972|[TRACE] BasicBinder -binding parameter [1] as [INTEGER] - [1]
2022-03-27T10:35:11,974|[DEBUG] SQL -
    /* load bloodbank.entity.DonationRecord */ select
        donationre0_.record_id as record_i1_4_1_,
        donationre0_.created as created2_4_1_,
        donationre0_.updated as updated3_4_1_,
        donationre0_.version as version4_4_1_,
        donationre0_.donation_id as donation6_4_1_,
        donationre0_.person_id as person_i7_4_1_,
        donationre0_.tested as tested5_4_1_,
        person1_.id as id1_5_0_,
        person1_.created as created2_5_0_,
        person1_.updated as updated3_5_0_,
        person1_.version as version4_5_0_,
        person1_.first_name as first_na5_5_0_,
        person1_.last_name as last_nam6_5_0_ 
    from
        donation_record donationre0_ 
    inner join
        person person1_ 
            on donationre0_.person_id=person1_.id 
    where
        donationre0_.donation_id=?
2022-03-27T10:35:11,974|[TRACE] BasicBinder -binding parameter [1] as [INTEGER] - [1]
2022-03-27T10:35:11,978|[DEBUG] SQL -
    select
        bloodbank0_.bank_id as bank_id2_1_0_,
        bloodbank0_.created as created3_1_0_,
        bloodbank0_.updated as updated4_1_0_,
        bloodbank0_.version as version5_1_0_,
        bloodbank0_.name as name6_1_0_,
        bloodbank0_.privately_owned as privatel1_1_0_ 
    from
        blood_bank bloodbank0_ 
    where
        bloodbank0_.bank_id=?
2022-03-27T10:35:11,979|[TRACE] BasicBinder -binding parameter [1] as [INTEGER] - [1]
]]></system-out>
  </testcase>
  <testcase name="test06_Update" classname="bloodbank.entity.TestCRUDBloodDonation" time="0.016">
    <system-out><![CDATA[2022-03-27T10:35:11,984|[DEBUG] SQL -
    /* select
        generatedAlias0 
    from
        BloodDonation as generatedAlias0 
    where
        generatedAlias0.id=:id */ select
            blooddonat0_.donation_id as donation1_2_,
            blooddonat0_.created as created2_2_,
            blooddonat0_.updated as updated3_2_,
            blooddonat0_.version as version4_2_,
            blooddonat0_.bank_id as bank_id8_2_,
            blooddonat0_.blood_group as blood_gr5_2_,
            blooddonat0_.rhd as rhd6_2_,
            blooddonat0_.milliliters as millilit7_2_ 
        from
            blood_donation blooddonat0_ 
        where
            blooddonat0_.donation_id=?
2022-03-27T10:35:11,985|[TRACE] BasicBinder -binding parameter [1] as [INTEGER] - [1]
2022-03-27T10:35:11,986|[DEBUG] SQL -
    /* load bloodbank.entity.DonationRecord */ select
        donationre0_.record_id as record_i1_4_1_,
        donationre0_.created as created2_4_1_,
        donationre0_.updated as updated3_4_1_,
        donationre0_.version as version4_4_1_,
        donationre0_.donation_id as donation6_4_1_,
        donationre0_.person_id as person_i7_4_1_,
        donationre0_.tested as tested5_4_1_,
        person1_.id as id1_5_0_,
        person1_.created as created2_5_0_,
        person1_.updated as updated3_5_0_,
        person1_.version as version4_5_0_,
        person1_.first_name as first_na5_5_0_,
        person1_.last_name as last_nam6_5_0_ 
    from
        donation_record donationre0_ 
    inner join
        person person1_ 
            on donationre0_.person_id=person1_.id 
    where
        donationre0_.donation_id=?
2022-03-27T10:35:11,987|[TRACE] BasicBinder -binding parameter [1] as [INTEGER] - [1]
2022-03-27T10:35:11,991|[DEBUG] SQL -
    /* update
        bloodbank.entity.BloodDonation */ update
            blood_donation 
        set
            created=?,
            updated=?,
            version=?,
            bank_id=?,
            blood_group=?,
            rhd=?,
            milliliters=? 
        where
            donation_id=? 
            and version=?
2022-03-27T10:35:11,991|[TRACE] BasicBinder -binding parameter [1] as [TIMESTAMP] - [2022-03-27T10:35:12]
2022-03-27T10:35:11,991|[TRACE] BasicBinder -binding parameter [2] as [TIMESTAMP] - [2022-03-27T10:35:11.990689400]
2022-03-27T10:35:11,991|[TRACE] BasicBinder -binding parameter [3] as [INTEGER] - [1]
2022-03-27T10:35:11,992|[TRACE] BasicBinder -binding parameter [4] as [INTEGER] - [1]
2022-03-27T10:35:11,992|[TRACE] BasicBinder -binding parameter [5] as [VARCHAR] - [O]
2022-03-27T10:35:11,992|[TRACE] BasicBinder -binding parameter [6] as [TINYINT] - [0]
2022-03-27T10:35:11,992|[TRACE] BasicBinder -binding parameter [7] as [INTEGER] - [80]
2022-03-27T10:35:11,992|[TRACE] BasicBinder -binding parameter [8] as [INTEGER] - [1]
2022-03-27T10:35:11,992|[TRACE] BasicBinder -binding parameter [9] as [INTEGER] - [0]
2022-03-27T10:35:11,997|[DEBUG] SQL -
    /* select
        generatedAlias0 
    from
        BloodDonation as generatedAlias0 
    where
        generatedAlias0.id=:id */ select
            blooddonat0_.donation_id as donation1_2_,
            blooddonat0_.created as created2_2_,
            blooddonat0_.updated as updated3_2_,
            blooddonat0_.version as version4_2_,
            blooddonat0_.bank_id as bank_id8_2_,
            blooddonat0_.blood_group as blood_gr5_2_,
            blooddonat0_.rhd as rhd6_2_,
            blooddonat0_.milliliters as millilit7_2_ 
        from
            blood_donation blooddonat0_ 
        where
            blooddonat0_.donation_id=?
2022-03-27T10:35:11,998|[TRACE] BasicBinder -binding parameter [1] as [INTEGER] - [1]
]]></system-out>
  </testcase>
  <testcase name="test07_UpdateDependencies" classname="bloodbank.entity.TestCRUDBloodDonation" time="0.021">
    <system-out><![CDATA[2022-03-27T10:35:12,000|[DEBUG] SQL -
    /* select
        generatedAlias0 
    from
        BloodDonation as generatedAlias0 
    where
        generatedAlias0.id=:id */ select
            blooddonat0_.donation_id as donation1_2_,
            blooddonat0_.created as created2_2_,
            blooddonat0_.updated as updated3_2_,
            blooddonat0_.version as version4_2_,
            blooddonat0_.bank_id as bank_id8_2_,
            blooddonat0_.blood_group as blood_gr5_2_,
            blooddonat0_.rhd as rhd6_2_,
            blooddonat0_.milliliters as millilit7_2_ 
        from
            blood_donation blooddonat0_ 
        where
            blooddonat0_.donation_id=?
2022-03-27T10:35:12,001|[TRACE] BasicBinder -binding parameter [1] as [INTEGER] - [1]
2022-03-27T10:35:12,002|[DEBUG] SQL -
    /* load bloodbank.entity.DonationRecord */ select
        donationre0_.record_id as record_i1_4_1_,
        donationre0_.created as created2_4_1_,
        donationre0_.updated as updated3_4_1_,
        donationre0_.version as version4_4_1_,
        donationre0_.donation_id as donation6_4_1_,
        donationre0_.person_id as person_i7_4_1_,
        donationre0_.tested as tested5_4_1_,
        person1_.id as id1_5_0_,
        person1_.created as created2_5_0_,
        person1_.updated as updated3_5_0_,
        person1_.version as version4_5_0_,
        person1_.first_name as first_na5_5_0_,
        person1_.last_name as last_nam6_5_0_ 
    from
        donation_record donationre0_ 
    inner join
        person person1_ 
            on donationre0_.person_id=person1_.id 
    where
        donationre0_.donation_id=?
2022-03-27T10:35:12,003|[TRACE] BasicBinder -binding parameter [1] as [INTEGER] - [1]
2022-03-27T10:35:12,004|[DEBUG] SQL -
    select
        bloodbank0_.bank_id as bank_id2_1_0_,
        bloodbank0_.created as created3_1_0_,
        bloodbank0_.updated as updated4_1_0_,
        bloodbank0_.version as version5_1_0_,
        bloodbank0_.name as name6_1_0_,
        bloodbank0_.privately_owned as privatel1_1_0_ 
    from
        blood_bank bloodbank0_ 
    where
        bloodbank0_.bank_id=?
2022-03-27T10:35:12,005|[TRACE] BasicBinder -binding parameter [1] as [INTEGER] - [1]
2022-03-27T10:35:12,008|[DEBUG] SQL -
    select
        donations0_.bank_id as bank_id8_2_0_,
        donations0_.donation_id as donation1_2_0_,
        donations0_.donation_id as donation1_2_1_,
        donations0_.created as created2_2_1_,
        donations0_.updated as updated3_2_1_,
        donations0_.version as version4_2_1_,
        donations0_.bank_id as bank_id8_2_1_,
        donations0_.blood_group as blood_gr5_2_1_,
        donations0_.rhd as rhd6_2_1_,
        donations0_.milliliters as millilit7_2_1_,
        donationre1_.record_id as record_i1_4_2_,
        donationre1_.created as created2_4_2_,
        donationre1_.updated as updated3_4_2_,
        donationre1_.version as version4_4_2_,
        donationre1_.donation_id as donation6_4_2_,
        donationre1_.person_id as person_i7_4_2_,
        donationre1_.tested as tested5_4_2_,
        person2_.id as id1_5_3_,
        person2_.created as created2_5_3_,
        person2_.updated as updated3_5_3_,
        person2_.version as version4_5_3_,
        person2_.first_name as first_na5_5_3_,
        person2_.last_name as last_nam6_5_3_ 
    from
        blood_donation donations0_ 
    left outer join
        donation_record donationre1_ 
            on donations0_.donation_id=donationre1_.donation_id 
    left outer join
        person person2_ 
            on donationre1_.person_id=person2_.id 
    where
        donations0_.bank_id=?
2022-03-27T10:35:12,008|[TRACE] BasicBinder -binding parameter [1] as [INTEGER] - [1]
2022-03-27T10:35:12,011|[DEBUG] SQL -
    /* update
        bloodbank.entity.PrivateBloodBank */ update
            blood_bank 
        set
            created=?,
            updated=?,
            version=?,
            name=? 
        where
            bank_id=? 
            and version=?
2022-03-27T10:35:12,012|[TRACE] BasicBinder -binding parameter [1] as [TIMESTAMP] - [2022-03-27T10:35:12]
2022-03-27T10:35:12,012|[TRACE] BasicBinder -binding parameter [2] as [TIMESTAMP] - [2022-03-27T10:35:12.011631900]
2022-03-27T10:35:12,012|[TRACE] BasicBinder -binding parameter [3] as [INTEGER] - [1]
2022-03-27T10:35:12,012|[TRACE] BasicBinder -binding parameter [4] as [VARCHAR] - [Lucky]
2022-03-27T10:35:12,012|[TRACE] BasicBinder -binding parameter [5] as [INTEGER] - [1]
2022-03-27T10:35:12,012|[TRACE] BasicBinder -binding parameter [6] as [INTEGER] - [0]
2022-03-27T10:35:12,017|[DEBUG] SQL -
    /* select
        generatedAlias0 
    from
        BloodDonation as generatedAlias0 
    where
        generatedAlias0.id=:id */ select
            blooddonat0_.donation_id as donation1_2_,
            blooddonat0_.created as created2_2_,
            blooddonat0_.updated as updated3_2_,
            blooddonat0_.version as version4_2_,
            blooddonat0_.bank_id as bank_id8_2_,
            blooddonat0_.blood_group as blood_gr5_2_,
            blooddonat0_.rhd as rhd6_2_,
            blooddonat0_.milliliters as millilit7_2_ 
        from
            blood_donation blooddonat0_ 
        where
            blooddonat0_.donation_id=?
2022-03-27T10:35:12,018|[TRACE] BasicBinder -binding parameter [1] as [INTEGER] - [1]
]]></system-out>
  </testcase>
  <testcase name="test08_Delete" classname="bloodbank.entity.TestCRUDBloodDonation" time="0.045">
    <system-out><![CDATA[2022-03-27T10:35:12,021|[DEBUG] SQL -
    /* select
        generatedAlias0 
    from
        BloodDonation as generatedAlias0 
    where
        generatedAlias0.id=:id */ select
            blooddonat0_.donation_id as donation1_2_,
            blooddonat0_.created as created2_2_,
            blooddonat0_.updated as updated3_2_,
            blooddonat0_.version as version4_2_,
            blooddonat0_.bank_id as bank_id8_2_,
            blooddonat0_.blood_group as blood_gr5_2_,
            blooddonat0_.rhd as rhd6_2_,
            blooddonat0_.milliliters as millilit7_2_ 
        from
            blood_donation blooddonat0_ 
        where
            blooddonat0_.donation_id=?
2022-03-27T10:35:12,022|[TRACE] BasicBinder -binding parameter [1] as [INTEGER] - [1]
2022-03-27T10:35:12,024|[DEBUG] SQL -
    /* load bloodbank.entity.DonationRecord */ select
        donationre0_.record_id as record_i1_4_1_,
        donationre0_.created as created2_4_1_,
        donationre0_.updated as updated3_4_1_,
        donationre0_.version as version4_4_1_,
        donationre0_.donation_id as donation6_4_1_,
        donationre0_.person_id as person_i7_4_1_,
        donationre0_.tested as tested5_4_1_,
        person1_.id as id1_5_0_,
        person1_.created as created2_5_0_,
        person1_.updated as updated3_5_0_,
        person1_.version as version4_5_0_,
        person1_.first_name as first_na5_5_0_,
        person1_.last_name as last_nam6_5_0_ 
    from
        donation_record donationre0_ 
    inner join
        person person1_ 
            on donationre0_.person_id=person1_.id 
    where
        donationre0_.donation_id=?
2022-03-27T10:35:12,024|[TRACE] BasicBinder -binding parameter [1] as [INTEGER] - [1]
2022-03-27T10:35:12,027|[DEBUG] SQL -
    /* insert bloodbank.entity.PublicBloodBank
        */ insert 
        into
            blood_bank
            (created, updated, version, name, privately_owned) 
        values
            (?, ?, ?, ?, 0)
2022-03-27T10:35:12,027|[TRACE] BasicBinder -binding parameter [1] as [TIMESTAMP] - [2022-03-27T10:35:12.026592700]
2022-03-27T10:35:12,028|[TRACE] BasicBinder -binding parameter [2] as [TIMESTAMP] - [2022-03-27T10:35:12.026592700]
2022-03-27T10:35:12,028|[TRACE] BasicBinder -binding parameter [3] as [INTEGER] - [0]
2022-03-27T10:35:12,028|[TRACE] BasicBinder -binding parameter [4] as [VARCHAR] - [Wealth]
2022-03-27T10:35:12,031|[DEBUG] SQL -
    /* insert bloodbank.entity.BloodDonation
        */ insert 
        into
            blood_donation
            (created, updated, version, bank_id, blood_group, rhd, milliliters) 
        values
            (?, ?, ?, ?, ?, ?, ?)
2022-03-27T10:35:12,031|[TRACE] BasicBinder -binding parameter [1] as [TIMESTAMP] - [2022-03-27T10:35:12.026592700]
2022-03-27T10:35:12,032|[TRACE] BasicBinder -binding parameter [2] as [TIMESTAMP] - [2022-03-27T10:35:12.026592700]
2022-03-27T10:35:12,032|[TRACE] BasicBinder -binding parameter [3] as [INTEGER] - [0]
2022-03-27T10:35:12,032|[TRACE] BasicBinder -binding parameter [4] as [INTEGER] - [2]
2022-03-27T10:35:12,032|[TRACE] BasicBinder -binding parameter [5] as [VARCHAR] - [O]
2022-03-27T10:35:12,032|[TRACE] BasicBinder -binding parameter [6] as [TINYINT] - [0]
2022-03-27T10:35:12,032|[TRACE] BasicBinder -binding parameter [7] as [INTEGER] - [50]
2022-03-27T10:35:12,041|[DEBUG] SQL -
    select
        bloodbank0_.bank_id as bank_id2_1_0_,
        bloodbank0_.created as created3_1_0_,
        bloodbank0_.updated as updated4_1_0_,
        bloodbank0_.version as version5_1_0_,
        bloodbank0_.name as name6_1_0_,
        bloodbank0_.privately_owned as privatel1_1_0_ 
    from
        blood_bank bloodbank0_ 
    where
        bloodbank0_.bank_id=?
2022-03-27T10:35:12,041|[TRACE] BasicBinder -binding parameter [1] as [INTEGER] - [1]
2022-03-27T10:35:12,043|[DEBUG] SQL -
    select
        donations0_.bank_id as bank_id8_2_0_,
        donations0_.donation_id as donation1_2_0_,
        donations0_.donation_id as donation1_2_1_,
        donations0_.created as created2_2_1_,
        donations0_.updated as updated3_2_1_,
        donations0_.version as version4_2_1_,
        donations0_.bank_id as bank_id8_2_1_,
        donations0_.blood_group as blood_gr5_2_1_,
        donations0_.rhd as rhd6_2_1_,
        donations0_.milliliters as millilit7_2_1_,
        donationre1_.record_id as record_i1_4_2_,
        donationre1_.created as created2_4_2_,
        donationre1_.updated as updated3_4_2_,
        donationre1_.version as version4_4_2_,
        donationre1_.donation_id as donation6_4_2_,
        donationre1_.person_id as person_i7_4_2_,
        donationre1_.tested as tested5_4_2_,
        person2_.id as id1_5_3_,
        person2_.created as created2_5_3_,
        person2_.updated as updated3_5_3_,
        person2_.version as version4_5_3_,
        person2_.first_name as first_na5_5_3_,
        person2_.last_name as last_nam6_5_3_ 
    from
        blood_donation donations0_ 
    left outer join
        donation_record donationre1_ 
            on donations0_.donation_id=donationre1_.donation_id 
    left outer join
        person person2_ 
            on donationre1_.person_id=person2_.id 
    where
        donations0_.bank_id=?
2022-03-27T10:35:12,043|[TRACE] BasicBinder -binding parameter [1] as [INTEGER] - [1]
2022-03-27T10:35:12,045|[DEBUG] SQL -
    /* delete bloodbank.entity.BloodDonation */ delete 
        from
            blood_donation 
        where
            donation_id=? 
            and version=?
2022-03-27T10:35:12,046|[TRACE] BasicBinder -binding parameter [1] as [INTEGER] - [1]
2022-03-27T10:35:12,046|[TRACE] BasicBinder -binding parameter [2] as [INTEGER] - [1]
2022-03-27T10:35:12,047|[DEBUG] SQL -
    /* delete bloodbank.entity.PrivateBloodBank */ delete 
        from
            blood_bank 
        where
            bank_id=? 
            and version=?
2022-03-27T10:35:12,047|[TRACE] BasicBinder -binding parameter [1] as [INTEGER] - [1]
2022-03-27T10:35:12,047|[TRACE] BasicBinder -binding parameter [2] as [INTEGER] - [1]
2022-03-27T10:35:12,051|[DEBUG] SQL -
    /* select
        count(generatedAlias0) 
    from
        BloodDonation as generatedAlias0 
    where
        generatedAlias0.id=:id */ select
            count(blooddonat0_.donation_id) as col_0_0_ 
        from
            blood_donation blooddonat0_ 
        where
            blooddonat0_.donation_id=?
2022-03-27T10:35:12,056|[TRACE] BasicBinder -binding parameter [1] as [INTEGER] - [1]
2022-03-27T10:35:12,059|[DEBUG] SQL -
    /* select
        count(generatedAlias0) 
    from
        BloodDonation as generatedAlias0 
    where
        generatedAlias0.id=:id */ select
            count(blooddonat0_.donation_id) as col_0_0_ 
        from
            blood_donation blooddonat0_ 
        where
            blooddonat0_.donation_id=?
2022-03-27T10:35:12,063|[TRACE] BasicBinder -binding parameter [1] as [INTEGER] - [2]
]]></system-out>
  </testcase>
</testsuite>